<?xml version="1.0" encoding="utf-8"?>
<CoverageSession xmlns:xsd="http://www.w3.org/2001/XMLSchema" xmlns:xsi="http://www.w3.org/2001/XMLSchema-instance" Version="0.0.0.0">
  <Summary numSequencePoints="1961" visitedSequencePoints="1578" numBranchPoints="0" visitedBranchPoints="0" sequenceCoverage="80.47" branchCoverage="0.0" maxCyclomaticComplexity="15" minCyclomaticComplexity="1" maxCrapScore="67.40" minCrapScore="1" visitedClasses="116" numClasses="123" visitedMethods="280" numMethods="310" />
  <Modules>
    <Module>
      <Summary numSequencePoints="1168" visitedSequencePoints="835" numBranchPoints="0" visitedBranchPoints="0" sequenceCoverage="71.49" branchCoverage="0.0" maxCyclomaticComplexity="15" minCyclomaticComplexity="1" maxCrapScore="67.40" minCrapScore="1" visitedClasses="48" numClasses="55" visitedMethods="145" numMethods="154" />
      <ModuleTime>0001-01-01T00:00:00</ModuleTime>
      <ModuleName>com.futureverse.ubf.runtime</ModuleName>
      <Files>
        <File uid="7" fullPath="/github/workspace/Assets/Plugins/UBF/Runtime/3D/UbfMeshInstantiator.cs" />
        <File uid="8" fullPath="/github/workspace/Assets/Plugins/UBF/Runtime/Utils/RigUtils.cs" />
        <File uid="9" fullPath="/github/workspace/Assets/Plugins/UBF/Runtime/Builtin/ResourceLoading/CreateGLBResource.cs" />
        <File uid="10" fullPath="/github/workspace/Assets/Plugins/UBF/Runtime/Builtin/ResourceLoading/CreateMeshResource.cs" />
        <File uid="11" fullPath="/github/workspace/Assets/Plugins/UBF/Runtime/3D/GLBReference.cs" />
        <File uid="12" fullPath="/github/workspace/Assets/Plugins/UBF/Runtime/3D/MeshConfig.cs" />
        <File uid="13" fullPath="/github/workspace/Assets/Plugins/UBF/Runtime/ACustomExecNode.cs" />
        <File uid="14" fullPath="/github/workspace/Assets/Plugins/UBF/Runtime/ACustomNode.cs" />
        <File uid="15" fullPath="/github/workspace/Assets/Plugins/UBF/Runtime/Blueprint.cs" />
        <File uid="16" fullPath="/github/workspace/Assets/Plugins/UBF/Runtime/Dynamic.cs" />
        <File uid="17" fullPath="/github/workspace/Assets/Plugins/UBF/Runtime/ExecutionContext.cs" />
        <File uid="18" fullPath="/github/workspace/Assets/Plugins/UBF/Runtime/Registry.cs" />
        <File uid="19" fullPath="/github/workspace/Assets/Plugins/UBF/Runtime/ResourceId.cs" />
        <File uid="20" fullPath="/github/workspace/Assets/Plugins/UBF/Runtime/Systems/PlayerLoop.cs" />
        <File uid="21" fullPath="/github/workspace/Assets/Plugins/UBF/Runtime/Systems/UBFPlayerLoopSystem.cs" />
        <File uid="22" fullPath="/github/workspace/Assets/Plugins/UBF/Runtime/Utils/VersionUtils.cs" />
        <File uid="23" fullPath="/github/workspace/Assets/Plugins/UBF/Runtime/Utils/CoroutineHost.cs" />
        <File uid="24" fullPath="/github/workspace/Assets/Plugins/UBF/Runtime/Utils/DynamicUtils.cs" />
        <File uid="25" fullPath="/github/workspace/Assets/Plugins/UBF/Runtime/Utils/UbfLogger.cs" />
        <File uid="26" fullPath="/github/workspace/Assets/Plugins/UBF/Runtime/Utils/WaitForTask.cs" />
        <File uid="27" fullPath="/github/workspace/Assets/Plugins/UBF/Runtime/Settings/UBFSettings.cs" />
        <File uid="28" fullPath="/github/workspace/Assets/Plugins/UBF/Runtime/Settings/UBFSettingsProvider.cs" />
        <File uid="29" fullPath="/github/workspace/Assets/Plugins/UBF/Runtime/Native/Memory.cs" />
        <File uid="30" fullPath="/github/workspace/Assets/Plugins/UBF/Runtime/Execution/ResourceLoading/BasicResource.cs" />
        <File uid="31" fullPath="/github/workspace/Assets/Plugins/UBF/Runtime/Execution/ResourceLoading/CatalogData.cs" />
        <File uid="32" fullPath="/github/workspace/Assets/Plugins/UBF/Runtime/Execution/ResourceLoading/IAssetImportSettings.cs" />
        <File uid="33" fullPath="/github/workspace/Assets/Plugins/UBF/Runtime/Execution/ResourceLoading/IDataLoader.cs" />
        <File uid="34" fullPath="/github/workspace/Assets/Plugins/UBF/Runtime/Execution/ResourceLoading/IDownloader.cs" />
        <File uid="35" fullPath="/github/workspace/Assets/Plugins/UBF/Runtime/Execution/ResourceLoading/InMemoryCache.cs" />
        <File uid="36" fullPath="/github/workspace/Assets/Plugins/UBF/Runtime/Execution/ResourceLoading/ReadThroughCache.cs" />
        <File uid="37" fullPath="/github/workspace/Assets/Plugins/UBF/Runtime/Execution/ResourceLoading/ResourceLoader.cs" />
        <File uid="38" fullPath="/github/workspace/Assets/Plugins/UBF/Runtime/Execution/ResourceLoading/UriUtils.cs" />
        <File uid="39" fullPath="/github/workspace/Assets/Plugins/UBF/Runtime/Execution/ArtifactProvider.cs" />
        <File uid="40" fullPath="/github/workspace/Assets/Plugins/UBF/Runtime/Execution/ExecutionResult.cs" />
        <File uid="41" fullPath="/github/workspace/Assets/Plugins/UBF/Runtime/Execution/IBlueprintInstanceData.cs" />
        <File uid="42" fullPath="/github/workspace/Assets/Plugins/UBF/Runtime/Execution/IExecutionConfig.cs" />
        <File uid="43" fullPath="/github/workspace/Assets/Plugins/UBF/Runtime/Execution/IExecutionData.cs" />
        <File uid="44" fullPath="/github/workspace/Assets/Plugins/UBF/Runtime/Execution/UBFRuntimeController.cs" />
        <File uid="45" fullPath="/github/workspace/Assets/Plugins/UBF/Runtime/Builtin/BindMeshes.cs" />
        <File uid="46" fullPath="/github/workspace/Assets/Plugins/UBF/Runtime/Builtin/CreateMeshConfig.cs" />
        <File uid="47" fullPath="/github/workspace/Assets/Plugins/UBF/Runtime/Builtin/CreateSceneNode.cs" />
        <File uid="48" fullPath="/github/workspace/Assets/Plugins/UBF/Runtime/Builtin/DebugLog.cs" />
        <File uid="49" fullPath="/github/workspace/Assets/Plugins/UBF/Runtime/Builtin/ExecuteBlueprint.cs" />
        <File uid="50" fullPath="/github/workspace/Assets/Plugins/UBF/Runtime/Builtin/FindRenderer.cs" />
        <File uid="51" fullPath="/github/workspace/Assets/Plugins/UBF/Runtime/Builtin/FindSceneNodes.cs" />
        <File uid="52" fullPath="/github/workspace/Assets/Plugins/UBF/Runtime/Builtin/Material/ApplyMaterial.cs" />
        <File uid="53" fullPath="/github/workspace/Assets/Plugins/UBF/Runtime/Builtin/Material/MakeDecalMaterial.cs" />
        <File uid="54" fullPath="/github/workspace/Assets/Plugins/UBF/Runtime/Builtin/Material/MakeFurMaterial.cs" />
        <File uid="55" fullPath="/github/workspace/Assets/Plugins/UBF/Runtime/Builtin/Material/MakeHairMaterial.cs" />
        <File uid="56" fullPath="/github/workspace/Assets/Plugins/UBF/Runtime/Builtin/Material/MakeMaterialBase.cs" />
        <File uid="57" fullPath="/github/workspace/Assets/Plugins/UBF/Runtime/Builtin/Material/MakePBRMaterial.cs" />
        <File uid="58" fullPath="/github/workspace/Assets/Plugins/UBF/Runtime/Builtin/Material/MakeSkin02Material.cs" />
        <File uid="59" fullPath="/github/workspace/Assets/Plugins/UBF/Runtime/Builtin/Material/MakeSkinMaterial.cs" />
        <File uid="60" fullPath="/github/workspace/Assets/Plugins/UBF/Runtime/Builtin/Model/SpawnMesh.cs" />
        <File uid="61" fullPath="/github/workspace/Assets/Plugins/UBF/Runtime/Builtin/Model/SpawnModel.cs" />
        <File uid="62" fullPath="/github/workspace/Assets/Plugins/UBF/Runtime/Builtin/Model/SpawnModelWithLods.cs" />
        <File uid="63" fullPath="/github/workspace/Assets/Plugins/UBF/Runtime/Builtin/ResourceLoading/CreateTextureResource.cs" />
        <File uid="64" fullPath="/github/workspace/Assets/Plugins/UBF/Runtime/Builtin/SetBlendShape.cs" />
        <File uid="65" fullPath="/github/workspace/Assets/Plugins/UBF/Runtime/Builtin/SetSceneNodeEnabled.cs" />
        <File uid="66" fullPath="/github/workspace/Assets/Plugins/UBF/Runtime/Builtin/SetTextureSettings.cs" />
        <File uid="67" fullPath="/github/workspace/Assets/Plugins/UBF/Runtime/Builtin/TransformPositionNode.cs" />
        <File uid="68" fullPath="/github/workspace/Assets/Plugins/UBF/Runtime/Builtin/TransformRotationNode.cs" />
        <File uid="69" fullPath="/github/workspace/Assets/Plugins/UBF/Runtime/Builtin/TransformScaleNode.cs" />
        <File uid="70" fullPath="/github/workspace/Assets/Plugins/UBF/Runtime/Builtin/ResourceLoading/CreateBlueprintResource.cs" />
        <File uid="71" fullPath="/github/workspace/Assets/Plugins/UBF/Runtime/Execution/UBFExecutor.cs" />
      </Files>
      <Classes>
        <Class>
          <Summary numSequencePoints="7" visitedSequencePoints="4" numBranchPoints="0" visitedBranchPoints="0" sequenceCoverage="57.14" branchCoverage="0.0" maxCyclomaticComplexity="2" minCyclomaticComplexity="1" maxCrapScore="2.50" minCrapScore="1" visitedClasses="1" numClasses="1" visitedMethods="2" numMethods="2" />
          <FullName>Futureverse.UBF.Runtime.GLBReference</FullName>
          <Methods>
            <Method visited="true" cyclomaticComplexity="2" nPathComplexity="0" sequenceCoverage="50.00" branchCoverage="0" crapScore="2.50" isConstructor="false" isStatic="false" isGetter="false" isSetter="false">
              <Summary numSequencePoints="6" visitedSequencePoints="3" numBranchPoints="0" visitedBranchPoints="0" sequenceCoverage="50.00" branchCoverage="0" maxCyclomaticComplexity="2" minCyclomaticComplexity="2" maxCrapScore="2.50" minCrapScore="2.50" visitedClasses="0" numClasses="0" visitedMethods="1" numMethods="1" />
              <MetadataToken>100663327</MetadataToken>
              <Name>System.Void Futureverse.UBF.Runtime.GLBReference::OnDestroy()</Name>
              <FileRef uid="11" />
              <SequencePoints>
                <SequencePoint vc="1" uspid="4438" ordinal="0" offset="0" sl="236" sc="3" el="236" ec="3" bec="0" bev="0" fileid="11" />
                <SequencePoint vc="1" uspid="4439" ordinal="0" offset="1" sl="237" sc="4" el="237" ec="4" bec="0" bev="0" fileid="11" />
                <SequencePoint vc="0" uspid="4440" ordinal="0" offset="16" sl="238" sc="4" el="238" ec="4" bec="0" bev="0" fileid="11" />
                <SequencePoint vc="0" uspid="4441" ordinal="0" offset="17" sl="239" sc="5" el="239" ec="5" bec="0" bev="0" fileid="11" />
                <SequencePoint vc="0" uspid="4442" ordinal="0" offset="29" sl="240" sc="4" el="240" ec="4" bec="0" bev="0" fileid="11" />
                <SequencePoint vc="1" uspid="4443" ordinal="0" offset="30" sl="241" sc="3" el="241" ec="3" bec="0" bev="0" fileid="11" />
              </SequencePoints>
              <BranchPoints />
            </Method>
            <Method visited="true" cyclomaticComplexity="1" nPathComplexity="0" sequenceCoverage="100.0" branchCoverage="0" crapScore="1" isConstructor="true" isStatic="false" isGetter="false" isSetter="false">
              <Summary numSequencePoints="1" visitedSequencePoints="1" numBranchPoints="0" visitedBranchPoints="0" sequenceCoverage="100.0" branchCoverage="0" maxCyclomaticComplexity="1" minCyclomaticComplexity="1" maxCrapScore="1" minCrapScore="1" visitedClasses="0" numClasses="0" visitedMethods="1" numMethods="1" />
              <MetadataToken>100663328</MetadataToken>
              <Name>Futureverse.UBF.Runtime.GLBReference::GLBReference()</Name>
              <FileRef uid="11" />
              <SequencePoints>
                <SequencePoint vc="1" uspid="4444" ordinal="0" offset="0" sl="54" sc="3" el="54" ec="3" bec="0" bev="0" fileid="11" />
              </SequencePoints>
              <BranchPoints />
            </Method>
          </Methods>
        </Class>
        <Class>
          <Summary numSequencePoints="12" visitedSequencePoints="12" numBranchPoints="0" visitedBranchPoints="0" sequenceCoverage="100.0" branchCoverage="0.0" maxCyclomaticComplexity="2" minCyclomaticComplexity="1" maxCrapScore="2" minCrapScore="1" visitedClasses="1" numClasses="1" visitedMethods="3" numMethods="3" />
          <FullName>Futureverse.UBF.Runtime.ACustomExecNode</FullName>
          <Methods>
            <Method visited="true" cyclomaticComplexity="1" nPathComplexity="0" sequenceCoverage="100.0" branchCoverage="0" crapScore="1" isConstructor="false" isStatic="false" isGetter="false" isSetter="false">
              <Summary numSequencePoints="1" visitedSequencePoints="1" numBranchPoints="0" visitedBranchPoints="0" sequenceCoverage="100.0" branchCoverage="0" maxCyclomaticComplexity="1" minCyclomaticComplexity="1" maxCrapScore="1" minCrapScore="1" visitedClasses="0" numClasses="0" visitedMethods="1" numMethods="1" />
              <MetadataToken>100663336</MetadataToken>
              <Name>System.Boolean Futureverse.UBF.Runtime.ACustomExecNode::Trigger(System.String)</Name>
              <FileRef uid="13" />
              <SequencePoints>
                <SequencePoint vc="20" uspid="4447" ordinal="0" offset="0" sl="47" sc="7" el="47" ec="7" bec="0" bev="0" fileid="13" />
              </SequencePoints>
              <BranchPoints />
            </Method>
            <Method visited="true" cyclomaticComplexity="2" nPathComplexity="0" sequenceCoverage="100.0" branchCoverage="0" crapScore="2" isConstructor="false" isStatic="false" isGetter="false" isSetter="false">
              <Summary numSequencePoints="6" visitedSequencePoints="6" numBranchPoints="0" visitedBranchPoints="0" sequenceCoverage="100.0" branchCoverage="0" maxCyclomaticComplexity="2" minCyclomaticComplexity="2" maxCrapScore="2" minCrapScore="2" visitedClasses="0" numClasses="0" visitedMethods="1" numMethods="1" />
              <MetadataToken>100663339</MetadataToken>
              <Name>System.Void Futureverse.UBF.Runtime.ACustomExecNode::PostExecute()</Name>
              <FileRef uid="13" />
              <SequencePoints>
                <SequencePoint vc="20" uspid="4454" ordinal="0" offset="0" sl="72" sc="3" el="72" ec="3" bec="0" bev="0" fileid="13" />
                <SequencePoint vc="20" uspid="4455" ordinal="0" offset="1" sl="73" sc="4" el="73" ec="4" bec="0" bev="0" fileid="13" />
                <SequencePoint vc="20" uspid="4456" ordinal="0" offset="11" sl="74" sc="4" el="74" ec="4" bec="0" bev="0" fileid="13" />
                <SequencePoint vc="20" uspid="4457" ordinal="0" offset="12" sl="75" sc="5" el="75" ec="5" bec="0" bev="0" fileid="13" />
                <SequencePoint vc="20" uspid="4458" ordinal="0" offset="25" sl="76" sc="4" el="76" ec="4" bec="0" bev="0" fileid="13" />
                <SequencePoint vc="20" uspid="4459" ordinal="0" offset="26" sl="77" sc="3" el="77" ec="3" bec="0" bev="0" fileid="13" />
              </SequencePoints>
              <BranchPoints />
            </Method>
            <Method visited="true" cyclomaticComplexity="1" nPathComplexity="0" sequenceCoverage="100.0" branchCoverage="0" crapScore="1" isConstructor="true" isStatic="false" isGetter="false" isSetter="false">
              <Summary numSequencePoints="5" visitedSequencePoints="5" numBranchPoints="0" visitedBranchPoints="0" sequenceCoverage="100.0" branchCoverage="0" maxCyclomaticComplexity="1" minCyclomaticComplexity="1" maxCrapScore="1" minCrapScore="1" visitedClasses="0" numClasses="0" visitedMethods="1" numMethods="1" />
              <MetadataToken>100663334</MetadataToken>
              <Name>Futureverse.UBF.Runtime.ACustomExecNode::ACustomExecNode(Futureverse.UBF.Runtime.ACustomNode/Context)</Name>
              <FileRef uid="13" />
              <SequencePoints>
                <SequencePoint vc="20" uspid="4461" ordinal="0" offset="0" sl="14" sc="3" el="14" ec="3" bec="0" bev="0" fileid="13" />
                <SequencePoint vc="20" uspid="4462" ordinal="0" offset="7" sl="15" sc="3" el="15" ec="3" bec="0" bev="0" fileid="13" />
                <SequencePoint vc="20" uspid="4463" ordinal="0" offset="18" sl="12" sc="48" el="12" ec="48" bec="0" bev="0" fileid="13" />
                <SequencePoint vc="20" uspid="4464" ordinal="0" offset="26" sl="12" sc="62" el="12" ec="62" bec="0" bev="0" fileid="13" />
                <SequencePoint vc="20" uspid="4465" ordinal="0" offset="27" sl="12" sc="64" el="12" ec="64" bec="0" bev="0" fileid="13" />
              </SequencePoints>
              <BranchPoints />
            </Method>
          </Methods>
        </Class>
        <Class>
          <Summary numSequencePoints="33" visitedSequencePoints="31" numBranchPoints="0" visitedBranchPoints="0" sequenceCoverage="93.94" branchCoverage="0.0" maxCyclomaticComplexity="2" minCyclomaticComplexity="1" maxCrapScore="2.06" minCrapScore="1" visitedClasses="1" numClasses="1" visitedMethods="8" numMethods="8" />
          <FullName>Futureverse.UBF.Runtime.ACustomNode</FullName>
          <Methods>
            <Method visited="true" cyclomaticComplexity="1" nPathComplexity="0" sequenceCoverage="100.0" branchCoverage="0" crapScore="1" isConstructor="false" isStatic="false" isGetter="false" isSetter="false">
              <Summary numSequencePoints="1" visitedSequencePoints="1" numBranchPoints="0" visitedBranchPoints="0" sequenceCoverage="100.0" branchCoverage="0" maxCyclomaticComplexity="1" minCyclomaticComplexity="1" maxCrapScore="1" minCrapScore="1" visitedClasses="0" numClasses="0" visitedMethods="1" numMethods="1" />
              <MetadataToken>100663343</MetadataToken>
              <Name>System.Boolean Futureverse.UBF.Runtime.ACustomNode::TryRead[T](System.String, )</Name>
              <FileRef uid="14" />
              <SequencePoints>
                <SequencePoint vc="50" uspid="4467" ordinal="0" offset="0" sl="61" sc="0" el="61" ec="0" bec="0" bev="0" fileid="14" />
              </SequencePoints>
              <BranchPoints />
            </Method>
            <Method visited="true" cyclomaticComplexity="1" nPathComplexity="0" sequenceCoverage="100.0" branchCoverage="0" crapScore="1" isConstructor="false" isStatic="false" isGetter="false" isSetter="false">
              <Summary numSequencePoints="1" visitedSequencePoints="1" numBranchPoints="0" visitedBranchPoints="0" sequenceCoverage="100.0" branchCoverage="0" maxCyclomaticComplexity="1" minCyclomaticComplexity="1" maxCrapScore="1" minCrapScore="1" visitedClasses="0" numClasses="0" visitedMethods="1" numMethods="1" />
              <MetadataToken>100663344</MetadataToken>
              <Name>System.Boolean Futureverse.UBF.Runtime.ACustomNode::TryReadArray[T](System.String, )</Name>
              <FileRef uid="14" />
              <SequencePoints>
                <SequencePoint vc="1" uspid="4468" ordinal="0" offset="0" sl="71" sc="0" el="71" ec="0" bec="0" bev="0" fileid="14" />
              </SequencePoints>
              <BranchPoints />
            </Method>
            <Method visited="true" cyclomaticComplexity="1" nPathComplexity="0" sequenceCoverage="100.0" branchCoverage="0" crapScore="1" isConstructor="false" isStatic="false" isGetter="false" isSetter="false">
              <Summary numSequencePoints="3" visitedSequencePoints="3" numBranchPoints="0" visitedBranchPoints="0" sequenceCoverage="100.0" branchCoverage="0" maxCyclomaticComplexity="1" minCyclomaticComplexity="1" maxCrapScore="1" minCrapScore="1" visitedClasses="0" numClasses="0" visitedMethods="1" numMethods="1" />
              <MetadataToken>100663345</MetadataToken>
              <Name>System.Void Futureverse.UBF.Runtime.ACustomNode::WriteOutput(System.String, System.Object)</Name>
              <FileRef uid="14" />
              <SequencePoints>
                <SequencePoint vc="8" uspid="4469" ordinal="0" offset="0" sl="79" sc="3" el="79" ec="3" bec="0" bev="0" fileid="14" />
                <SequencePoint vc="8" uspid="4470" ordinal="0" offset="1" sl="80" sc="4" el="80" ec="4" bec="0" bev="0" fileid="14" />
                <SequencePoint vc="8" uspid="4471" ordinal="0" offset="31" sl="81" sc="3" el="81" ec="3" bec="0" bev="0" fileid="14" />
              </SequencePoints>
              <BranchPoints />
            </Method>
            <Method visited="true" cyclomaticComplexity="2" nPathComplexity="0" sequenceCoverage="75.00" branchCoverage="0" crapScore="2.06" isConstructor="false" isStatic="false" isGetter="false" isSetter="false">
              <Summary numSequencePoints="8" visitedSequencePoints="6" numBranchPoints="0" visitedBranchPoints="0" sequenceCoverage="75.00" branchCoverage="0" maxCyclomaticComplexity="2" minCyclomaticComplexity="2" maxCrapScore="2.06" minCrapScore="2.06" visitedClasses="0" numClasses="0" visitedMethods="1" numMethods="1" />
              <MetadataToken>100663346</MetadataToken>
              <Name>System.Boolean Futureverse.UBF.Runtime.ACustomNode::TryReadResourceId(System.String, Futureverse.UBF.Runtime.ResourceId&amp;)</Name>
              <FileRef uid="14" />
              <SequencePoints>
                <SequencePoint vc="2" uspid="4472" ordinal="0" offset="0" sl="90" sc="3" el="90" ec="3" bec="0" bev="0" fileid="14" />
                <SequencePoint vc="2" uspid="4473" ordinal="0" offset="1" sl="91" sc="4" el="91" ec="4" bec="0" bev="0" fileid="14" />
                <SequencePoint vc="2" uspid="4474" ordinal="0" offset="14" sl="92" sc="4" el="92" ec="4" bec="0" bev="0" fileid="14" />
                <SequencePoint vc="2" uspid="4475" ordinal="0" offset="15" sl="93" sc="5" el="93" ec="5" bec="0" bev="0" fileid="14" />
                <SequencePoint vc="2" uspid="4476" ordinal="0" offset="27" sl="94" sc="5" el="94" ec="5" bec="0" bev="0" fileid="14" />
                <SequencePoint vc="0" uspid="4477" ordinal="0" offset="31" sl="97" sc="4" el="97" ec="4" bec="0" bev="0" fileid="14" />
                <SequencePoint vc="0" uspid="4478" ordinal="0" offset="38" sl="98" sc="4" el="98" ec="4" bec="0" bev="0" fileid="14" />
                <SequencePoint vc="2" uspid="4479" ordinal="0" offset="42" sl="99" sc="3" el="99" ec="3" bec="0" bev="0" fileid="14" />
              </SequencePoints>
              <BranchPoints />
            </Method>
            <Method visited="true" cyclomaticComplexity="1" nPathComplexity="0" sequenceCoverage="100.0" branchCoverage="0" crapScore="1" isConstructor="false" isStatic="false" isGetter="false" isSetter="false">
              <Summary numSequencePoints="11" visitedSequencePoints="11" numBranchPoints="0" visitedBranchPoints="0" sequenceCoverage="100.0" branchCoverage="0" maxCyclomaticComplexity="1" minCyclomaticComplexity="1" maxCrapScore="1" minCrapScore="1" visitedClasses="0" numClasses="0" visitedMethods="1" numMethods="1" />
              <MetadataToken>100663347</MetadataToken>
              <Name>System.Void Futureverse.UBF.Runtime.ACustomNode::Execute(Futureverse.UBF.Runtime.UBFPlayerLoopSystem/CoroutineStatus)</Name>
              <FileRef uid="14" />
              <SequencePoints>
                <SequencePoint vc="22" uspid="4480" ordinal="0" offset="0" sl="105" sc="3" el="105" ec="3" bec="0" bev="0" fileid="14" />
                <SequencePoint vc="22" uspid="4481" ordinal="0" offset="1" sl="107" sc="4" el="107" ec="4" bec="0" bev="0" fileid="14" />
                <SequencePoint vc="22" uspid="4482" ordinal="0" offset="2" sl="108" sc="5" el="108" ec="5" bec="0" bev="0" fileid="14" />
                <SequencePoint vc="19" uspid="4483" ordinal="0" offset="9" sl="109" sc="5" el="109" ec="5" bec="0" bev="0" fileid="14" />
                <SequencePoint vc="19" uspid="4484" ordinal="0" offset="16" sl="110" sc="5" el="110" ec="5" bec="0" bev="0" fileid="14" />
                <SequencePoint vc="19" uspid="4485" ordinal="0" offset="23" sl="111" sc="4" el="111" ec="4" bec="0" bev="0" fileid="14" />
                <SequencePoint vc="3" uspid="4486" ordinal="0" offset="26" sl="112" sc="4" el="112" ec="4" bec="0" bev="0" fileid="14" />
                <SequencePoint vc="3" uspid="4487" ordinal="0" offset="27" sl="113" sc="4" el="113" ec="4" bec="0" bev="0" fileid="14" />
                <SequencePoint vc="3" uspid="4488" ordinal="0" offset="28" sl="114" sc="5" el="114" ec="5" bec="0" bev="0" fileid="14" />
                <SequencePoint vc="3" uspid="4489" ordinal="0" offset="46" sl="115" sc="4" el="115" ec="4" bec="0" bev="0" fileid="14" />
                <SequencePoint vc="22" uspid="4490" ordinal="0" offset="49" sl="116" sc="3" el="116" ec="3" bec="0" bev="0" fileid="14" />
              </SequencePoints>
              <BranchPoints />
            </Method>
            <Method visited="true" cyclomaticComplexity="1" nPathComplexity="0" sequenceCoverage="100.0" branchCoverage="0" crapScore="1" isConstructor="false" isStatic="false" isGetter="false" isSetter="false">
              <Summary numSequencePoints="3" visitedSequencePoints="3" numBranchPoints="0" visitedBranchPoints="0" sequenceCoverage="100.0" branchCoverage="0" maxCyclomaticComplexity="1" minCyclomaticComplexity="1" maxCrapScore="1" minCrapScore="1" visitedClasses="0" numClasses="0" visitedMethods="1" numMethods="1" />
              <MetadataToken>100663349</MetadataToken>
              <Name>System.Void Futureverse.UBF.Runtime.ACustomNode::PostExecute()</Name>
              <FileRef uid="14" />
              <SequencePoints>
                <SequencePoint vc="2" uspid="4491" ordinal="0" offset="0" sl="131" sc="3" el="131" ec="3" bec="0" bev="0" fileid="14" />
                <SequencePoint vc="2" uspid="4492" ordinal="0" offset="1" sl="132" sc="4" el="132" ec="4" bec="0" bev="0" fileid="14" />
                <SequencePoint vc="2" uspid="4493" ordinal="0" offset="3" sl="133" sc="3" el="133" ec="3" bec="0" bev="0" fileid="14" />
              </SequencePoints>
              <BranchPoints />
            </Method>
            <Method visited="true" cyclomaticComplexity="1" nPathComplexity="0" sequenceCoverage="100.0" branchCoverage="0" crapScore="1" isConstructor="false" isStatic="false" isGetter="false" isSetter="false">
              <Summary numSequencePoints="2" visitedSequencePoints="2" numBranchPoints="0" visitedBranchPoints="0" sequenceCoverage="100.0" branchCoverage="0" maxCyclomaticComplexity="1" minCyclomaticComplexity="1" maxCrapScore="1" minCrapScore="1" visitedClasses="0" numClasses="0" visitedMethods="1" numMethods="1" />
              <MetadataToken>100663350</MetadataToken>
              <Name>System.Void Futureverse.UBF.Runtime.ACustomNode::ExecuteSync()</Name>
              <FileRef uid="14" />
              <SequencePoints>
                <SequencePoint vc="3" uspid="4494" ordinal="0" offset="0" sl="139" sc="3" el="139" ec="3" bec="0" bev="0" fileid="14" />
                <SequencePoint vc="3" uspid="4495" ordinal="0" offset="1" sl="140" sc="4" el="140" ec="4" bec="0" bev="0" fileid="14" />
              </SequencePoints>
              <BranchPoints />
            </Method>
            <Method visited="true" cyclomaticComplexity="1" nPathComplexity="0" sequenceCoverage="100.0" branchCoverage="0" crapScore="1" isConstructor="true" isStatic="false" isGetter="false" isSetter="false">
              <Summary numSequencePoints="4" visitedSequencePoints="4" numBranchPoints="0" visitedBranchPoints="0" sequenceCoverage="100.0" branchCoverage="0" maxCyclomaticComplexity="1" minCyclomaticComplexity="1" maxCrapScore="1" minCrapScore="1" visitedClasses="0" numClasses="0" visitedMethods="1" numMethods="1" />
              <MetadataToken>100663341</MetadataToken>
              <Name>Futureverse.UBF.Runtime.ACustomNode::ACustomNode(Futureverse.UBF.Runtime.ACustomNode/Context)</Name>
              <FileRef uid="14" />
              <SequencePoints>
                <SequencePoint vc="22" uspid="4496" ordinal="0" offset="0" sl="39" sc="3" el="39" ec="3" bec="0" bev="0" fileid="14" />
                <SequencePoint vc="22" uspid="4497" ordinal="0" offset="7" sl="40" sc="3" el="40" ec="3" bec="0" bev="0" fileid="14" />
                <SequencePoint vc="22" uspid="4498" ordinal="0" offset="8" sl="41" sc="4" el="41" ec="4" bec="0" bev="0" fileid="14" />
                <SequencePoint vc="22" uspid="4499" ordinal="0" offset="15" sl="42" sc="3" el="42" ec="3" bec="0" bev="0" fileid="14" />
              </SequencePoints>
              <BranchPoints />
            </Method>
          </Methods>
        </Class>
        <Class>
          <Summary numSequencePoints="94" visitedSequencePoints="71" numBranchPoints="0" visitedBranchPoints="0" sequenceCoverage="75.53" branchCoverage="0.0" maxCyclomaticComplexity="5" minCyclomaticComplexity="1" maxCrapScore="5.34" minCrapScore="1" visitedClasses="1" numClasses="1" visitedMethods="8" numMethods="8" />
          <FullName>Futureverse.UBF.Runtime.Blueprint</FullName>
          <Methods>
            <Method visited="true" cyclomaticComplexity="1" nPathComplexity="0" sequenceCoverage="100.0" branchCoverage="0" crapScore="1" isConstructor="false" isStatic="false" isGetter="false" isSetter="false">
              <Summary numSequencePoints="3" visitedSequencePoints="3" numBranchPoints="0" visitedBranchPoints="0" sequenceCoverage="100.0" branchCoverage="0" maxCyclomaticComplexity="1" minCyclomaticComplexity="1" maxCrapScore="1" minCrapScore="1" visitedClasses="0" numClasses="0" visitedMethods="1" numMethods="1" />
              <MetadataToken>100663352</MetadataToken>
              <Name>System.Void Futureverse.UBF.Runtime.Blueprint::RegisterVariable(System.String, System.Object)</Name>
              <FileRef uid="15" />
              <SequencePoints>
                <SequencePoint vc="9" uspid="4500" ordinal="0" offset="0" sl="28" sc="3" el="28" ec="3" bec="0" bev="0" fileid="15" />
                <SequencePoint vc="9" uspid="4501" ordinal="0" offset="1" sl="30" sc="4" el="30" ec="4" bec="0" bev="0" fileid="15" />
                <SequencePoint vc="9" uspid="4502" ordinal="0" offset="15" sl="31" sc="3" el="31" ec="3" bec="0" bev="0" fileid="15" />
              </SequencePoints>
              <BranchPoints />
            </Method>
            <Method visited="true" cyclomaticComplexity="5" nPathComplexity="0" sequenceCoverage="81.82" branchCoverage="0" crapScore="5.15" isConstructor="false" isStatic="false" isGetter="true" isSetter="false">
              <Summary numSequencePoints="11" visitedSequencePoints="9" numBranchPoints="0" visitedBranchPoints="0" sequenceCoverage="81.82" branchCoverage="0" maxCyclomaticComplexity="5" minCyclomaticComplexity="5" maxCrapScore="5.15" minCrapScore="5.15" visitedClasses="0" numClasses="0" visitedMethods="1" numMethods="1" />
              <MetadataToken>100663357</MetadataToken>
              <Name>System.Version Futureverse.UBF.Runtime.Blueprint::get_Version()</Name>
              <FileRef uid="15" />
              <SequencePoints>
                <SequencePoint vc="167" uspid="4537" ordinal="0" offset="0" sl="130" sc="4" el="130" ec="4" bec="0" bev="0" fileid="15" />
                <SequencePoint vc="167" uspid="4538" ordinal="0" offset="1" sl="131" sc="5" el="131" ec="5" bec="0" bev="0" fileid="15" />
                <SequencePoint vc="83" uspid="4539" ordinal="0" offset="17" sl="132" sc="5" el="132" ec="5" bec="0" bev="0" fileid="15" />
                <SequencePoint vc="83" uspid="4540" ordinal="0" offset="18" sl="133" sc="6" el="133" ec="6" bec="0" bev="0" fileid="15" />
                <SequencePoint vc="84" uspid="4541" ordinal="0" offset="28" sl="136" sc="5" el="136" ec="5" bec="0" bev="0" fileid="15" />
                <SequencePoint vc="84" uspid="4542" ordinal="0" offset="31" sl="138" sc="5" el="138" ec="5" bec="0" bev="0" fileid="15" />
                <SequencePoint vc="0" uspid="4543" ordinal="0" offset="57" sl="139" sc="5" el="139" ec="5" bec="0" bev="0" fileid="15" />
                <SequencePoint vc="0" uspid="4544" ordinal="0" offset="58" sl="140" sc="6" el="140" ec="6" bec="0" bev="0" fileid="15" />
                <SequencePoint vc="84" uspid="4545" ordinal="0" offset="63" sl="143" sc="5" el="143" ec="5" bec="0" bev="0" fileid="15" />
                <SequencePoint vc="84" uspid="4546" ordinal="0" offset="73" sl="144" sc="5" el="144" ec="5" bec="0" bev="0" fileid="15" />
                <SequencePoint vc="167" uspid="4547" ordinal="0" offset="100" sl="145" sc="4" el="145" ec="4" bec="0" bev="0" fileid="15" />
              </SequencePoints>
              <BranchPoints />
            </Method>
            <Method visited="true" cyclomaticComplexity="5" nPathComplexity="0" sequenceCoverage="100.0" branchCoverage="0" crapScore="5" isConstructor="false" isStatic="true" isGetter="false" isSetter="false">
              <Summary numSequencePoints="16" visitedSequencePoints="16" numBranchPoints="0" visitedBranchPoints="0" sequenceCoverage="100.0" branchCoverage="0" maxCyclomaticComplexity="5" minCyclomaticComplexity="5" maxCrapScore="5" minCrapScore="5" visitedClasses="0" numClasses="0" visitedMethods="1" numMethods="1" />
              <MetadataToken>100663360</MetadataToken>
              <Name>static System.Boolean Futureverse.UBF.Runtime.Blueprint::TryLoad(System.String, System.String, Futureverse.UBF.Runtime.Blueprint&amp;, Futureverse.UBF.Runtime.Registry)</Name>
              <FileRef uid="15" />
              <SequencePoints>
                <SequencePoint vc="85" uspid="4553" ordinal="0" offset="0" sl="175" sc="3" el="175" ec="3" bec="0" bev="0" fileid="15" />
                <SequencePoint vc="85" uspid="4554" ordinal="0" offset="1" sl="176" sc="4" el="176" ec="4" bec="0" bev="0" fileid="15" />
                <SequencePoint vc="85" uspid="4555" ordinal="0" offset="14" sl="177" sc="11" el="177" ec="11" bec="0" bev="0" fileid="15" />
                <SequencePoint vc="85" uspid="4556" ordinal="0" offset="28" sl="178" sc="4" el="178" ec="4" bec="0" bev="0" fileid="15" />
                <SequencePoint vc="85" uspid="4557" ordinal="0" offset="29" sl="179" sc="5" el="179" ec="5" bec="0" bev="0" fileid="15" />
                <SequencePoint vc="85" uspid="4558" ordinal="0" offset="60" sl="185" sc="5" el="185" ec="5" bec="0" bev="0" fileid="15" />
                <SequencePoint vc="1" uspid="4559" ordinal="0" offset="71" sl="186" sc="5" el="186" ec="5" bec="0" bev="0" fileid="15" />
                <SequencePoint vc="1" uspid="4560" ordinal="0" offset="72" sl="187" sc="6" el="187" ec="6" bec="0" bev="0" fileid="15" />
                <SequencePoint vc="1" uspid="4561" ordinal="0" offset="75" sl="188" sc="6" el="188" ec="6" bec="0" bev="0" fileid="15" />
                <SequencePoint vc="84" uspid="4562" ordinal="0" offset="80" sl="191" sc="5" el="191" ec="5" bec="0" bev="0" fileid="15" />
                <SequencePoint vc="84" uspid="4563" ordinal="0" offset="89" sl="192" sc="5" el="192" ec="5" bec="0" bev="0" fileid="15" />
                <SequencePoint vc="1" uspid="4564" ordinal="0" offset="110" sl="193" sc="5" el="193" ec="5" bec="0" bev="0" fileid="15" />
                <SequencePoint vc="1" uspid="4565" ordinal="0" offset="111" sl="194" sc="6" el="194" ec="6" bec="0" bev="0" fileid="15" />
                <SequencePoint vc="1" uspid="4566" ordinal="0" offset="134" sl="195" sc="6" el="195" ec="6" bec="0" bev="0" fileid="15" />
                <SequencePoint vc="83" uspid="4567" ordinal="0" offset="139" sl="198" sc="5" el="198" ec="5" bec="0" bev="0" fileid="15" />
                <SequencePoint vc="85" uspid="4568" ordinal="0" offset="144" sl="200" sc="3" el="200" ec="3" bec="0" bev="0" fileid="15" />
              </SequencePoints>
              <BranchPoints />
            </Method>
            <Method visited="true" cyclomaticComplexity="5" nPathComplexity="0" sequenceCoverage="100.0" branchCoverage="0" crapScore="5" isConstructor="false" isStatic="false" isGetter="false" isSetter="false">
              <Summary numSequencePoints="7" visitedSequencePoints="7" numBranchPoints="0" visitedBranchPoints="0" sequenceCoverage="100.0" branchCoverage="0" maxCyclomaticComplexity="5" minCyclomaticComplexity="5" maxCrapScore="5" minCrapScore="5" visitedClasses="0" numClasses="0" visitedMethods="1" numMethods="1" />
              <MetadataToken>100663361</MetadataToken>
              <Name>Futureverse.UBF.Runtime.ExecutionContext Futureverse.UBF.Runtime.Blueprint::Execute(Futureverse.UBF.Runtime.Execution.IExecutionConfig, System.String, System.Action, System.Action[String,UInt32], System.Action[String,UInt32])</Name>
              <FileRef uid="15" />
              <SequencePoints>
                <SequencePoint vc="82" uspid="4569" ordinal="0" offset="0" sl="208" sc="3" el="208" ec="3" bec="0" bev="0" fileid="15" />
                <SequencePoint vc="82" uspid="4570" ordinal="0" offset="1" sl="209" sc="4" el="209" ec="4" bec="0" bev="0" fileid="15" />
                <SequencePoint vc="82" uspid="4571" ordinal="0" offset="13" sl="210" sc="4" el="210" ec="4" bec="0" bev="0" fileid="15" />
                <SequencePoint vc="82" uspid="4572" ordinal="0" offset="48" sl="219" sc="11" el="219" ec="11" bec="0" bev="0" fileid="15" />
                <SequencePoint vc="82" uspid="4573" ordinal="0" offset="62" sl="220" sc="4" el="220" ec="4" bec="0" bev="0" fileid="15" />
                <SequencePoint vc="82" uspid="4574" ordinal="0" offset="63" sl="221" sc="5" el="221" ec="5" bec="0" bev="0" fileid="15" />
                <SequencePoint vc="82" uspid="4575" ordinal="0" offset="162" sl="235" sc="3" el="235" ec="3" bec="0" bev="0" fileid="15" />
              </SequencePoints>
              <BranchPoints />
            </Method>
            <Method visited="true" cyclomaticComplexity="4" nPathComplexity="0" sequenceCoverage="56.25" branchCoverage="0" crapScore="5.34" isConstructor="false" isStatic="true" isGetter="false" isSetter="false">
              <Summary numSequencePoints="16" visitedSequencePoints="9" numBranchPoints="0" visitedBranchPoints="0" sequenceCoverage="56.25" branchCoverage="0" maxCyclomaticComplexity="4" minCyclomaticComplexity="4" maxCrapScore="5.34" minCrapScore="5.34" visitedClasses="0" numClasses="0" visitedMethods="1" numMethods="1" />
              <MetadataToken>100663362</MetadataToken>
              <Name>static System.Void Futureverse.UBF.Runtime.Blueprint::OnGraphComplete(Futureverse.UBF.Runtime.Native.FFI.Dynamic*)</Name>
              <FileRef uid="15" />
              <SequencePoints>
                <SequencePoint vc="82" uspid="4576" ordinal="0" offset="0" sl="239" sc="3" el="239" ec="3" bec="0" bev="0" fileid="15" />
                <SequencePoint vc="82" uspid="4577" ordinal="0" offset="1" sl="240" sc="4" el="240" ec="4" bec="0" bev="0" fileid="15" />
                <SequencePoint vc="82" uspid="4578" ordinal="0" offset="8" sl="241" sc="4" el="241" ec="4" bec="0" bev="0" fileid="15" />
                <SequencePoint vc="82" uspid="4579" ordinal="0" offset="20" sl="242" sc="4" el="242" ec="4" bec="0" bev="0" fileid="15" />
                <SequencePoint vc="82" uspid="4580" ordinal="0" offset="21" sl="245" sc="5" el="245" ec="5" bec="0" bev="0" fileid="15" />
                <SequencePoint vc="82" uspid="4581" ordinal="0" offset="22" sl="246" sc="6" el="246" ec="6" bec="0" bev="0" fileid="15" />
                <SequencePoint vc="82" uspid="4582" ordinal="0" offset="34" sl="247" sc="5" el="247" ec="5" bec="0" bev="0" fileid="15" />
                <SequencePoint vc="0" uspid="4583" ordinal="0" offset="37" sl="248" sc="5" el="248" ec="5" bec="0" bev="0" fileid="15" />
                <SequencePoint vc="0" uspid="4584" ordinal="0" offset="38" sl="249" sc="5" el="249" ec="5" bec="0" bev="0" fileid="15" />
                <SequencePoint vc="0" uspid="4585" ordinal="0" offset="39" sl="250" sc="6" el="250" ec="6" bec="0" bev="0" fileid="15" />
                <SequencePoint vc="0" uspid="4586" ordinal="0" offset="68" sl="251" sc="5" el="251" ec="5" bec="0" bev="0" fileid="15" />
                <SequencePoint vc="82" uspid="4587" ordinal="0" offset="71" sl="252" sc="4" el="252" ec="4" bec="0" bev="0" fileid="15" />
                <SequencePoint vc="0" uspid="4588" ordinal="0" offset="74" sl="254" sc="4" el="254" ec="4" bec="0" bev="0" fileid="15" />
                <SequencePoint vc="0" uspid="4589" ordinal="0" offset="75" sl="256" sc="5" el="256" ec="5" bec="0" bev="0" fileid="15" />
                <SequencePoint vc="0" uspid="4590" ordinal="0" offset="86" sl="259" sc="4" el="259" ec="4" bec="0" bev="0" fileid="15" />
                <SequencePoint vc="82" uspid="4591" ordinal="0" offset="87" sl="260" sc="3" el="260" ec="3" bec="0" bev="0" fileid="15" />
              </SequencePoints>
              <BranchPoints />
            </Method>
            <Method visited="true" cyclomaticComplexity="4" nPathComplexity="0" sequenceCoverage="58.82" branchCoverage="0" crapScore="5.12" isConstructor="false" isStatic="true" isGetter="false" isSetter="false">
              <Summary numSequencePoints="17" visitedSequencePoints="10" numBranchPoints="0" visitedBranchPoints="0" sequenceCoverage="58.82" branchCoverage="0" maxCyclomaticComplexity="4" minCyclomaticComplexity="4" maxCrapScore="5.12" minCrapScore="5.12" visitedClasses="0" numClasses="0" visitedMethods="1" numMethods="1" />
              <MetadataToken>100663363</MetadataToken>
              <Name>static System.Void Futureverse.UBF.Runtime.Blueprint::OnNodeComplete(System.Byte*, System.Int32, System.UInt32, Futureverse.UBF.Runtime.Native.FFI.Dynamic*)</Name>
              <FileRef uid="15" />
              <SequencePoints>
                <SequencePoint vc="381" uspid="4592" ordinal="0" offset="0" sl="268" sc="3" el="268" ec="3" bec="0" bev="0" fileid="15" />
                <SequencePoint vc="381" uspid="4593" ordinal="0" offset="1" sl="269" sc="4" el="269" ec="4" bec="0" bev="0" fileid="15" />
                <SequencePoint vc="381" uspid="4594" ordinal="0" offset="8" sl="270" sc="4" el="270" ec="4" bec="0" bev="0" fileid="15" />
                <SequencePoint vc="381" uspid="4595" ordinal="0" offset="20" sl="271" sc="4" el="271" ec="4" bec="0" bev="0" fileid="15" />
                <SequencePoint vc="381" uspid="4596" ordinal="0" offset="21" sl="274" sc="5" el="274" ec="5" bec="0" bev="0" fileid="15" />
                <SequencePoint vc="381" uspid="4597" ordinal="0" offset="22" sl="275" sc="6" el="275" ec="6" bec="0" bev="0" fileid="15" />
                <SequencePoint vc="381" uspid="4598" ordinal="0" offset="35" sl="276" sc="6" el="276" ec="6" bec="0" bev="0" fileid="15" />
                <SequencePoint vc="381" uspid="4599" ordinal="0" offset="49" sl="277" sc="5" el="277" ec="5" bec="0" bev="0" fileid="15" />
                <SequencePoint vc="0" uspid="4600" ordinal="0" offset="52" sl="278" sc="5" el="278" ec="5" bec="0" bev="0" fileid="15" />
                <SequencePoint vc="0" uspid="4601" ordinal="0" offset="54" sl="279" sc="5" el="279" ec="5" bec="0" bev="0" fileid="15" />
                <SequencePoint vc="0" uspid="4602" ordinal="0" offset="55" sl="280" sc="6" el="280" ec="6" bec="0" bev="0" fileid="15" />
                <SequencePoint vc="0" uspid="4603" ordinal="0" offset="85" sl="281" sc="5" el="281" ec="5" bec="0" bev="0" fileid="15" />
                <SequencePoint vc="381" uspid="4604" ordinal="0" offset="88" sl="282" sc="4" el="282" ec="4" bec="0" bev="0" fileid="15" />
                <SequencePoint vc="0" uspid="4605" ordinal="0" offset="91" sl="284" sc="4" el="284" ec="4" bec="0" bev="0" fileid="15" />
                <SequencePoint vc="0" uspid="4606" ordinal="0" offset="92" sl="286" sc="5" el="286" ec="5" bec="0" bev="0" fileid="15" />
                <SequencePoint vc="0" uspid="4607" ordinal="0" offset="103" sl="289" sc="4" el="289" ec="4" bec="0" bev="0" fileid="15" />
                <SequencePoint vc="381" uspid="4608" ordinal="0" offset="104" sl="290" sc="3" el="290" ec="3" bec="0" bev="0" fileid="15" />
              </SequencePoints>
              <BranchPoints />
            </Method>
            <Method visited="true" cyclomaticComplexity="4" nPathComplexity="0" sequenceCoverage="61.11" branchCoverage="0" crapScore="4.94" isConstructor="false" isStatic="true" isGetter="false" isSetter="false">
              <Summary numSequencePoints="18" visitedSequencePoints="11" numBranchPoints="0" visitedBranchPoints="0" sequenceCoverage="61.11" branchCoverage="0" maxCyclomaticComplexity="4" minCyclomaticComplexity="4" maxCrapScore="4.94" minCrapScore="4.94" visitedClasses="0" numClasses="0" visitedMethods="1" numMethods="1" />
              <MetadataToken>100663364</MetadataToken>
              <Name>static System.Void Futureverse.UBF.Runtime.Blueprint::OnNodeStart(System.Byte*, System.Int32, System.UInt32, Futureverse.UBF.Runtime.Native.FFI.Dynamic*)</Name>
              <FileRef uid="15" />
              <SequencePoints>
                <SequencePoint vc="381" uspid="4609" ordinal="0" offset="0" sl="298" sc="3" el="298" ec="3" bec="0" bev="0" fileid="15" />
                <SequencePoint vc="381" uspid="4610" ordinal="0" offset="1" sl="299" sc="4" el="299" ec="4" bec="0" bev="0" fileid="15" />
                <SequencePoint vc="381" uspid="4611" ordinal="0" offset="8" sl="300" sc="4" el="300" ec="4" bec="0" bev="0" fileid="15" />
                <SequencePoint vc="381" uspid="4612" ordinal="0" offset="20" sl="301" sc="4" el="301" ec="4" bec="0" bev="0" fileid="15" />
                <SequencePoint vc="381" uspid="4613" ordinal="0" offset="21" sl="302" sc="5" el="302" ec="5" bec="0" bev="0" fileid="15" />
                <SequencePoint vc="381" uspid="4614" ordinal="0" offset="34" sl="306" sc="5" el="306" ec="5" bec="0" bev="0" fileid="15" />
                <SequencePoint vc="381" uspid="4615" ordinal="0" offset="35" sl="307" sc="6" el="307" ec="6" bec="0" bev="0" fileid="15" />
                <SequencePoint vc="381" uspid="4616" ordinal="0" offset="48" sl="308" sc="6" el="308" ec="6" bec="0" bev="0" fileid="15" />
                <SequencePoint vc="381" uspid="4617" ordinal="0" offset="62" sl="309" sc="5" el="309" ec="5" bec="0" bev="0" fileid="15" />
                <SequencePoint vc="0" uspid="4618" ordinal="0" offset="65" sl="310" sc="5" el="310" ec="5" bec="0" bev="0" fileid="15" />
                <SequencePoint vc="0" uspid="4619" ordinal="0" offset="67" sl="311" sc="5" el="311" ec="5" bec="0" bev="0" fileid="15" />
                <SequencePoint vc="0" uspid="4620" ordinal="0" offset="68" sl="312" sc="6" el="312" ec="6" bec="0" bev="0" fileid="15" />
                <SequencePoint vc="0" uspid="4621" ordinal="0" offset="98" sl="313" sc="5" el="313" ec="5" bec="0" bev="0" fileid="15" />
                <SequencePoint vc="381" uspid="4622" ordinal="0" offset="101" sl="314" sc="4" el="314" ec="4" bec="0" bev="0" fileid="15" />
                <SequencePoint vc="0" uspid="4623" ordinal="0" offset="104" sl="316" sc="4" el="316" ec="4" bec="0" bev="0" fileid="15" />
                <SequencePoint vc="0" uspid="4624" ordinal="0" offset="105" sl="318" sc="5" el="318" ec="5" bec="0" bev="0" fileid="15" />
                <SequencePoint vc="0" uspid="4625" ordinal="0" offset="116" sl="321" sc="4" el="321" ec="4" bec="0" bev="0" fileid="15" />
                <SequencePoint vc="381" uspid="4626" ordinal="0" offset="117" sl="322" sc="3" el="322" ec="3" bec="0" bev="0" fileid="15" />
              </SequencePoints>
              <BranchPoints />
            </Method>
            <Method visited="true" cyclomaticComplexity="1" nPathComplexity="0" sequenceCoverage="100.0" branchCoverage="0" crapScore="1" isConstructor="true" isStatic="false" isGetter="false" isSetter="false">
              <Summary numSequencePoints="6" visitedSequencePoints="6" numBranchPoints="0" visitedBranchPoints="0" sequenceCoverage="100.0" branchCoverage="0" maxCyclomaticComplexity="1" minCyclomaticComplexity="1" maxCrapScore="1" minCrapScore="1" visitedClasses="0" numClasses="0" visitedMethods="1" numMethods="1" />
              <MetadataToken>100663358</MetadataToken>
              <Name>Futureverse.UBF.Runtime.Blueprint::Blueprint(Futureverse.UBF.Runtime.Native.FFI.GraphInstance*, System.String)</Name>
              <FileRef uid="15" />
              <SequencePoints>
                <SequencePoint vc="84" uspid="4627" ordinal="0" offset="0" sl="24" sc="3" el="24" ec="3" bec="0" bev="0" fileid="15" />
                <SequencePoint vc="84" uspid="4628" ordinal="0" offset="11" sl="148" sc="3" el="148" ec="3" bec="0" bev="0" fileid="15" />
                <SequencePoint vc="84" uspid="4629" ordinal="0" offset="18" sl="149" sc="3" el="149" ec="3" bec="0" bev="0" fileid="15" />
                <SequencePoint vc="84" uspid="4630" ordinal="0" offset="19" sl="150" sc="4" el="150" ec="4" bec="0" bev="0" fileid="15" />
                <SequencePoint vc="84" uspid="4631" ordinal="0" offset="26" sl="151" sc="4" el="151" ec="4" bec="0" bev="0" fileid="15" />
                <SequencePoint vc="84" uspid="4632" ordinal="0" offset="33" sl="152" sc="3" el="152" ec="3" bec="0" bev="0" fileid="15" />
              </SequencePoints>
              <BranchPoints />
            </Method>
          </Methods>
        </Class>
        <Class>
          <Summary numSequencePoints="10" visitedSequencePoints="10" numBranchPoints="0" visitedBranchPoints="0" sequenceCoverage="100.0" branchCoverage="0.0" maxCyclomaticComplexity="1" minCyclomaticComplexity="1" maxCrapScore="1" minCrapScore="1" visitedClasses="1" numClasses="1" visitedMethods="5" numMethods="5" />
          <FullName>Futureverse.UBF.Runtime.BlueprintExecutionTask</FullName>
          <Methods>
            <Method visited="true" cyclomaticComplexity="1" nPathComplexity="0" sequenceCoverage="100.0" branchCoverage="0" crapScore="1" isConstructor="false" isStatic="false" isGetter="true" isSetter="false">
              <Summary numSequencePoints="1" visitedSequencePoints="1" numBranchPoints="0" visitedBranchPoints="0" sequenceCoverage="100.0" branchCoverage="0" maxCyclomaticComplexity="1" minCyclomaticComplexity="1" maxCrapScore="1" minCrapScore="1" visitedClasses="0" numClasses="0" visitedMethods="1" numMethods="1" />
              <MetadataToken>100663366</MetadataToken>
              <Name>System.Boolean Futureverse.UBF.Runtime.BlueprintExecutionTask::get_keepWaiting()</Name>
              <FileRef uid="15" />
              <SequencePoints>
                <SequencePoint vc="165" uspid="4633" ordinal="0" offset="0" sl="337" sc="39" el="337" ec="39" bec="0" bev="0" fileid="15" />
              </SequencePoints>
              <BranchPoints />
            </Method>
            <Method visited="true" cyclomaticComplexity="1" nPathComplexity="0" sequenceCoverage="100.0" branchCoverage="0" crapScore="1" isConstructor="false" isStatic="false" isGetter="true" isSetter="false">
              <Summary numSequencePoints="1" visitedSequencePoints="1" numBranchPoints="0" visitedBranchPoints="0" sequenceCoverage="100.0" branchCoverage="0" maxCyclomaticComplexity="1" minCyclomaticComplexity="1" maxCrapScore="1" minCrapScore="1" visitedClasses="0" numClasses="0" visitedMethods="1" numMethods="1" />
              <MetadataToken>100663367</MetadataToken>
              <Name>Futureverse.UBF.Runtime.ExecutionContext Futureverse.UBF.Runtime.BlueprintExecutionTask::get_ExecutionContext()</Name>
              <FileRef uid="15" />
              <SequencePoints>
                <SequencePoint vc="76" uspid="4634" ordinal="0" offset="0" sl="339" sc="46" el="339" ec="46" bec="0" bev="0" fileid="15" />
              </SequencePoints>
              <BranchPoints />
            </Method>
            <Method visited="true" cyclomaticComplexity="1" nPathComplexity="0" sequenceCoverage="100.0" branchCoverage="0" crapScore="1" isConstructor="false" isStatic="false" isGetter="false" isSetter="true">
              <Summary numSequencePoints="1" visitedSequencePoints="1" numBranchPoints="0" visitedBranchPoints="0" sequenceCoverage="100.0" branchCoverage="0" maxCyclomaticComplexity="1" minCyclomaticComplexity="1" maxCrapScore="1" minCrapScore="1" visitedClasses="0" numClasses="0" visitedMethods="1" numMethods="1" />
              <MetadataToken>100663368</MetadataToken>
              <Name>System.Void Futureverse.UBF.Runtime.BlueprintExecutionTask::set_ExecutionContext(Futureverse.UBF.Runtime.ExecutionContext)</Name>
              <FileRef uid="15" />
              <SequencePoints>
                <SequencePoint vc="82" uspid="4635" ordinal="0" offset="0" sl="339" sc="51" el="339" ec="51" bec="0" bev="0" fileid="15" />
              </SequencePoints>
              <BranchPoints />
            </Method>
            <Method visited="true" cyclomaticComplexity="1" nPathComplexity="0" sequenceCoverage="100.0" branchCoverage="0" crapScore="1" isConstructor="false" isStatic="false" isGetter="false" isSetter="false">
              <Summary numSequencePoints="3" visitedSequencePoints="3" numBranchPoints="0" visitedBranchPoints="0" sequenceCoverage="100.0" branchCoverage="0" maxCyclomaticComplexity="1" minCyclomaticComplexity="1" maxCrapScore="1" minCrapScore="1" visitedClasses="0" numClasses="0" visitedMethods="1" numMethods="1" />
              <MetadataToken>100663369</MetadataToken>
              <Name>System.Void Futureverse.UBF.Runtime.BlueprintExecutionTask::&lt;.ctor&gt;b__0_0()</Name>
              <FileRef uid="15" />
              <SequencePoints>
                <SequencePoint vc="82" uspid="4636" ordinal="0" offset="0" sl="332" sc="28" el="332" ec="28" bec="0" bev="0" fileid="15" />
                <SequencePoint vc="82" uspid="4637" ordinal="0" offset="1" sl="332" sc="30" el="332" ec="30" bec="0" bev="0" fileid="15" />
                <SequencePoint vc="82" uspid="4638" ordinal="0" offset="8" sl="332" sc="46" el="332" ec="46" bec="0" bev="0" fileid="15" />
              </SequencePoints>
              <BranchPoints />
            </Method>
            <Method visited="true" cyclomaticComplexity="1" nPathComplexity="0" sequenceCoverage="100.0" branchCoverage="0" crapScore="1" isConstructor="true" isStatic="false" isGetter="false" isSetter="false">
              <Summary numSequencePoints="4" visitedSequencePoints="4" numBranchPoints="0" visitedBranchPoints="0" sequenceCoverage="100.0" branchCoverage="0" maxCyclomaticComplexity="1" minCyclomaticComplexity="1" maxCrapScore="1" minCrapScore="1" visitedClasses="0" numClasses="0" visitedMethods="1" numMethods="1" />
              <MetadataToken>100663365</MetadataToken>
              <Name>Futureverse.UBF.Runtime.BlueprintExecutionTask::BlueprintExecutionTask(Futureverse.UBF.Runtime.Blueprint, Futureverse.UBF.Runtime.Execution.IExecutionConfig, System.String)</Name>
              <FileRef uid="15" />
              <SequencePoints>
                <SequencePoint vc="82" uspid="4639" ordinal="0" offset="0" sl="327" sc="3" el="327" ec="3" bec="0" bev="0" fileid="15" />
                <SequencePoint vc="82" uspid="4640" ordinal="0" offset="7" sl="328" sc="3" el="328" ec="3" bec="0" bev="0" fileid="15" />
                <SequencePoint vc="82" uspid="4641" ordinal="0" offset="8" sl="329" sc="4" el="329" ec="4" bec="0" bev="0" fileid="15" />
                <SequencePoint vc="82" uspid="4642" ordinal="0" offset="37" sl="334" sc="3" el="334" ec="3" bec="0" bev="0" fileid="15" />
              </SequencePoints>
              <BranchPoints />
            </Method>
          </Methods>
        </Class>
        <Class>
          <Summary numSequencePoints="211" visitedSequencePoints="179" numBranchPoints="0" visitedBranchPoints="0" sequenceCoverage="84.83" branchCoverage="0.0" maxCyclomaticComplexity="12" minCyclomaticComplexity="1" maxCrapScore="14.03" minCrapScore="1" visitedClasses="1" numClasses="1" visitedMethods="23" numMethods="23" />
          <FullName>Futureverse.UBF.Runtime.Dynamic</FullName>
          <Methods>
            <Method visited="true" cyclomaticComplexity="4" nPathComplexity="0" sequenceCoverage="87.50" branchCoverage="0" crapScore="4.03" isConstructor="false" isStatic="false" isGetter="false" isSetter="false">
              <Summary numSequencePoints="16" visitedSequencePoints="14" numBranchPoints="0" visitedBranchPoints="0" sequenceCoverage="87.50" branchCoverage="0" maxCyclomaticComplexity="4" minCyclomaticComplexity="4" maxCrapScore="4.03" minCrapScore="4.03" visitedClasses="0" numClasses="0" visitedMethods="1" numMethods="1" />
              <MetadataToken>100663374</MetadataToken>
              <Name>System.Void Futureverse.UBF.Runtime.Dynamic::ForEach(Futureverse.UBF.Runtime.Dynamic/ArrayIterator)</Name>
              <FileRef uid="16" />
              <SequencePoints>
                <SequencePoint vc="6" uspid="4658" ordinal="0" offset="0" sl="98" sc="3" el="98" ec="3" bec="0" bev="0" fileid="16" />
                <SequencePoint vc="6" uspid="4659" ordinal="0" offset="1" sl="99" sc="4" el="99" ec="4" bec="0" bev="0" fileid="16" />
                <SequencePoint vc="0" uspid="4660" ordinal="0" offset="17" sl="100" sc="4" el="100" ec="4" bec="0" bev="0" fileid="16" />
                <SequencePoint vc="0" uspid="4661" ordinal="0" offset="18" sl="101" sc="5" el="101" ec="5" bec="0" bev="0" fileid="16" />
                <SequencePoint vc="6" uspid="4662" ordinal="0" offset="20" sl="104" sc="4" el="104" ec="4" bec="0" bev="0" fileid="16" />
                <SequencePoint vc="6" uspid="4663" ordinal="0" offset="26" sl="105" sc="4" el="105" ec="4" bec="0" bev="0" fileid="16" />
                <SequencePoint vc="6" uspid="4664" ordinal="0" offset="33" sl="106" sc="4" el="106" ec="4" bec="0" bev="0" fileid="16" />
                <SequencePoint vc="6" uspid="4665" ordinal="0" offset="63" sl="107" sc="4" el="107" ec="4" bec="0" bev="0" fileid="16" />
                <SequencePoint vc="6" uspid="4666" ordinal="0" offset="71" sl="109" sc="4" el="109" ec="4" bec="0" bev="0" fileid="16" />
                <SequencePoint vc="6" uspid="4667" ordinal="0" offset="72" sl="109" sc="28" el="109" ec="28" bec="0" bev="0" fileid="16" />
                <SequencePoint vc="12" uspid="4668" ordinal="0" offset="81" sl="109" sc="13" el="109" ec="13" bec="0" bev="0" fileid="16" />
                <SequencePoint vc="12" uspid="4669" ordinal="0" offset="90" sl="110" sc="4" el="110" ec="4" bec="0" bev="0" fileid="16" />
                <SequencePoint vc="12" uspid="4670" ordinal="0" offset="91" sl="111" sc="5" el="111" ec="5" bec="0" bev="0" fileid="16" />
                <SequencePoint vc="12" uspid="4671" ordinal="0" offset="105" sl="112" sc="4" el="112" ec="4" bec="0" bev="0" fileid="16" />
                <SequencePoint vc="18" uspid="4672" ordinal="0" offset="106" sl="109" sc="25" el="109" ec="25" bec="0" bev="0" fileid="16" />
                <SequencePoint vc="6" uspid="4673" ordinal="0" offset="132" sl="113" sc="3" el="113" ec="3" bec="0" bev="0" fileid="16" />
              </SequencePoints>
              <BranchPoints />
            </Method>
            <Method visited="true" cyclomaticComplexity="1" nPathComplexity="0" sequenceCoverage="100.0" branchCoverage="0" crapScore="1" isConstructor="false" isStatic="true" isGetter="false" isSetter="false">
              <Summary numSequencePoints="6" visitedSequencePoints="6" numBranchPoints="0" visitedBranchPoints="0" sequenceCoverage="100.0" branchCoverage="0" maxCyclomaticComplexity="1" minCyclomaticComplexity="1" maxCrapScore="1" minCrapScore="1" visitedClasses="0" numClasses="0" visitedMethods="1" numMethods="1" />
              <MetadataToken>100663375</MetadataToken>
              <Name>static System.Boolean Futureverse.UBF.Runtime.Dynamic::IterateArrayCallback(System.IntPtr, Futureverse.UBF.Runtime.Native.FFI.Dynamic*)</Name>
              <FileRef uid="16" />
              <SequencePoints>
                <SequencePoint vc="12" uspid="4674" ordinal="0" offset="0" sl="117" sc="3" el="117" ec="3" bec="0" bev="0" fileid="16" />
                <SequencePoint vc="12" uspid="4675" ordinal="0" offset="1" sl="118" sc="4" el="118" ec="4" bec="0" bev="0" fileid="16" />
                <SequencePoint vc="12" uspid="4676" ordinal="0" offset="8" sl="119" sc="4" el="119" ec="4" bec="0" bev="0" fileid="16" />
                <SequencePoint vc="12" uspid="4677" ordinal="0" offset="28" sl="121" sc="4" el="121" ec="4" bec="0" bev="0" fileid="16" />
                <SequencePoint vc="12" uspid="4678" ordinal="0" offset="36" sl="122" sc="4" el="122" ec="4" bec="0" bev="0" fileid="16" />
                <SequencePoint vc="12" uspid="4679" ordinal="0" offset="40" sl="123" sc="3" el="123" ec="3" bec="0" bev="0" fileid="16" />
              </SequencePoints>
              <BranchPoints />
            </Method>
            <Method visited="true" cyclomaticComplexity="1" nPathComplexity="0" sequenceCoverage="100.0" branchCoverage="0" crapScore="1" isConstructor="false" isStatic="false" isGetter="false" isSetter="false">
              <Summary numSequencePoints="1" visitedSequencePoints="1" numBranchPoints="0" visitedBranchPoints="0" sequenceCoverage="100.0" branchCoverage="0" maxCyclomaticComplexity="1" minCyclomaticComplexity="1" maxCrapScore="1" minCrapScore="1" visitedClasses="0" numClasses="0" visitedMethods="1" numMethods="1" />
              <MetadataToken>100663376</MetadataToken>
              <Name>System.Boolean Futureverse.UBF.Runtime.Dynamic::TryDeref[T]()</Name>
              <FileRef uid="16" />
              <SequencePoints>
                <SequencePoint vc="866" uspid="4680" ordinal="0" offset="0" sl="126" sc="0" el="126" ec="0" bec="0" bev="0" fileid="16" />
              </SequencePoints>
              <BranchPoints />
            </Method>
            <Method visited="true" cyclomaticComplexity="2" nPathComplexity="0" sequenceCoverage="69.23" branchCoverage="0" crapScore="2.12" isConstructor="false" isStatic="false" isGetter="false" isSetter="false">
              <Summary numSequencePoints="13" visitedSequencePoints="9" numBranchPoints="0" visitedBranchPoints="0" sequenceCoverage="69.23" branchCoverage="0" maxCyclomaticComplexity="2" minCyclomaticComplexity="2" maxCrapScore="2.12" minCrapScore="2.12" visitedClasses="0" numClasses="0" visitedMethods="1" numMethods="1" />
              <MetadataToken>100663377</MetadataToken>
              <Name>System.Boolean Futureverse.UBF.Runtime.Dynamic::TryDerefImpl[T]()</Name>
              <FileRef uid="16" />
              <SequencePoints>
                <SequencePoint vc="889" uspid="4681" ordinal="0" offset="0" sl="129" sc="0" el="129" ec="0" bec="0" bev="0" fileid="16" />
                <SequencePoint vc="889" uspid="4682" ordinal="0" offset="1" sl="130" sc="0" el="130" ec="0" bec="0" bev="0" fileid="16" />
                <SequencePoint vc="10" uspid="4683" ordinal="0" offset="17" sl="131" sc="0" el="131" ec="0" bec="0" bev="0" fileid="16" />
                <SequencePoint vc="10" uspid="4684" ordinal="0" offset="18" sl="132" sc="0" el="132" ec="0" bec="0" bev="0" fileid="16" />
                <SequencePoint vc="10" uspid="4685" ordinal="0" offset="25" sl="133" sc="0" el="133" ec="0" bec="0" bev="0" fileid="16" />
                <SequencePoint vc="879" uspid="4686" ordinal="0" offset="30" sl="137" sc="0" el="137" ec="0" bec="0" bev="0" fileid="16" />
                <SequencePoint vc="879" uspid="4687" ordinal="0" offset="31" sl="138" sc="0" el="138" ec="0" bec="0" bev="0" fileid="16" />
                <SequencePoint vc="879" uspid="4688" ordinal="0" offset="61" sl="140" sc="0" el="140" ec="0" bec="0" bev="0" fileid="16" />
                <SequencePoint vc="0" uspid="4689" ordinal="0" offset="78" sl="142" sc="0" el="142" ec="0" bec="0" bev="0" fileid="16" />
                <SequencePoint vc="0" uspid="4690" ordinal="0" offset="79" sl="143" sc="0" el="143" ec="0" bec="0" bev="0" fileid="16" />
                <SequencePoint vc="0" uspid="4691" ordinal="0" offset="80" sl="144" sc="0" el="144" ec="0" bec="0" bev="0" fileid="16" />
                <SequencePoint vc="0" uspid="4692" ordinal="0" offset="87" sl="145" sc="0" el="145" ec="0" bec="0" bev="0" fileid="16" />
                <SequencePoint vc="889" uspid="4693" ordinal="0" offset="91" sl="147" sc="0" el="147" ec="0" bec="0" bev="0" fileid="16" />
              </SequencePoints>
              <BranchPoints />
            </Method>
            <Method visited="true" cyclomaticComplexity="2" nPathComplexity="0" sequenceCoverage="100.0" branchCoverage="0" crapScore="2" isConstructor="false" isStatic="true" isGetter="false" isSetter="false">
              <Summary numSequencePoints="5" visitedSequencePoints="5" numBranchPoints="0" visitedBranchPoints="0" sequenceCoverage="100.0" branchCoverage="0" maxCyclomaticComplexity="2" minCyclomaticComplexity="2" maxCrapScore="2" minCrapScore="2" visitedClasses="0" numClasses="0" visitedMethods="1" numMethods="1" />
              <MetadataToken>100663378</MetadataToken>
              <Name>static Futureverse.UBF.Runtime.Dynamic Futureverse.UBF.Runtime.Dynamic::String(System.String)</Name>
              <FileRef uid="16" />
              <SequencePoints>
                <SequencePoint vc="5" uspid="4694" ordinal="0" offset="0" sl="155" sc="3" el="155" ec="3" bec="0" bev="0" fileid="16" />
                <SequencePoint vc="5" uspid="4695" ordinal="0" offset="3" sl="156" sc="11" el="156" ec="11" bec="0" bev="0" fileid="16" />
                <SequencePoint vc="5" uspid="4696" ordinal="0" offset="17" sl="157" sc="4" el="157" ec="4" bec="0" bev="0" fileid="16" />
                <SequencePoint vc="5" uspid="4697" ordinal="0" offset="18" sl="158" sc="5" el="158" ec="5" bec="0" bev="0" fileid="16" />
                <SequencePoint vc="5" uspid="4698" ordinal="0" offset="48" sl="160" sc="3" el="160" ec="3" bec="0" bev="0" fileid="16" />
              </SequencePoints>
              <BranchPoints />
            </Method>
            <Method visited="true" cyclomaticComplexity="1" nPathComplexity="0" sequenceCoverage="100.0" branchCoverage="0" crapScore="1" isConstructor="false" isStatic="false" isGetter="false" isSetter="false">
              <Summary numSequencePoints="1" visitedSequencePoints="1" numBranchPoints="0" visitedBranchPoints="0" sequenceCoverage="100.0" branchCoverage="0" maxCyclomaticComplexity="1" minCyclomaticComplexity="1" maxCrapScore="1" minCrapScore="1" visitedClasses="0" numClasses="0" visitedMethods="1" numMethods="1" />
              <MetadataToken>100663379</MetadataToken>
              <Name>System.Boolean Futureverse.UBF.Runtime.Dynamic::Push(Futureverse.UBF.Runtime.Dynamic)</Name>
              <FileRef uid="16" />
              <SequencePoints>
                <SequencePoint vc="10" uspid="4699" ordinal="0" offset="0" sl="168" sc="7" el="168" ec="7" bec="0" bev="0" fileid="16" />
              </SequencePoints>
              <BranchPoints />
            </Method>
            <Method visited="true" cyclomaticComplexity="3" nPathComplexity="0" sequenceCoverage="100.0" branchCoverage="0" crapScore="3" isConstructor="false" isStatic="false" isGetter="false" isSetter="false">
              <Summary numSequencePoints="11" visitedSequencePoints="11" numBranchPoints="0" visitedBranchPoints="0" sequenceCoverage="100.0" branchCoverage="0" maxCyclomaticComplexity="3" minCyclomaticComplexity="3" maxCrapScore="3" minCrapScore="3" visitedClasses="0" numClasses="0" visitedMethods="1" numMethods="1" />
              <MetadataToken>100663380</MetadataToken>
              <Name>System.Boolean Futureverse.UBF.Runtime.Dynamic::TryGet(System.String, Futureverse.UBF.Runtime.Dynamic&amp;)</Name>
              <FileRef uid="16" />
              <SequencePoints>
                <SequencePoint vc="3" uspid="4700" ordinal="0" offset="0" sl="177" sc="3" el="177" ec="3" bec="0" bev="0" fileid="16" />
                <SequencePoint vc="3" uspid="4701" ordinal="0" offset="3" sl="178" sc="11" el="178" ec="11" bec="0" bev="0" fileid="16" />
                <SequencePoint vc="3" uspid="4702" ordinal="0" offset="17" sl="179" sc="4" el="179" ec="4" bec="0" bev="0" fileid="16" />
                <SequencePoint vc="3" uspid="4703" ordinal="0" offset="18" sl="181" sc="5" el="181" ec="5" bec="0" bev="0" fileid="16" />
                <SequencePoint vc="1" uspid="4704" ordinal="0" offset="43" sl="187" sc="5" el="187" ec="5" bec="0" bev="0" fileid="16" />
                <SequencePoint vc="1" uspid="4705" ordinal="0" offset="44" sl="188" sc="6" el="188" ec="6" bec="0" bev="0" fileid="16" />
                <SequencePoint vc="1" uspid="4706" ordinal="0" offset="52" sl="189" sc="6" el="189" ec="6" bec="0" bev="0" fileid="16" />
                <SequencePoint vc="2" uspid="4707" ordinal="0" offset="57" sl="191" sc="4" el="191" ec="4" bec="0" bev="0" fileid="16" />
                <SequencePoint vc="2" uspid="4708" ordinal="0" offset="60" sl="193" sc="4" el="193" ec="4" bec="0" bev="0" fileid="16" />
                <SequencePoint vc="2" uspid="4709" ordinal="0" offset="63" sl="194" sc="4" el="194" ec="4" bec="0" bev="0" fileid="16" />
                <SequencePoint vc="3" uspid="4710" ordinal="0" offset="68" sl="195" sc="3" el="195" ec="3" bec="0" bev="0" fileid="16" />
              </SequencePoints>
              <BranchPoints />
            </Method>
            <Method visited="true" cyclomaticComplexity="2" nPathComplexity="0" sequenceCoverage="100.0" branchCoverage="0" crapScore="2" isConstructor="false" isStatic="false" isGetter="false" isSetter="false">
              <Summary numSequencePoints="5" visitedSequencePoints="5" numBranchPoints="0" visitedBranchPoints="0" sequenceCoverage="100.0" branchCoverage="0" maxCyclomaticComplexity="2" minCyclomaticComplexity="2" maxCrapScore="2" minCrapScore="2" visitedClasses="0" numClasses="0" visitedMethods="1" numMethods="1" />
              <MetadataToken>100663381</MetadataToken>
              <Name>System.Boolean Futureverse.UBF.Runtime.Dynamic::TrySet(System.String, Futureverse.UBF.Runtime.Dynamic)</Name>
              <FileRef uid="16" />
              <SequencePoints>
                <SequencePoint vc="11" uspid="4711" ordinal="0" offset="0" sl="204" sc="3" el="204" ec="3" bec="0" bev="0" fileid="16" />
                <SequencePoint vc="11" uspid="4712" ordinal="0" offset="3" sl="205" sc="11" el="205" ec="11" bec="0" bev="0" fileid="16" />
                <SequencePoint vc="11" uspid="4713" ordinal="0" offset="17" sl="206" sc="4" el="206" ec="4" bec="0" bev="0" fileid="16" />
                <SequencePoint vc="11" uspid="4714" ordinal="0" offset="18" sl="207" sc="5" el="207" ec="5" bec="0" bev="0" fileid="16" />
                <SequencePoint vc="11" uspid="4715" ordinal="0" offset="45" sl="214" sc="3" el="214" ec="3" bec="0" bev="0" fileid="16" />
              </SequencePoints>
              <BranchPoints />
            </Method>
            <Method visited="true" cyclomaticComplexity="4" nPathComplexity="0" sequenceCoverage="75.00" branchCoverage="0" crapScore="4.25" isConstructor="false" isStatic="false" isGetter="false" isSetter="false">
              <Summary numSequencePoints="20" visitedSequencePoints="15" numBranchPoints="0" visitedBranchPoints="0" sequenceCoverage="75.00" branchCoverage="0" maxCyclomaticComplexity="4" minCyclomaticComplexity="4" maxCrapScore="4.25" minCrapScore="4.25" visitedClasses="0" numClasses="0" visitedMethods="1" numMethods="1" />
              <MetadataToken>100663382</MetadataToken>
              <Name>System.Boolean Futureverse.UBF.Runtime.Dynamic::TryReadString(System.String&amp;)</Name>
              <FileRef uid="16" />
              <SequencePoints>
                <SequencePoint vc="46" uspid="4716" ordinal="0" offset="0" sl="222" sc="3" el="222" ec="3" bec="0" bev="0" fileid="16" />
                <SequencePoint vc="46" uspid="4717" ordinal="0" offset="1" sl="223" sc="4" el="223" ec="4" bec="0" bev="0" fileid="16" />
                <SequencePoint vc="5" uspid="4718" ordinal="0" offset="17" sl="224" sc="4" el="224" ec="4" bec="0" bev="0" fileid="16" />
                <SequencePoint vc="5" uspid="4719" ordinal="0" offset="18" sl="225" sc="5" el="225" ec="5" bec="0" bev="0" fileid="16" />
                <SequencePoint vc="5" uspid="4720" ordinal="0" offset="21" sl="226" sc="5" el="226" ec="5" bec="0" bev="0" fileid="16" />
                <SequencePoint vc="41" uspid="4721" ordinal="0" offset="26" sl="229" sc="4" el="229" ec="4" bec="0" bev="0" fileid="16" />
                <SequencePoint vc="0" uspid="4722" ordinal="0" offset="41" sl="230" sc="4" el="230" ec="4" bec="0" bev="0" fileid="16" />
                <SequencePoint vc="0" uspid="4723" ordinal="0" offset="42" sl="231" sc="5" el="231" ec="5" bec="0" bev="0" fileid="16" />
                <SequencePoint vc="0" uspid="4724" ordinal="0" offset="50" sl="232" sc="5" el="232" ec="5" bec="0" bev="0" fileid="16" />
                <SequencePoint vc="41" uspid="4725" ordinal="0" offset="55" sl="235" sc="4" el="235" ec="4" bec="0" bev="0" fileid="16" />
                <SequencePoint vc="41" uspid="4726" ordinal="0" offset="58" sl="236" sc="4" el="236" ec="4" bec="0" bev="0" fileid="16" />
                <SequencePoint vc="41" uspid="4727" ordinal="0" offset="61" sl="238" sc="4" el="238" ec="4" bec="0" bev="0" fileid="16" />
                <SequencePoint vc="41" uspid="4728" ordinal="0" offset="87" sl="244" sc="4" el="244" ec="4" bec="0" bev="0" fileid="16" />
                <SequencePoint vc="41" uspid="4729" ordinal="0" offset="88" sl="245" sc="5" el="245" ec="5" bec="0" bev="0" fileid="16" />
                <SequencePoint vc="41" uspid="4730" ordinal="0" offset="99" sl="246" sc="5" el="246" ec="5" bec="0" bev="0" fileid="16" />
                <SequencePoint vc="41" uspid="4731" ordinal="0" offset="107" sl="247" sc="5" el="247" ec="5" bec="0" bev="0" fileid="16" />
                <SequencePoint vc="41" uspid="4732" ordinal="0" offset="114" sl="248" sc="5" el="248" ec="5" bec="0" bev="0" fileid="16" />
                <SequencePoint vc="0" uspid="4733" ordinal="0" offset="119" sl="251" sc="4" el="251" ec="4" bec="0" bev="0" fileid="16" />
                <SequencePoint vc="0" uspid="4734" ordinal="0" offset="122" sl="252" sc="4" el="252" ec="4" bec="0" bev="0" fileid="16" />
                <SequencePoint vc="46" uspid="4735" ordinal="0" offset="127" sl="253" sc="3" el="253" ec="3" bec="0" bev="0" fileid="16" />
              </SequencePoints>
              <BranchPoints />
            </Method>
            <Method visited="true" cyclomaticComplexity="2" nPathComplexity="0" sequenceCoverage="100.0" branchCoverage="0" crapScore="2" isConstructor="false" isStatic="false" isGetter="false" isSetter="false">
              <Summary numSequencePoints="8" visitedSequencePoints="8" numBranchPoints="0" visitedBranchPoints="0" sequenceCoverage="100.0" branchCoverage="0" maxCyclomaticComplexity="2" minCyclomaticComplexity="2" maxCrapScore="2" minCrapScore="2" visitedClasses="0" numClasses="0" visitedMethods="1" numMethods="1" />
              <MetadataToken>100663383</MetadataToken>
              <Name>System.Boolean Futureverse.UBF.Runtime.Dynamic::TryReadBoolean(System.Boolean&amp;)</Name>
              <FileRef uid="16" />
              <SequencePoints>
                <SequencePoint vc="60" uspid="4736" ordinal="0" offset="0" sl="261" sc="3" el="261" ec="3" bec="0" bev="0" fileid="16" />
                <SequencePoint vc="60" uspid="4737" ordinal="0" offset="1" sl="262" sc="4" el="262" ec="4" bec="0" bev="0" fileid="16" />
                <SequencePoint vc="5" uspid="4738" ordinal="0" offset="17" sl="263" sc="4" el="263" ec="4" bec="0" bev="0" fileid="16" />
                <SequencePoint vc="5" uspid="4739" ordinal="0" offset="18" sl="264" sc="5" el="264" ec="5" bec="0" bev="0" fileid="16" />
                <SequencePoint vc="5" uspid="4740" ordinal="0" offset="21" sl="265" sc="5" el="265" ec="5" bec="0" bev="0" fileid="16" />
                <SequencePoint vc="55" uspid="4741" ordinal="0" offset="25" sl="268" sc="4" el="268" ec="4" bec="0" bev="0" fileid="16" />
                <SequencePoint vc="55" uspid="4742" ordinal="0" offset="33" sl="269" sc="4" el="269" ec="4" bec="0" bev="0" fileid="16" />
                <SequencePoint vc="60" uspid="4743" ordinal="0" offset="37" sl="270" sc="3" el="270" ec="3" bec="0" bev="0" fileid="16" />
              </SequencePoints>
              <BranchPoints />
            </Method>
            <Method visited="true" cyclomaticComplexity="2" nPathComplexity="0" sequenceCoverage="100.0" branchCoverage="0" crapScore="2" isConstructor="false" isStatic="false" isGetter="false" isSetter="false">
              <Summary numSequencePoints="8" visitedSequencePoints="8" numBranchPoints="0" visitedBranchPoints="0" sequenceCoverage="100.0" branchCoverage="0" maxCyclomaticComplexity="2" minCyclomaticComplexity="2" maxCrapScore="2" minCrapScore="2" visitedClasses="0" numClasses="0" visitedMethods="1" numMethods="1" />
              <MetadataToken>100663384</MetadataToken>
              <Name>System.Boolean Futureverse.UBF.Runtime.Dynamic::TryReadFloat(System.Single&amp;)</Name>
              <FileRef uid="16" />
              <SequencePoints>
                <SequencePoint vc="22" uspid="4744" ordinal="0" offset="0" sl="278" sc="3" el="278" ec="3" bec="0" bev="0" fileid="16" />
                <SequencePoint vc="22" uspid="4745" ordinal="0" offset="1" sl="279" sc="4" el="279" ec="4" bec="0" bev="0" fileid="16" />
                <SequencePoint vc="5" uspid="4746" ordinal="0" offset="17" sl="280" sc="4" el="280" ec="4" bec="0" bev="0" fileid="16" />
                <SequencePoint vc="5" uspid="4747" ordinal="0" offset="18" sl="281" sc="5" el="281" ec="5" bec="0" bev="0" fileid="16" />
                <SequencePoint vc="5" uspid="4748" ordinal="0" offset="25" sl="282" sc="5" el="282" ec="5" bec="0" bev="0" fileid="16" />
                <SequencePoint vc="17" uspid="4749" ordinal="0" offset="29" sl="285" sc="4" el="285" ec="4" bec="0" bev="0" fileid="16" />
                <SequencePoint vc="17" uspid="4750" ordinal="0" offset="37" sl="286" sc="4" el="286" ec="4" bec="0" bev="0" fileid="16" />
                <SequencePoint vc="22" uspid="4751" ordinal="0" offset="41" sl="287" sc="3" el="287" ec="3" bec="0" bev="0" fileid="16" />
              </SequencePoints>
              <BranchPoints />
            </Method>
            <Method visited="true" cyclomaticComplexity="2" nPathComplexity="0" sequenceCoverage="100.0" branchCoverage="0" crapScore="2" isConstructor="false" isStatic="false" isGetter="false" isSetter="false">
              <Summary numSequencePoints="8" visitedSequencePoints="8" numBranchPoints="0" visitedBranchPoints="0" sequenceCoverage="100.0" branchCoverage="0" maxCyclomaticComplexity="2" minCyclomaticComplexity="2" maxCrapScore="2" minCrapScore="2" visitedClasses="0" numClasses="0" visitedMethods="1" numMethods="1" />
              <MetadataToken>100663385</MetadataToken>
              <Name>System.Boolean Futureverse.UBF.Runtime.Dynamic::TryReadInt(System.Int32&amp;)</Name>
              <FileRef uid="16" />
              <SequencePoints>
                <SequencePoint vc="12" uspid="4752" ordinal="0" offset="0" sl="295" sc="3" el="295" ec="3" bec="0" bev="0" fileid="16" />
                <SequencePoint vc="12" uspid="4753" ordinal="0" offset="1" sl="296" sc="4" el="296" ec="4" bec="0" bev="0" fileid="16" />
                <SequencePoint vc="5" uspid="4754" ordinal="0" offset="17" sl="297" sc="4" el="297" ec="4" bec="0" bev="0" fileid="16" />
                <SequencePoint vc="5" uspid="4755" ordinal="0" offset="18" sl="298" sc="5" el="298" ec="5" bec="0" bev="0" fileid="16" />
                <SequencePoint vc="5" uspid="4756" ordinal="0" offset="21" sl="299" sc="5" el="299" ec="5" bec="0" bev="0" fileid="16" />
                <SequencePoint vc="7" uspid="4757" ordinal="0" offset="25" sl="302" sc="4" el="302" ec="4" bec="0" bev="0" fileid="16" />
                <SequencePoint vc="7" uspid="4758" ordinal="0" offset="33" sl="303" sc="4" el="303" ec="4" bec="0" bev="0" fileid="16" />
                <SequencePoint vc="12" uspid="4759" ordinal="0" offset="37" sl="304" sc="3" el="304" ec="3" bec="0" bev="0" fileid="16" />
              </SequencePoints>
              <BranchPoints />
            </Method>
            <Method visited="true" cyclomaticComplexity="2" nPathComplexity="0" sequenceCoverage="70.00" branchCoverage="0" crapScore="2.11" isConstructor="false" isStatic="false" isGetter="false" isSetter="false">
[...]
                <SequencePoint vc="2" uspid="7866" ordinal="0" offset="1" sl="35" sc="4" el="35" ec="4" bec="0" bev="0" fileid="83" />
                <SequencePoint vc="2" uspid="7867" ordinal="0" offset="18" sl="36" sc="4" el="36" ec="4" bec="0" bev="0" fileid="83" />
                <SequencePoint vc="2" uspid="7868" ordinal="0" offset="39" sl="37" sc="4" el="37" ec="4" bec="0" bev="0" fileid="83" />
                <SequencePoint vc="2" uspid="7869" ordinal="0" offset="43" sl="38" sc="3" el="38" ec="3" bec="0" bev="0" fileid="83" />
              </SequencePoints>
              <BranchPoints />
            </Method>
            <Method visited="true" cyclomaticComplexity="1" nPathComplexity="0" sequenceCoverage="100.0" branchCoverage="0" crapScore="1" isConstructor="false" isStatic="false" isGetter="false" isSetter="false">
              <Summary numSequencePoints="5" visitedSequencePoints="5" numBranchPoints="0" visitedBranchPoints="0" sequenceCoverage="100.0" branchCoverage="0" maxCyclomaticComplexity="1" minCyclomaticComplexity="1" maxCrapScore="1" minCrapScore="1" visitedClasses="0" numClasses="0" visitedMethods="1" numMethods="1" />
              <MetadataToken>100663301</MetadataToken>
              <Name>UnitTests.PlayModeTests.Utils.TestEnvBuilder UnitTests.PlayModeTests.Utils.TestEnvBuilder::AddChildGameObjectToRoot(System.String)</Name>
              <FileRef uid="83" />
              <SequencePoints>
                <SequencePoint vc="8" uspid="7870" ordinal="0" offset="0" sl="41" sc="3" el="41" ec="3" bec="0" bev="0" fileid="83" />
                <SequencePoint vc="8" uspid="7871" ordinal="0" offset="1" sl="42" sc="4" el="42" ec="4" bec="0" bev="0" fileid="83" />
                <SequencePoint vc="8" uspid="7872" ordinal="0" offset="38" sl="50" sc="4" el="50" ec="4" bec="0" bev="0" fileid="83" />
                <SequencePoint vc="8" uspid="7873" ordinal="0" offset="52" sl="51" sc="4" el="51" ec="4" bec="0" bev="0" fileid="83" />
                <SequencePoint vc="8" uspid="7874" ordinal="0" offset="56" sl="52" sc="3" el="52" ec="3" bec="0" bev="0" fileid="83" />
              </SequencePoints>
              <BranchPoints />
            </Method>
            <Method visited="true" cyclomaticComplexity="2" nPathComplexity="0" sequenceCoverage="100.0" branchCoverage="0" crapScore="2" isConstructor="false" isStatic="false" isGetter="false" isSetter="false">
              <Summary numSequencePoints="7" visitedSequencePoints="7" numBranchPoints="0" visitedBranchPoints="0" sequenceCoverage="100.0" branchCoverage="0" maxCyclomaticComplexity="2" minCyclomaticComplexity="2" maxCrapScore="2" minCrapScore="2" visitedClasses="0" numClasses="0" visitedMethods="1" numMethods="1" />
              <MetadataToken>100663302</MetadataToken>
              <Name>UnitTests.PlayModeTests.Utils.TestEnvBuilder UnitTests.PlayModeTests.Utils.TestEnvBuilder::SetChildObjectPosition(System.String, UnityEngine.Vector3)</Name>
              <FileRef uid="83" />
              <SequencePoints>
                <SequencePoint vc="1" uspid="7875" ordinal="0" offset="0" sl="55" sc="3" el="55" ec="3" bec="0" bev="0" fileid="83" />
                <SequencePoint vc="1" uspid="7876" ordinal="0" offset="1" sl="56" sc="4" el="56" ec="4" bec="0" bev="0" fileid="83" />
                <SequencePoint vc="1" uspid="7877" ordinal="0" offset="19" sl="57" sc="4" el="57" ec="4" bec="0" bev="0" fileid="83" />
                <SequencePoint vc="1" uspid="7878" ordinal="0" offset="20" sl="58" sc="5" el="58" ec="5" bec="0" bev="0" fileid="83" />
                <SequencePoint vc="1" uspid="7879" ordinal="0" offset="33" sl="59" sc="4" el="59" ec="4" bec="0" bev="0" fileid="83" />
                <SequencePoint vc="1" uspid="7880" ordinal="0" offset="34" sl="60" sc="4" el="60" ec="4" bec="0" bev="0" fileid="83" />
                <SequencePoint vc="1" uspid="7881" ordinal="0" offset="38" sl="61" sc="3" el="61" ec="3" bec="0" bev="0" fileid="83" />
              </SequencePoints>
              <BranchPoints />
            </Method>
            <Method visited="true" cyclomaticComplexity="2" nPathComplexity="0" sequenceCoverage="100.0" branchCoverage="0" crapScore="2" isConstructor="false" isStatic="false" isGetter="false" isSetter="false">
              <Summary numSequencePoints="7" visitedSequencePoints="7" numBranchPoints="0" visitedBranchPoints="0" sequenceCoverage="100.0" branchCoverage="0" maxCyclomaticComplexity="2" minCyclomaticComplexity="2" maxCrapScore="2" minCrapScore="2" visitedClasses="0" numClasses="0" visitedMethods="1" numMethods="1" />
              <MetadataToken>100663303</MetadataToken>
              <Name>UnitTests.PlayModeTests.Utils.TestEnvBuilder UnitTests.PlayModeTests.Utils.TestEnvBuilder::SetChildObjectRotation(System.String, UnityEngine.Vector3)</Name>
              <FileRef uid="83" />
              <SequencePoints>
                <SequencePoint vc="1" uspid="7882" ordinal="0" offset="0" sl="64" sc="3" el="64" ec="3" bec="0" bev="0" fileid="83" />
                <SequencePoint vc="1" uspid="7883" ordinal="0" offset="1" sl="65" sc="4" el="65" ec="4" bec="0" bev="0" fileid="83" />
                <SequencePoint vc="1" uspid="7884" ordinal="0" offset="19" sl="66" sc="4" el="66" ec="4" bec="0" bev="0" fileid="83" />
                <SequencePoint vc="1" uspid="7885" ordinal="0" offset="20" sl="67" sc="5" el="67" ec="5" bec="0" bev="0" fileid="83" />
                <SequencePoint vc="1" uspid="7886" ordinal="0" offset="38" sl="68" sc="4" el="68" ec="4" bec="0" bev="0" fileid="83" />
                <SequencePoint vc="1" uspid="7887" ordinal="0" offset="39" sl="69" sc="4" el="69" ec="4" bec="0" bev="0" fileid="83" />
                <SequencePoint vc="1" uspid="7888" ordinal="0" offset="43" sl="70" sc="3" el="70" ec="3" bec="0" bev="0" fileid="83" />
              </SequencePoints>
              <BranchPoints />
            </Method>
            <Method visited="true" cyclomaticComplexity="1" nPathComplexity="0" sequenceCoverage="100.0" branchCoverage="0" crapScore="1" isConstructor="false" isStatic="false" isGetter="false" isSetter="false">
              <Summary numSequencePoints="4" visitedSequencePoints="4" numBranchPoints="0" visitedBranchPoints="0" sequenceCoverage="100.0" branchCoverage="0" maxCyclomaticComplexity="1" minCyclomaticComplexity="1" maxCrapScore="1" minCrapScore="1" visitedClasses="0" numClasses="0" visitedMethods="1" numMethods="1" />
              <MetadataToken>100663304</MetadataToken>
              <Name>UnitTests.PlayModeTests.Utils.TestEnvBuilder UnitTests.PlayModeTests.Utils.TestEnvBuilder::RegisterAdditionalNode[T]()</Name>
              <FileRef uid="83" />
              <SequencePoints>
                <SequencePoint vc="1" uspid="7889" ordinal="0" offset="0" sl="73" sc="0" el="73" ec="0" bec="0" bev="0" fileid="83" />
                <SequencePoint vc="1" uspid="7890" ordinal="0" offset="1" sl="74" sc="0" el="74" ec="0" bec="0" bev="0" fileid="83" />
                <SequencePoint vc="1" uspid="7891" ordinal="0" offset="13" sl="75" sc="0" el="75" ec="0" bec="0" bev="0" fileid="83" />
                <SequencePoint vc="1" uspid="7892" ordinal="0" offset="17" sl="76" sc="0" el="76" ec="0" bec="0" bev="0" fileid="83" />
              </SequencePoints>
              <BranchPoints />
            </Method>
            <Method visited="true" cyclomaticComplexity="1" nPathComplexity="0" sequenceCoverage="100.0" branchCoverage="0" crapScore="1" isConstructor="false" isStatic="false" isGetter="false" isSetter="false">
              <Summary numSequencePoints="6" visitedSequencePoints="6" numBranchPoints="0" visitedBranchPoints="0" sequenceCoverage="100.0" branchCoverage="0" maxCyclomaticComplexity="1" minCyclomaticComplexity="1" maxCrapScore="1" minCrapScore="1" visitedClasses="0" numClasses="0" visitedMethods="1" numMethods="1" />
              <MetadataToken>100663305</MetadataToken>
              <Name>UnitTests.PlayModeTests.Utils.TestEnvBuilder UnitTests.PlayModeTests.Utils.TestEnvBuilder::SpawnPrefabUnderRoot(System.String)</Name>
              <FileRef uid="83" />
              <SequencePoints>
                <SequencePoint vc="1" uspid="7893" ordinal="0" offset="0" sl="79" sc="3" el="79" ec="3" bec="0" bev="0" fileid="83" />
                <SequencePoint vc="1" uspid="7894" ordinal="0" offset="1" sl="80" sc="4" el="80" ec="4" bec="0" bev="0" fileid="83" />
                <SequencePoint vc="1" uspid="7895" ordinal="0" offset="8" sl="81" sc="4" el="81" ec="4" bec="0" bev="0" fileid="83" />
                <SequencePoint vc="1" uspid="7896" ordinal="0" offset="26" sl="82" sc="4" el="82" ec="4" bec="0" bev="0" fileid="83" />
                <SequencePoint vc="1" uspid="7897" ordinal="0" offset="54" sl="83" sc="4" el="83" ec="4" bec="0" bev="0" fileid="83" />
                <SequencePoint vc="1" uspid="7898" ordinal="0" offset="58" sl="84" sc="3" el="84" ec="3" bec="0" bev="0" fileid="83" />
              </SequencePoints>
              <BranchPoints />
            </Method>
            <Method visited="true" cyclomaticComplexity="1" nPathComplexity="0" sequenceCoverage="100.0" branchCoverage="0" crapScore="1" isConstructor="false" isStatic="false" isGetter="false" isSetter="false">
              <Summary numSequencePoints="4" visitedSequencePoints="4" numBranchPoints="0" visitedBranchPoints="0" sequenceCoverage="100.0" branchCoverage="0" maxCyclomaticComplexity="1" minCyclomaticComplexity="1" maxCrapScore="1" minCrapScore="1" visitedClasses="0" numClasses="0" visitedMethods="1" numMethods="1" />
              <MetadataToken>100663306</MetadataToken>
              <Name>UnitTests.PlayModeTests.Utils.TestEnvBuilder UnitTests.PlayModeTests.Utils.TestEnvBuilder::AddBlueprintInput(System.String, System.Object)</Name>
              <FileRef uid="83" />
              <SequencePoints>
                <SequencePoint vc="9" uspid="7899" ordinal="0" offset="0" sl="87" sc="3" el="87" ec="3" bec="0" bev="0" fileid="83" />
                <SequencePoint vc="9" uspid="7900" ordinal="0" offset="1" sl="88" sc="4" el="88" ec="4" bec="0" bev="0" fileid="83" />
                <SequencePoint vc="9" uspid="7901" ordinal="0" offset="15" sl="89" sc="4" el="89" ec="4" bec="0" bev="0" fileid="83" />
                <SequencePoint vc="9" uspid="7902" ordinal="0" offset="19" sl="90" sc="3" el="90" ec="3" bec="0" bev="0" fileid="83" />
              </SequencePoints>
              <BranchPoints />
            </Method>
            <Method visited="true" cyclomaticComplexity="2" nPathComplexity="0" sequenceCoverage="100.0" branchCoverage="0" crapScore="2" isConstructor="false" isStatic="false" isGetter="false" isSetter="false">
              <Summary numSequencePoints="7" visitedSequencePoints="7" numBranchPoints="0" visitedBranchPoints="0" sequenceCoverage="100.0" branchCoverage="0" maxCyclomaticComplexity="2" minCyclomaticComplexity="2" maxCrapScore="2" minCrapScore="2" visitedClasses="0" numClasses="0" visitedMethods="1" numMethods="1" />
              <MetadataToken>100663307</MetadataToken>
              <Name>UnitTests.PlayModeTests.Utils.TestEnvBuilder UnitTests.PlayModeTests.Utils.TestEnvBuilder::AddSceneComponent[T](System.String)</Name>
              <FileRef uid="83" />
              <SequencePoints>
                <SequencePoint vc="2" uspid="7903" ordinal="0" offset="0" sl="93" sc="0" el="93" ec="0" bec="0" bev="0" fileid="83" />
                <SequencePoint vc="2" uspid="7904" ordinal="0" offset="1" sl="94" sc="0" el="94" ec="0" bec="0" bev="0" fileid="83" />
                <SequencePoint vc="2" uspid="7905" ordinal="0" offset="19" sl="95" sc="0" el="95" ec="0" bec="0" bev="0" fileid="83" />
                <SequencePoint vc="2" uspid="7906" ordinal="0" offset="20" sl="96" sc="0" el="96" ec="0" bec="0" bev="0" fileid="83" />
                <SequencePoint vc="2" uspid="7907" ordinal="0" offset="27" sl="97" sc="0" el="97" ec="0" bec="0" bev="0" fileid="83" />
                <SequencePoint vc="2" uspid="7908" ordinal="0" offset="28" sl="98" sc="0" el="98" ec="0" bec="0" bev="0" fileid="83" />
                <SequencePoint vc="2" uspid="7909" ordinal="0" offset="32" sl="99" sc="0" el="99" ec="0" bec="0" bev="0" fileid="83" />
              </SequencePoints>
              <BranchPoints />
            </Method>
            <Method visited="true" cyclomaticComplexity="4" nPathComplexity="0" sequenceCoverage="100.0" branchCoverage="0" crapScore="4" isConstructor="false" isStatic="false" isGetter="false" isSetter="false">
              <Summary numSequencePoints="12" visitedSequencePoints="12" numBranchPoints="0" visitedBranchPoints="0" sequenceCoverage="100.0" branchCoverage="0" maxCyclomaticComplexity="4" minCyclomaticComplexity="4" maxCrapScore="4" minCrapScore="4" visitedClasses="0" numClasses="0" visitedMethods="1" numMethods="1" />
              <MetadataToken>100663308</MetadataToken>
              <Name>Futureverse.UBF.Runtime.BlueprintExecutionTask UnitTests.PlayModeTests.Utils.TestEnvBuilder::Build()</Name>
              <FileRef uid="83" />
              <SequencePoints>
                <SequencePoint vc="12" uspid="7910" ordinal="0" offset="0" sl="102" sc="3" el="102" ec="3" bec="0" bev="0" fileid="83" />
                <SequencePoint vc="12" uspid="7911" ordinal="0" offset="1" sl="103" sc="4" el="103" ec="4" bec="0" bev="0" fileid="83" />
                <SequencePoint vc="12" uspid="7912" ordinal="0" offset="31" sl="104" sc="4" el="104" ec="4" bec="0" bev="0" fileid="83" />
                <SequencePoint vc="12" uspid="7913" ordinal="0" offset="48" sl="105" sc="4" el="105" ec="4" bec="0" bev="0" fileid="83" />
                <SequencePoint vc="12" uspid="7914" ordinal="0" offset="49" sl="105" sc="26" el="105" ec="26" bec="0" bev="0" fileid="83" />
                <SequencePoint vc="9" uspid="7915" ordinal="0" offset="63" sl="105" sc="13" el="105" ec="13" bec="0" bev="0" fileid="83" />
                <SequencePoint vc="9" uspid="7916" ordinal="0" offset="71" sl="106" sc="4" el="106" ec="4" bec="0" bev="0" fileid="83" />
                <SequencePoint vc="9" uspid="7917" ordinal="0" offset="72" sl="107" sc="5" el="107" ec="5" bec="0" bev="0" fileid="83" />
                <SequencePoint vc="9" uspid="7918" ordinal="0" offset="93" sl="108" sc="4" el="108" ec="4" bec="0" bev="0" fileid="83" />
                <SequencePoint vc="21" uspid="7919" ordinal="0" offset="94" sl="105" sc="23" el="105" ec="23" bec="0" bev="0" fileid="83" />
                <SequencePoint vc="12" uspid="7920" ordinal="0" offset="120" sl="109" sc="4" el="109" ec="4" bec="0" bev="0" fileid="83" />
                <SequencePoint vc="12" uspid="7921" ordinal="0" offset="154" sl="113" sc="3" el="113" ec="3" bec="0" bev="0" fileid="83" />
              </SequencePoints>
              <BranchPoints />
            </Method>
            <Method visited="true" cyclomaticComplexity="1" nPathComplexity="0" sequenceCoverage="100.0" branchCoverage="0" crapScore="1" isConstructor="true" isStatic="false" isGetter="false" isSetter="false">
              <Summary numSequencePoints="10" visitedSequencePoints="10" numBranchPoints="0" visitedBranchPoints="0" sequenceCoverage="100.0" branchCoverage="0" maxCyclomaticComplexity="1" minCyclomaticComplexity="1" maxCrapScore="1" minCrapScore="1" visitedClasses="0" numClasses="0" visitedMethods="1" numMethods="1" />
              <MetadataToken>100663299</MetadataToken>
              <Name>UnitTests.PlayModeTests.Utils.TestEnvBuilder::TestEnvBuilder(System.String)</Name>
              <FileRef uid="83" />
              <SequencePoints>
                <SequencePoint vc="12" uspid="7922" ordinal="0" offset="0" sl="16" sc="3" el="16" ec="3" bec="0" bev="0" fileid="83" />
                <SequencePoint vc="12" uspid="7923" ordinal="0" offset="11" sl="17" sc="3" el="17" ec="3" bec="0" bev="0" fileid="83" />
                <SequencePoint vc="12" uspid="7924" ordinal="0" offset="22" sl="21" sc="3" el="21" ec="3" bec="0" bev="0" fileid="83" />
                <SequencePoint vc="12" uspid="7925" ordinal="0" offset="29" sl="22" sc="3" el="22" ec="3" bec="0" bev="0" fileid="83" />
                <SequencePoint vc="12" uspid="7926" ordinal="0" offset="30" sl="23" sc="4" el="23" ec="4" bec="0" bev="0" fileid="83" />
                <SequencePoint vc="12" uspid="7927" ordinal="0" offset="37" sl="24" sc="4" el="24" ec="4" bec="0" bev="0" fileid="83" />
                <SequencePoint vc="12" uspid="7928" ordinal="0" offset="48" sl="25" sc="4" el="25" ec="4" bec="0" bev="0" fileid="83" />
                <SequencePoint vc="12" uspid="7929" ordinal="0" offset="59" sl="26" sc="4" el="26" ec="4" bec="0" bev="0" fileid="83" />
                <SequencePoint vc="12" uspid="7930" ordinal="0" offset="82" sl="30" sc="4" el="30" ec="4" bec="0" bev="0" fileid="83" />
                <SequencePoint vc="12" uspid="7931" ordinal="0" offset="105" sl="31" sc="3" el="31" ec="3" bec="0" bev="0" fileid="83" />
              </SequencePoints>
              <BranchPoints />
            </Method>
          </Methods>
        </Class>
        <Class>
          <Summary numSequencePoints="10" visitedSequencePoints="10" numBranchPoints="0" visitedBranchPoints="0" sequenceCoverage="100.0" branchCoverage="0.0" maxCyclomaticComplexity="2" minCyclomaticComplexity="2" maxCrapScore="2" minCrapScore="2" visitedClasses="1" numClasses="1" visitedMethods="1" numMethods="1" />
          <FullName>UnitTests.PlayModeTests.Utils.TestUtils</FullName>
          <Methods>
            <Method visited="true" cyclomaticComplexity="2" nPathComplexity="0" sequenceCoverage="100.0" branchCoverage="0" crapScore="2" isConstructor="false" isStatic="true" isGetter="false" isSetter="false">
              <Summary numSequencePoints="10" visitedSequencePoints="10" numBranchPoints="0" visitedBranchPoints="0" sequenceCoverage="100.0" branchCoverage="0" maxCyclomaticComplexity="2" minCyclomaticComplexity="2" maxCrapScore="2" minCrapScore="2" visitedClasses="0" numClasses="0" visitedMethods="1" numMethods="1" />
              <MetadataToken>100663309</MetadataToken>
              <Name>static System.Collections.Generic.List[T] UnitTests.PlayModeTests.Utils.TestUtils::DefaultList[T](System.Int32)</Name>
              <FileRef uid="84" />
              <SequencePoints>
                <SequencePoint vc="3" uspid="7932" ordinal="0" offset="0" sl="10" sc="0" el="10" ec="0" bec="0" bev="0" fileid="84" />
                <SequencePoint vc="3" uspid="7933" ordinal="0" offset="1" sl="11" sc="0" el="11" ec="0" bec="0" bev="0" fileid="84" />
                <SequencePoint vc="3" uspid="7934" ordinal="0" offset="7" sl="12" sc="0" el="12" ec="0" bec="0" bev="0" fileid="84" />
                <SequencePoint vc="6" uspid="7935" ordinal="0" offset="11" sl="13" sc="0" el="13" ec="0" bec="0" bev="0" fileid="84" />
                <SequencePoint vc="6" uspid="7936" ordinal="0" offset="12" sl="14" sc="0" el="14" ec="0" bec="0" bev="0" fileid="84" />
                <SequencePoint vc="6" uspid="7937" ordinal="0" offset="28" sl="15" sc="0" el="15" ec="0" bec="0" bev="0" fileid="84" />
                <SequencePoint vc="6" uspid="7938" ordinal="0" offset="29" sl="12" sc="0" el="12" ec="0" bec="0" bev="0" fileid="84" />
                <SequencePoint vc="9" uspid="7939" ordinal="0" offset="33" sl="12" sc="0" el="12" ec="0" bec="0" bev="0" fileid="84" />
                <SequencePoint vc="3" uspid="7940" ordinal="0" offset="41" sl="17" sc="0" el="17" ec="0" bec="0" bev="0" fileid="84" />
                <SequencePoint vc="3" uspid="7941" ordinal="0" offset="46" sl="18" sc="0" el="18" ec="0" bec="0" bev="0" fileid="84" />
              </SequencePoints>
              <BranchPoints />
            </Method>
          </Methods>
        </Class>
      </Classes>
    </Module>
  </Modules>
</CoverageSession>