<?xml version="1.0" encoding="utf-8"?>
<test-run id="2" testcasecount="0" result="Passed" total="0" passed="0" failed="0" inconclusive="0" skipped="0" asserts="0" engine-version="3.5.0.0" clr-version="4.0.30319.42000" start-time="2025-07-31 01:11:18Z" end-time="2025-07-31 01:11:18Z" duration="0.0151878">
  <test-suite type="TestSuite" id="1006" name="UBF Playground" fullname="UBF Playground" runstate="Runnable" testcasecount="0" result="Passed" start-time="2025-07-31 01:11:18Z" end-time="2025-07-31 01:11:18Z" duration="0.015188" total="0" passed="0" failed="0" inconclusive="0" skipped="0" asserts="0">
    <properties />
  </test-suite>
</test-run>