<?xml version="1.0" encoding="utf-8"?>
<test-run id="2" testcasecount="91" result="Passed" total="91" passed="91" failed="0" inconclusive="0" skipped="0" asserts="0" engine-version="3.5.0.0" clr-version="4.0.30319.42000" start-time="2025-07-31 01:10:45Z" end-time="2025-07-31 01:10:46Z" duration="1.8385423">
  <test-suite type="TestSuite" id="1000" name="UBF Playground" fullname="UBF Playground" runstate="Runnable" testcasecount="91" result="Passed" start-time="2025-07-31 01:10:45Z" end-time="2025-07-31 01:10:46Z" duration="1.838542" total="91" passed="91" failed="0" inconclusive="0" skipped="0" asserts="0">
    <properties />
    <test-suite type="Assembly" id="1094" name="com.futureverse.ubf.tests.0.2.0.dll" fullname="/github/workspace/Library/ScriptAssemblies/com.futureverse.ubf.tests.0.2.0.dll" runstate="Runnable" testcasecount="83" result="Passed" start-time="2025-07-31 01:10:45Z" end-time="2025-07-31 01:10:46Z" duration="1.746447" total="83" passed="83" failed="0" inconclusive="0" skipped="0" asserts="0">
      <properties>
        <property name="_PID" value="1260" />
        <property name="_APPDOMAIN" value="Unity Child Domain" />
        <property name="platform" value="PlayMode" />
      </properties>
      <test-suite type="TestFixture" id="1001" name="TestArrayNodes" fullname="TestArrayNodes" classname="TestArrayNodes" runstate="Runnable" testcasecount="7" result="Passed" start-time="2025-07-31 01:10:45Z" end-time="2025-07-31 01:10:45Z" duration="0.315172" total="7" passed="7" failed="0" inconclusive="0" skipped="0" asserts="0">
        <properties />
        <test-case id="1004" name="TestAtIndex" fullname="TestArrayNodes.TestAtIndex" methodname="TestAtIndex" classname="TestArrayNodes" runstate="Runnable" seed="1782071289" result="Passed" start-time="2025-07-31 01:10:45Z" end-time="2025-07-31 01:10:45Z" duration="0.177745" asserts="0">
          <properties>
            <property name="_JOINTYPE" value="UnityCombinatorial" />
          </properties>
          <output><![CDATA[{"version":"0.2.0","nodes":[{"id":"e","type":"Entry","inputs":[],"outputs":[{"id":"Exec","type":"exec","value":null}]},{"id":"Get_Array","type":"Input","inputs":[{"id":"Input","type":"unknown","value":"Array"}],"outputs":[{"id":"Value","type":"Array<int>","value":null}]},{"id":"Set_Result","type":"Set","inputs":[{"id":"Exec","type":"exec","value":null},{"id":"Input","type":"unknown","value":"Result"},{"id":"Value","type":"unknown","value":null}],"outputs":[{"id":"Exec","type":"exec","value":null}]},{"id":"AtIndex","type":"AtIndex","inputs":[{"id":"Array","type":"Array<int>","value":null},{"id":"Index","type":"int","value":1}],"outputs":[{"id":"Element","type":"int","value":null}]}],"connections":[{"source":"e","sourceKey":"Exec","target":"Set_Result","targetKey":"Exec"},{"source":"Get_Array","sourceKey":"Value","target":"AtIndex","targetKey":"Array"},{"source":"AtIndex","sourceKey":"Element","target":"Set_Result","targetKey":"Value"}],"bindings":[{"id":"Array","scope":"input","type":"Array<int>","value":[1,2,3,4]},{"id":"Result","scope":"output","type":"int","value":null}],"fns":{}}
]]></output>
        </test-case>
        <test-case id="1005" name="TestAtIndexOutOfBounds" fullname="TestArrayNodes.TestAtIndexOutOfBounds" methodname="TestAtIndexOutOfBounds" classname="TestArrayNodes" runstate="Runnable" seed="2024644400" result="Passed" start-time="2025-07-31 01:10:45Z" end-time="2025-07-31 01:10:45Z" duration="0.015609" asserts="0">
          <properties>
            <property name="_JOINTYPE" value="UnityCombinatorial" />
          </properties>
          <output><![CDATA[{"version":"0.2.0","nodes":[{"id":"e","type":"Entry","inputs":[],"outputs":[{"id":"Exec","type":"exec","value":null}]},{"id":"Get_Array","type":"Input","inputs":[{"id":"Input","type":"unknown","value":"Array"}],"outputs":[{"id":"Value","type":"Array<int>","value":null}]},{"id":"Set_Result","type":"Set","inputs":[{"id":"Exec","type":"exec","value":null},{"id":"Input","type":"unknown","value":"Result"},{"id":"Value","type":"unknown","value":null}],"outputs":[{"id":"Exec","type":"exec","value":null}]},{"id":"AtIndex","type":"AtIndex","inputs":[{"id":"Array","type":"Array<int>","value":null},{"id":"Index","type":"int","value":5}],"outputs":[{"id":"Element","type":"int","value":null}]}],"connections":[{"source":"e","sourceKey":"Exec","target":"Set_Result","targetKey":"Exec"},{"source":"Get_Array","sourceKey":"Value","target":"AtIndex","targetKey":"Array"},{"source":"AtIndex","sourceKey":"Element","target":"Set_Result","targetKey":"Value"}],"bindings":[{"id":"Array","scope":"input","type":"Array<int>","value":[1,2,3]},{"id":"Result","scope":"output","type":"int","value":null}],"fns":{}}
[UBF][DLL][AtIndex] Index out of bounds!
]]></output>
        </test-case>
        <test-case id="1002" name="TestFirst" fullname="TestArrayNodes.TestFirst" methodname="TestFirst" classname="TestArrayNodes" runstate="Runnable" seed="1838094850" result="Passed" start-time="2025-07-31 01:10:45Z" end-time="2025-07-31 01:10:45Z" duration="0.011512" asserts="0">
          <properties>
            <property name="_JOINTYPE" value="UnityCombinatorial" />
          </properties>
          <output><![CDATA[{"version":"0.2.0","nodes":[{"id":"e","type":"Entry","inputs":[],"outputs":[{"id":"Exec","type":"exec","value":null}]},{"id":"Get_Array","type":"Input","inputs":[{"id":"Input","type":"unknown","value":"Array"}],"outputs":[{"id":"Value","type":"Array<int>","value":null}]},{"id":"Set_Result","type":"Set","inputs":[{"id":"Exec","type":"exec","value":null},{"id":"Input","type":"unknown","value":"Result"},{"id":"Value","type":"unknown","value":null}],"outputs":[{"id":"Exec","type":"exec","value":null}]},{"id":"First","type":"First","inputs":[{"id":"Array","type":"Array<int>","value":null}],"outputs":[{"id":"Element","type":"int","value":null}]}],"connections":[{"source":"e","sourceKey":"Exec","target":"Set_Result","targetKey":"Exec"},{"source":"Get_Array","sourceKey":"Value","target":"First","targetKey":"Array"},{"source":"First","sourceKey":"Element","target":"Set_Result","targetKey":"Value"}],"bindings":[{"id":"Array","scope":"input","type":"Array<int>","value":[1,2,3,4]},{"id":"Result","scope":"output","type":"int","value":null}],"fns":{}}
]]></output>
        </test-case>
        <test-case id="1003" name="TestFirstWithEmptyArray" fullname="TestArrayNodes.TestFirstWithEmptyArray" methodname="TestFirstWithEmptyArray" classname="TestArrayNodes" runstate="Runnable" seed="1830118522" result="Passed" start-time="2025-07-31 01:10:45Z" end-time="2025-07-31 01:10:45Z" duration="0.011758" asserts="0">
          <properties>
            <property name="_JOINTYPE" value="UnityCombinatorial" />
          </properties>
          <output><![CDATA[{"version":"0.2.0","nodes":[{"id":"e","type":"Entry","inputs":[],"outputs":[{"id":"Exec","type":"exec","value":null}]},{"id":"Get_Array","type":"Input","inputs":[{"id":"Input","type":"unknown","value":"Array"}],"outputs":[{"id":"Value","type":"Array<int>","value":null}]},{"id":"Set_Result","type":"Set","inputs":[{"id":"Exec","type":"exec","value":null},{"id":"Input","type":"unknown","value":"Result"},{"id":"Value","type":"unknown","value":null}],"outputs":[{"id":"Exec","type":"exec","value":null}]},{"id":"First","type":"First","inputs":[{"id":"Array","type":"Array<int>","value":null}],"outputs":[{"id":"Element","type":"int","value":null}]}],"connections":[{"source":"e","sourceKey":"Exec","target":"Set_Result","targetKey":"Exec"},{"source":"Get_Array","sourceKey":"Value","target":"First","targetKey":"Array"},{"source":"First","sourceKey":"Element","target":"Set_Result","targetKey":"Value"}],"bindings":[{"id":"Array","scope":"input","type":"Array<int>","value":[]},{"id":"Result","scope":"output","type":"int","value":null}],"fns":{}}
[UBF][DLL][First] Array is empty
]]></output>
        </test-case>
        <test-case id="1007" name="TestForeach" fullname="TestArrayNodes.TestForeach" methodname="TestForeach" classname="TestArrayNodes" runstate="Runnable" seed="896896630" result="Passed" start-time="2025-07-31 01:10:45Z" end-time="2025-07-31 01:10:45Z" duration="0.022262" asserts="0">
          <properties>
            <property name="_JOINTYPE" value="UnityCombinatorial" />
          </properties>
          <output><![CDATA[{"version":"0.2.0","nodes":[{"id":"e","type":"Entry","inputs":[],"outputs":[{"id":"Exec","type":"exec","value":null}]},{"id":"Get_Array","type":"Input","inputs":[{"id":"Input","type":"unknown","value":"Array"}],"outputs":[{"id":"Value","type":"Array<string>","value":null}]},{"id":"ForEach","type":"ForEach","inputs":[{"id":"Exec","type":"exec","value":null},{"id":"Array","type":"Array<string>","value":null}],"outputs":[{"id":"Exec","type":"exec","value":null},{"id":"Loop Body","type":"exec","value":null},{"id":"Array Element","type":"string","value":null},{"id":"Array Index","type":"int","value":null}]},{"id":"DebugLog1","type":"DebugLog","inputs":[{"id":"Exec","type":"exec","value":null},{"id":"Message","type":"string","value":""}],"outputs":[{"id":"Exec","type":"exec","value":null}]},{"id":"DebugLog2","type":"DebugLog","inputs":[{"id":"Exec","type":"exec","value":null},{"id":"Message","type":"string","value":""}],"outputs":[{"id":"Exec","type":"exec","value":null}]},{"id":"ToString","type":"ToString","inputs":[{"id":"Value","type":"int","value":0}],"outputs":[{"id":"String","type":"string","value":null}]}],"connections":[{"source":"e","sourceKey":"Exec","target":"ForEach","targetKey":"Exec"},{"source":"Get_Array","sourceKey":"Value","target":"ForEach","targetKey":"Array"},{"source":"ForEach","sourceKey":"Loop Body","target":"DebugLog1","targetKey":"Exec"},{"source":"ForEach","sourceKey":"Array Element","target":"DebugLog1","targetKey":"Message"},{"source":"DebugLog1","sourceKey":"Exec","target":"DebugLog2","targetKey":"Exec"},{"source":"ForEach","sourceKey":"Array Index","target":"ToString","targetKey":"Value"},{"source":"ToString","sourceKey":"String","target":"DebugLog2","targetKey":"Message"}],"bindings":[{"id":"Array","scope":"input","type":"Array<string>","value":["Hello","World"]}],"fns":{}}
[UBF] Hello
[UBF] 0
[UBF] World
[UBF] 1
]]></output>
        </test-case>
        <test-case id="1008" name="TestForeachAsync" fullname="TestArrayNodes.TestForeachAsync" methodname="TestForeachAsync" classname="TestArrayNodes" runstate="Runnable" seed="979189439" result="Passed" start-time="2025-07-31 01:10:45Z" end-time="2025-07-31 01:10:45Z" duration="0.023981" asserts="0">
          <properties>
            <property name="_JOINTYPE" value="UnityCombinatorial" />
          </properties>
          <output><![CDATA[{"version":"0.2.0","nodes":[{"id":"e","type":"Entry","inputs":[],"outputs":[{"id":"Exec","type":"exec","value":null}]},{"id":"Get_Array","type":"Input","inputs":[{"id":"Input","type":"unknown","value":"Array"}],"outputs":[{"id":"Value","type":"Array<string>","value":null}]},{"id":"ForEach","type":"ForEach","inputs":[{"id":"Exec","type":"exec","value":null},{"id":"Array","type":"Array<string>","value":null}],"outputs":[{"id":"Exec","type":"exec","value":null},{"id":"Loop Body","type":"exec","value":null},{"id":"Array Element","type":"string","value":null},{"id":"Array Index","type":"int","value":null}]},{"id":"DebugLog1","type":"DebugLog","inputs":[{"id":"Exec","type":"exec","value":null},{"id":"Message","type":"string","value":""}],"outputs":[{"id":"Exec","type":"exec","value":null}]},{"id":"DebugLog2","type":"DebugLog","inputs":[{"id":"Exec","type":"exec","value":null},{"id":"Message","type":"string","value":"Finished"}],"outputs":[{"id":"Exec","type":"exec","value":null}]},{"id":"WaitForFrames","type":"TestWaitForFrames","inputs":[{"id":"Exec","type":"exec","value":null}],"outputs":[{"id":"Exec","type":"exec","value":null}]}],"connections":[{"source":"e","sourceKey":"Exec","target":"ForEach","targetKey":"Exec"},{"source":"Get_Array","sourceKey":"Value","target":"ForEach","targetKey":"Array"},{"source":"ForEach","sourceKey":"Loop Body","target":"WaitForFrames","targetKey":"Exec"},{"source":"WaitForFrames","sourceKey":"Exec","target":"DebugLog1","targetKey":"Exec"},{"source":"ForEach","sourceKey":"Array Element","target":"DebugLog1","targetKey":"Message"},{"source":"ForEach","sourceKey":"Exec","target":"DebugLog2","targetKey":"Exec"}],"bindings":[{"id":"Array","scope":"input","type":"Array<string>","value":["Hello","World"]}],"fns":{}}
[UBF] Hello
[UBF] World
[UBF] Finished
]]></output>
        </test-case>
        <test-case id="1006" name="TestMakeArray" fullname="TestArrayNodes.TestMakeArray" methodname="TestMakeArray" classname="TestArrayNodes" runstate="Runnable" seed="461319890" result="Passed" start-time="2025-07-31 01:10:45Z" end-time="2025-07-31 01:10:45Z" duration="0.023682" asserts="0">
          <properties>
            <property name="_JOINTYPE" value="UnityCombinatorial" />
          </properties>
          <output><![CDATA[{"version":"0.2.0","nodes":[{"id":"e","type":"Entry","inputs":[],"outputs":[{"id":"Exec","type":"exec","value":null}]},{"id":"Get_Item1","type":"Input","inputs":[{"id":"Input","type":"unknown","value":"Item1"}],"outputs":[{"id":"Value","type":"string","value":null}]},{"id":"Get_Item2","type":"Input","inputs":[{"id":"Input","type":"unknown","value":"Item2"}],"outputs":[{"id":"Value","type":"string","value":null}]},{"id":"Set_Result","type":"Set","inputs":[{"id":"Exec","type":"exec","value":null},{"id":"Input","type":"unknown","value":"Result"},{"id":"Value","type":"unknown","value":null}],"outputs":[{"id":"Exec","type":"exec","value":null}]},{"id":"MakeArray","type":"MakeArray","inputs":[{"id":"Item.1","type":"string","value":null},{"id":"Item.2","type":"string","value":null}],"outputs":[{"id":"Array","type":"Array<string>","value":null}]}],"connections":[{"source":"e","sourceKey":"Exec","target":"Set_Result","targetKey":"Exec"},{"source":"Get_Item1","sourceKey":"Value","target":"MakeArray","targetKey":"Item.1"},{"source":"Get_Item2","sourceKey":"Value","target":"MakeArray","targetKey":"Item.2"},{"source":"MakeArray","sourceKey":"Array","target":"Set_Result","targetKey":"Value"}],"bindings":[{"id":"Item1","scope":"input","type":"string","value":"Hello"},{"id":"Item2","scope":"input","type":"string","value":"World"},{"id":"Result","scope":"output","type":"Array<string>","value":null}],"fns":{}}
]]></output>
        </test-case>
      </test-suite>
      <test-suite type="TestFixture" id="1009" name="TestGraph" fullname="TestGraph" classname="TestGraph" runstate="Runnable" testcasecount="2" result="Passed" start-time="2025-07-31 01:10:45Z" end-time="2025-07-31 01:10:45Z" duration="0.026284" total="2" passed="2" failed="0" inconclusive="0" skipped="0" asserts="0">
        <properties />
        <test-case id="1011" name="LoadBasicGraph" fullname="TestGraph.LoadBasicGraph" methodname="LoadBasicGraph" classname="TestGraph" runstate="Runnable" seed="457856267" result="Passed" start-time="2025-07-31 01:10:45Z" end-time="2025-07-31 01:10:45Z" duration="0.013412" asserts="0">
          <properties />
          <output><![CDATA[{"version":"0.2.0","nodes":[{"id":"e","type":"Entry","inputs":[],"outputs":[{"id":"Exec","type":"exec","value":null}]},{"id":"dbl","type":"DebugLog","inputs":[{"id":"Exec","type":"exec","value":null},{"id":"Message","type":"string","value":"Hello, World!"}],"outputs":[{"id":"Exec","type":"exec","value":null}]}],"connections":[{"source":"e","sourceKey":"Exec","target":"dbl","targetKey":"Exec"}],"bindings":[],"fns":{}}
]]></output>
        </test-case>
        <test-case id="1010" name="LoadGraphNoEntryNode" fullname="TestGraph.LoadGraphNoEntryNode" methodname="LoadGraphNoEntryNode" classname="TestGraph" runstate="Runnable" seed="1950689340" result="Passed" start-time="2025-07-31 01:10:45Z" end-time="2025-07-31 01:10:45Z" duration="0.010878" asserts="0">
          <properties />
          <output><![CDATA[{"version":"0.2.0","nodes":[],"connections":[],"bindings":[],"fns":{}}
[UBF][DLL] Could not execute graph - no Entry node found
]]></output>
        </test-case>
      </test-suite>
      <test-suite type="TestFixture" id="1012" name="TestLogicNodes" fullname="TestLogicNodes" classname="TestLogicNodes" runstate="Runnable" testcasecount="39" result="Passed" start-time="2025-07-31 01:10:45Z" end-time="2025-07-31 01:10:45Z" duration="0.461003" total="39" passed="39" failed="0" inconclusive="0" skipped="0" asserts="0">
        <properties />
        <test-case id="1013" name="TestAnd" fullname="TestLogicNodes.TestAnd" methodname="TestAnd" classname="TestLogicNodes" runstate="Runnable" seed="2093211586" result="Passed" start-time="2025-07-31 01:10:45Z" end-time="2025-07-31 01:10:45Z" duration="0.014436" asserts="0">
          <properties>
            <property name="_JOINTYPE" value="UnityCombinatorial" />
          </properties>
          <output><![CDATA[{"version":"0.2.0","nodes":[{"id":"e","type":"Entry","inputs":[],"outputs":[{"id":"Exec","type":"exec","value":null}]},{"id":"Set_Result1","type":"Set","inputs":[{"id":"Exec","type":"exec","value":null},{"id":"Input","type":"unknown","value":"Result1"},{"id":"Value","type":"unknown","value":null}],"outputs":[{"id":"Exec","type":"exec","value":null}]},{"id":"Set_Result2","type":"Set","inputs":[{"id":"Exec","type":"exec","value":null},{"id":"Input","type":"unknown","value":"Result2"},{"id":"Value","type":"unknown","value":null}],"outputs":[{"id":"Exec","type":"exec","value":null}]},{"id":"Set_Result3","type":"Set","inputs":[{"id":"Exec","type":"exec","value":null},{"id":"Input","type":"unknown","value":"Result3"},{"id":"Value","type":"unknown","value":null}],"outputs":[{"id":"Exec","type":"exec","value":null}]},{"id":"And1","type":"And","inputs":[{"id":"A","type":"boolean","value":true},{"id":"B","type":"boolean","value":true}],"outputs":[{"id":"Result","type":"boolean","value":null}]},{"id":"And2","type":"And","inputs":[{"id":"A","type":"boolean","value":true},{"id":"B","type":"boolean","value":false}],"outputs":[{"id":"Result","type":"boolean","value":null}]},{"id":"And3","type":"And","inputs":[{"id":"A","type":"boolean","value":false},{"id":"B","type":"boolean","value":false}],"outputs":[{"id":"Result","type":"boolean","value":null}]}],"connections":[{"source":"e","sourceKey":"Exec","target":"Set_Result1","targetKey":"Exec"},{"source":"Set_Result1","sourceKey":"Exec","target":"Set_Result2","targetKey":"Exec"},{"source":"Set_Result2","sourceKey":"Exec","target":"Set_Result3","targetKey":"Exec"},{"source":"And1","sourceKey":"Result","target":"Set_Result1","targetKey":"Value"},{"source":"And2","sourceKey":"Result","target":"Set_Result2","targetKey":"Value"},{"source":"And3","sourceKey":"Result","target":"Set_Result3","targetKey":"Value"}],"bindings":[{"id":"Result1","scope":"output","type":"boolean","value":null},{"id":"Result2","scope":"output","type":"boolean","value":null},{"id":"Result3","scope":"output","type":"boolean","value":null}],"fns":{}}
]]></output>
        </test-case>
        <test-case id="1048" name="TestBranch" fullname="TestLogicNodes.TestBranch" methodname="TestBranch" classname="TestLogicNodes" runstate="Runnable" seed="1131876924" result="Passed" start-time="2025-07-31 01:10:45Z" end-time="2025-07-31 01:10:45Z" duration="0.014233" asserts="0">
          <properties>
            <property name="_JOINTYPE" value="UnityCombinatorial" />
          </properties>
          <output><![CDATA[{"version":"0.2.0","nodes":[{"id":"e","type":"Entry","inputs":[],"outputs":[{"id":"Exec","type":"exec","value":null}]},{"id":"Set_Result","type":"Set","inputs":[{"id":"Exec","type":"exec","value":null},{"id":"Input","type":"unknown","value":"Result"},{"id":"Value","type":"unknown","value":"Hello"}],"outputs":[{"id":"Exec","type":"exec","value":null}]},{"id":"Branch1","type":"Branch","inputs":[{"id":"Exec","type":"exec","value":null},{"id":"Condition","type":"boolean","value":true}],"outputs":[{"id":"True","type":"exec","value":null},{"id":"False","type":"exec","value":null}]},{"id":"Branch2","type":"Branch","inputs":[{"id":"Exec","type":"exec","value":null},{"id":"Condition","type":"boolean","value":false}],"outputs":[{"id":"True","type":"exec","value":null},{"id":"False","type":"exec","value":null}]}],"connections":[{"source":"e","sourceKey":"Exec","target":"Branch1","targetKey":"Exec"},{"source":"Branch1","sourceKey":"True","target":"Branch2","targetKey":"Exec"},{"source":"Branch2","sourceKey":"False","target":"Set_Result","targetKey":"Exec"}],"bindings":[{"id":"Result","scope":"output","type":"string","value":null}],"fns":{}}
]]></output>
        </test-case>
        <test-suite type="GenericMethod" id="1047" name="TestComparisonNodes" fullname="TestLogicNodes.TestComparisonNodes" classname="TestLogicNodes" runstate="Runnable" testcasecount="30" result="Passed" start-time="2025-07-31 01:10:45Z" end-time="2025-07-31 01:10:45Z" duration="0.339328" total="30" passed="30" failed="0" inconclusive="0" skipped="0" asserts="0">
          <properties>
            <property name="_JOINTYPE" value="UnityCombinatorial" />
          </properties>
          <test-case id="1017" name="TestComparisonNodes&lt;Int32&gt;(TestLogicNodes+ComparisonTestCase`1[System.Int32])" fullname="TestLogicNodes.TestComparisonNodes&lt;Int32&gt;(TestLogicNodes+ComparisonTestCase`1[System.Int32])" methodname="TestComparisonNodes" classname="TestLogicNodes" runstate="Runnable" seed="198778382" result="Passed" start-time="2025-07-31 01:10:45Z" end-time="2025-07-31 01:10:45Z" duration="0.014663" asserts="0">
            <properties />
            <output><![CDATA[{"version":"0.2.0","nodes":[{"id":"e","type":"Entry","inputs":[],"outputs":[{"id":"Exec","type":"exec","value":null}]},{"id":"Get_Value1","type":"Input","inputs":[{"id":"Input","type":"unknown","value":"Value1"}],"outputs":[{"id":"Value","type":"int","value":null}]},{"id":"Get_Value2","type":"Input","inputs":[{"id":"Input","type":"unknown","value":"Value2"}],"outputs":[{"id":"Value","type":"int","value":null}]},{"id":"Set_Result","type":"Set","inputs":[{"id":"Exec","type":"exec","value":null},{"id":"Input","type":"unknown","value":"Result"},{"id":"Value","type":"unknown","value":null}],"outputs":[{"id":"Exec","type":"exec","value":null}]},{"id":"GreaterThan","type":"GreaterThan","inputs":[{"id":"A","type":"int","value":0},{"id":"B","type":"int","value":0}],"outputs":[{"id":"Result","type":"boolean","value":null}]}],"connections":[{"source":"e","sourceKey":"Exec","target":"Set_Result","targetKey":"Exec"},{"source":"Get_Value1","sourceKey":"Value","target":"GreaterThan","targetKey":"A"},{"source":"Get_Value2","sourceKey":"Value","target":"GreaterThan","targetKey":"B"},{"source":"GreaterThan","sourceKey":"Result","target":"Set_Result","targetKey":"Value"}],"bindings":[{"id":"Value1","scope":"input","type":"int","value":10},{"id":"Value2","scope":"input","type":"int","value":5},{"id":"Result","scope":"output","type":"boolean","value":null}],"fns":{}}
]]></output>
          </test-case>
          <test-case id="1018" name="TestComparisonNodes&lt;Int32&gt;(TestLogicNodes+ComparisonTestCase`1[System.Int32])" fullname="TestLogicNodes.TestComparisonNodes&lt;Int32&gt;(TestLogicNodes+ComparisonTestCase`1[System.Int32])" methodname="TestComparisonNodes" classname="TestLogicNodes" runstate="Runnable" seed="1489739660" result="Passed" start-time="2025-07-31 01:10:45Z" end-time="2025-07-31 01:10:45Z" duration="0.010644" asserts="0">
            <properties>
              <property name="childIndex" value="2" />
              <property name="childIndex" value="2" />
            </properties>
            <output><![CDATA[{"version":"0.2.0","nodes":[{"id":"e","type":"Entry","inputs":[],"outputs":[{"id":"Exec","type":"exec","value":null}]},{"id":"Get_Value1","type":"Input","inputs":[{"id":"Input","type":"unknown","value":"Value1"}],"outputs":[{"id":"Value","type":"int","value":null}]},{"id":"Get_Value2","type":"Input","inputs":[{"id":"Input","type":"unknown","value":"Value2"}],"outputs":[{"id":"Value","type":"int","value":null}]},{"id":"Set_Result","type":"Set","inputs":[{"id":"Exec","type":"exec","value":null},{"id":"Input","type":"unknown","value":"Result"},{"id":"Value","type":"unknown","value":null}],"outputs":[{"id":"Exec","type":"exec","value":null}]},{"id":"GreaterThan","type":"GreaterThan","inputs":[{"id":"A","type":"int","value":0},{"id":"B","type":"int","value":0}],"outputs":[{"id":"Result","type":"boolean","value":null}]}],"connections":[{"source":"e","sourceKey":"Exec","target":"Set_Result","targetKey":"Exec"},{"source":"Get_Value1","sourceKey":"Value","target":"GreaterThan","targetKey":"A"},{"source":"Get_Value2","sourceKey":"Value","target":"GreaterThan","targetKey":"B"},{"source":"GreaterThan","sourceKey":"Result","target":"Set_Result","targetKey":"Value"}],"bindings":[{"id":"Value1","scope":"input","type":"int","value":5},{"id":"Value2","scope":"input","type":"int","value":10},{"id":"Result","scope":"output","type":"boolean","value":null}],"fns":{}}
]]></output>
          </test-case>
          <test-case id="1019" name="TestComparisonNodes&lt;Single&gt;(TestLogicNodes+ComparisonTestCase`1[System.Single])" fullname="TestLogicNodes.TestComparisonNodes&lt;Single&gt;(TestLogicNodes+ComparisonTestCase`1[System.Single])" methodname="TestComparisonNodes" classname="TestLogicNodes" runstate="Runnable" seed="1664062498" result="Passed" start-time="2025-07-31 01:10:45Z" end-time="2025-07-31 01:10:45Z" duration="0.013938" asserts="0">
            <properties />
            <output><![CDATA[{"version":"0.2.0","nodes":[{"id":"e","type":"Entry","inputs":[],"outputs":[{"id":"Exec","type":"exec","value":null}]},{"id":"Get_Value1","type":"Input","inputs":[{"id":"Input","type":"unknown","value":"Value1"}],"outputs":[{"id":"Value","type":"float","value":null}]},{"id":"Get_Value2","type":"Input","inputs":[{"id":"Input","type":"unknown","value":"Value2"}],"outputs":[{"id":"Value","type":"float","value":null}]},{"id":"Set_Result","type":"Set","inputs":[{"id":"Exec","type":"exec","value":null},{"id":"Input","type":"unknown","value":"Result"},{"id":"Value","type":"unknown","value":null}],"outputs":[{"id":"Exec","type":"exec","value":null}]},{"id":"GreaterThan","type":"GreaterThan","inputs":[{"id":"A","type":"float","value":0.0},{"id":"B","type":"float","value":0.0}],"outputs":[{"id":"Result","type":"boolean","value":null}]}],"connections":[{"source":"e","sourceKey":"Exec","target":"Set_Result","targetKey":"Exec"},{"source":"Get_Value1","sourceKey":"Value","target":"GreaterThan","targetKey":"A"},{"source":"Get_Value2","sourceKey":"Value","target":"GreaterThan","targetKey":"B"},{"source":"GreaterThan","sourceKey":"Result","target":"Set_Result","targetKey":"Value"}],"bindings":[{"id":"Value1","scope":"input","type":"float","value":1.75},{"id":"Value2","scope":"input","type":"float","value":1.25},{"id":"Result","scope":"output","type":"boolean","value":null}],"fns":{}}
]]></output>
          </test-case>
          <test-case id="1020" name="TestComparisonNodes&lt;Single&gt;(TestLogicNodes+ComparisonTestCase`1[System.Single])" fullname="TestLogicNodes.TestComparisonNodes&lt;Single&gt;(TestLogicNodes+ComparisonTestCase`1[System.Single])" methodname="TestComparisonNodes" classname="TestLogicNodes" runstate="Runnable" seed="84233231" result="Passed" start-time="2025-07-31 01:10:45Z" end-time="2025-07-31 01:10:45Z" duration="0.010719" asserts="0">
            <properties>
              <property name="childIndex" value="2" />
              <property name="childIndex" value="2" />
            </properties>
            <output><![CDATA[{"version":"0.2.0","nodes":[{"id":"e","type":"Entry","inputs":[],"outputs":[{"id":"Exec","type":"exec","value":null}]},{"id":"Get_Value1","type":"Input","inputs":[{"id":"Input","type":"unknown","value":"Value1"}],"outputs":[{"id":"Value","type":"float","value":null}]},{"id":"Get_Value2","type":"Input","inputs":[{"id":"Input","type":"unknown","value":"Value2"}],"outputs":[{"id":"Value","type":"float","value":null}]},{"id":"Set_Result","type":"Set","inputs":[{"id":"Exec","type":"exec","value":null},{"id":"Input","type":"unknown","value":"Result"},{"id":"Value","type":"unknown","value":null}],"outputs":[{"id":"Exec","type":"exec","value":null}]},{"id":"GreaterThan","type":"GreaterThan","inputs":[{"id":"A","type":"float","value":0.0},{"id":"B","type":"float","value":0.0}],"outputs":[{"id":"Result","type":"boolean","value":null}]}],"connections":[{"source":"e","sourceKey":"Exec","target":"Set_Result","targetKey":"Exec"},{"source":"Get_Value1","sourceKey":"Value","target":"GreaterThan","targetKey":"A"},{"source":"Get_Value2","sourceKey":"Value","target":"GreaterThan","targetKey":"B"},{"source":"GreaterThan","sourceKey":"Result","target":"Set_Result","targetKey":"Value"}],"bindings":[{"id":"Value1","scope":"input","type":"float","value":1.5},{"id":"Value2","scope":"input","type":"float","value":1.5},{"id":"Result","scope":"output","type":"boolean","value":null}],"fns":{}}
]]></output>
          </test-case>
          <test-case id="1021" name="TestComparisonNodes&lt;Int32&gt;(TestLogicNodes+ComparisonTestCase`1[System.Int32])" fullname="TestLogicNodes.TestComparisonNodes&lt;Int32&gt;(TestLogicNodes+ComparisonTestCase`1[System.Int32])" methodname="TestComparisonNodes" classname="TestLogicNodes" runstate="Runnable" seed="1133800067" result="Passed" start-time="2025-07-31 01:10:45Z" end-time="2025-07-31 01:10:45Z" duration="0.011129" asserts="0">
            <properties>
              <property name="childIndex" value="3" />
              <property name="childIndex" value="3" />
            </properties>
            <output><![CDATA[{"version":"0.2.0","nodes":[{"id":"e","type":"Entry","inputs":[],"outputs":[{"id":"Exec","type":"exec","value":null}]},{"id":"Get_Value1","type":"Input","inputs":[{"id":"Input","type":"unknown","value":"Value1"}],"outputs":[{"id":"Value","type":"int","value":null}]},{"id":"Get_Value2","type":"Input","inputs":[{"id":"Input","type":"unknown","value":"Value2"}],"outputs":[{"id":"Value","type":"int","value":null}]},{"id":"Set_Result","type":"Set","inputs":[{"id":"Exec","type":"exec","value":null},{"id":"Input","type":"unknown","value":"Result"},{"id":"Value","type":"unknown","value":null}],"outputs":[{"id":"Exec","type":"exec","value":null}]},{"id":"GreaterThanOrEqual","type":"GreaterThanOrEquals","inputs":[{"id":"A","type":"int","value":0},{"id":"B","type":"int","value":0}],"outputs":[{"id":"Result","type":"boolean","value":null}]}],"connections":[{"source":"e","sourceKey":"Exec","target":"Set_Result","targetKey":"Exec"},{"source":"Get_Value1","sourceKey":"Value","target":"GreaterThanOrEqual","targetKey":"A"},{"source":"Get_Value2","sourceKey":"Value","target":"GreaterThanOrEqual","targetKey":"B"},{"source":"GreaterThanOrEqual","sourceKey":"Result","target":"Set_Result","targetKey":"Value"}],"bindings":[{"id":"Value1","scope":"input","type":"int","value":10},{"id":"Value2","scope":"input","type":"int","value":10},{"id":"Result","scope":"output","type":"boolean","value":null}],"fns":{}}
]]></output>
          </test-case>
          <test-case id="1022" name="TestComparisonNodes&lt;Int32&gt;(TestLogicNodes+ComparisonTestCase`1[System.Int32])" fullname="TestLogicNodes.TestComparisonNodes&lt;Int32&gt;(TestLogicNodes+ComparisonTestCase`1[System.Int32])" methodname="TestComparisonNodes" classname="TestLogicNodes" runstate="Runnable" seed="1078684261" result="Passed" start-time="2025-07-31 01:10:45Z" end-time="2025-07-31 01:10:45Z" duration="0.010844" asserts="0">
            <properties>
              <property name="childIndex" value="4" />
              <property name="childIndex" value="4" />
            </properties>
            <output><![CDATA[{"version":"0.2.0","nodes":[{"id":"e","type":"Entry","inputs":[],"outputs":[{"id":"Exec","type":"exec","value":null}]},{"id":"Get_Value1","type":"Input","inputs":[{"id":"Input","type":"unknown","value":"Value1"}],"outputs":[{"id":"Value","type":"int","value":null}]},{"id":"Get_Value2","type":"Input","inputs":[{"id":"Input","type":"unknown","value":"Value2"}],"outputs":[{"id":"Value","type":"int","value":null}]},{"id":"Set_Result","type":"Set","inputs":[{"id":"Exec","type":"exec","value":null},{"id":"Input","type":"unknown","value":"Result"},{"id":"Value","type":"unknown","value":null}],"outputs":[{"id":"Exec","type":"exec","value":null}]},{"id":"GreaterThanOrEqual","type":"GreaterThanOrEquals","inputs":[{"id":"A","type":"int","value":0},{"id":"B","type":"int","value":0}],"outputs":[{"id":"Result","type":"boolean","value":null}]}],"connections":[{"source":"e","sourceKey":"Exec","target":"Set_Result","targetKey":"Exec"},{"source":"Get_Value1","sourceKey":"Value","target":"GreaterThanOrEqual","targetKey":"A"},{"source":"Get_Value2","sourceKey":"Value","target":"GreaterThanOrEqual","targetKey":"B"},{"source":"GreaterThanOrEqual","sourceKey":"Result","target":"Set_Result","targetKey":"Value"}],"bindings":[{"id":"Value1","scope":"input","type":"int","value":20},{"id":"Value2","scope":"input","type":"int","value":10},{"id":"Result","scope":"output","type":"boolean","value":null}],"fns":{}}
]]></output>
          </test-case>
          <test-case id="1023" name="TestComparisonNodes&lt;Double&gt;(TestLogicNodes+ComparisonTestCase`1[System.Double])" fullname="TestLogicNodes.TestComparisonNodes&lt;Double&gt;(TestLogicNodes+ComparisonTestCase`1[System.Double])" methodname="TestComparisonNodes" classname="TestLogicNodes" runstate="Runnable" seed="1918363528" result="Passed" start-time="2025-07-31 01:10:45Z" end-time="2025-07-31 01:10:45Z" duration="0.013559" asserts="0">
            <properties />
            <output><![CDATA[{"version":"0.2.0","nodes":[{"id":"e","type":"Entry","inputs":[],"outputs":[{"id":"Exec","type":"exec","value":null}]},{"id":"Get_Value1","type":"Input","inputs":[{"id":"Input","type":"unknown","value":"Value1"}],"outputs":[{"id":"Value","type":"float","value":null}]},{"id":"Get_Value2","type":"Input","inputs":[{"id":"Input","type":"unknown","value":"Value2"}],"outputs":[{"id":"Value","type":"float","value":null}]},{"id":"Set_Result","type":"Set","inputs":[{"id":"Exec","type":"exec","value":null},{"id":"Input","type":"unknown","value":"Result"},{"id":"Value","type":"unknown","value":null}],"outputs":[{"id":"Exec","type":"exec","value":null}]},{"id":"GreaterThanOrEqual","type":"GreaterThanOrEquals","inputs":[{"id":"A","type":"float","value":0.0},{"id":"B","type":"float","value":0.0}],"outputs":[{"id":"Result","type":"boolean","value":null}]}],"connections":[{"source":"e","sourceKey":"Exec","target":"Set_Result","targetKey":"Exec"},{"source":"Get_Value1","sourceKey":"Value","target":"GreaterThanOrEqual","targetKey":"A"},{"source":"Get_Value2","sourceKey":"Value","target":"GreaterThanOrEqual","targetKey":"B"},{"source":"GreaterThanOrEqual","sourceKey":"Result","target":"Set_Result","targetKey":"Value"}],"bindings":[{"id":"Value1","scope":"input","type":"float","value":1.1000000238418579},{"id":"Value2","scope":"input","type":"float","value":1.15},{"id":"Result","scope":"output","type":"boolean","value":null}],"fns":{}}
]]></output>
          </test-case>
          <test-case id="1024" name="TestComparisonNodes&lt;Single&gt;(TestLogicNodes+ComparisonTestCase`1[System.Single])" fullname="TestLogicNodes.TestComparisonNodes&lt;Single&gt;(TestLogicNodes+ComparisonTestCase`1[System.Single])" methodname="TestComparisonNodes" classname="TestLogicNodes" runstate="Runnable" seed="1098808898" result="Passed" start-time="2025-07-31 01:10:45Z" end-time="2025-07-31 01:10:45Z" duration="0.010935" asserts="0">
            <properties>
              <property name="childIndex" value="3" />
              <property name="childIndex" value="3" />
            </properties>
            <output><![CDATA[{"version":"0.2.0","nodes":[{"id":"e","type":"Entry","inputs":[],"outputs":[{"id":"Exec","type":"exec","value":null}]},{"id":"Get_Value1","type":"Input","inputs":[{"id":"Input","type":"unknown","value":"Value1"}],"outputs":[{"id":"Value","type":"float","value":null}]},{"id":"Get_Value2","type":"Input","inputs":[{"id":"Input","type":"unknown","value":"Value2"}],"outputs":[{"id":"Value","type":"float","value":null}]},{"id":"Set_Result","type":"Set","inputs":[{"id":"Exec","type":"exec","value":null},{"id":"Input","type":"unknown","value":"Result"},{"id":"Value","type":"unknown","value":null}],"outputs":[{"id":"Exec","type":"exec","value":null}]},{"id":"GreaterThanOrEqual","type":"GreaterThanOrEquals","inputs":[{"id":"A","type":"float","value":0.0},{"id":"B","type":"float","value":0.0}],"outputs":[{"id":"Result","type":"boolean","value":null}]}],"connections":[{"source":"e","sourceKey":"Exec","target":"Set_Result","targetKey":"Exec"},{"source":"Get_Value1","sourceKey":"Value","target":"GreaterThanOrEqual","targetKey":"A"},{"source":"Get_Value2","sourceKey":"Value","target":"GreaterThanOrEqual","targetKey":"B"},{"source":"GreaterThanOrEqual","sourceKey":"Result","target":"Set_Result","targetKey":"Value"}],"bindings":[{"id":"Value1","scope":"input","type":"float","value":100.2},{"id":"Value2","scope":"input","type":"float","value":1.002},{"id":"Result","scope":"output","type":"boolean","value":null}],"fns":{}}
]]></output>
          </test-case>
          <test-case id="1025" name="TestComparisonNodes&lt;Boolean&gt;(TestLogicNodes+ComparisonTestCase`1[System.Boolean])" fullname="TestLogicNodes.TestComparisonNodes&lt;Boolean&gt;(TestLogicNodes+ComparisonTestCase`1[System.Boolean])" methodname="TestComparisonNodes" classname="TestLogicNodes" runstate="Runnable" seed="744598652" result="Passed" start-time="2025-07-31 01:10:45Z" end-time="2025-07-31 01:10:45Z" duration="0.011356" asserts="0">
            <properties />
            <output><![CDATA[{"version":"0.2.0","nodes":[{"id":"e","type":"Entry","inputs":[],"outputs":[{"id":"Exec","type":"exec","value":null}]},{"id":"Get_Value1","type":"Input","inputs":[{"id":"Input","type":"unknown","value":"Value1"}],"outputs":[{"id":"Value","type":"boolean","value":null}]},{"id":"Get_Value2","type":"Input","inputs":[{"id":"Input","type":"unknown","value":"Value2"}],"outputs":[{"id":"Value","type":"boolean","value":null}]},{"id":"Set_Result","type":"Set","inputs":[{"id":"Exec","type":"exec","value":null},{"id":"Input","type":"unknown","value":"Result"},{"id":"Value","type":"unknown","value":null}],"outputs":[{"id":"Exec","type":"exec","value":null}]},{"id":"Equals","type":"Equals","inputs":[{"id":"A","type":"boolean","value":false},{"id":"B","type":"boolean","value":false}],"outputs":[{"id":"Result","type":"boolean","value":null}]}],"connections":[{"source":"e","sourceKey":"Exec","target":"Set_Result","targetKey":"Exec"},{"source":"Get_Value1","sourceKey":"Value","target":"Equals","targetKey":"A"},{"source":"Get_Value2","sourceKey":"Value","target":"Equals","targetKey":"B"},{"source":"Equals","sourceKey":"Result","target":"Set_Result","targetKey":"Value"}],"bindings":[{"id":"Value1","scope":"input","type":"boolean","value":true},{"id":"Value2","scope":"input","type":"boolean","value":false},{"id":"Result","scope":"output","type":"boolean","value":null}],"fns":{}}
]]></output>
          </test-case>
          <test-case id="1026" name="TestComparisonNodes&lt;Boolean&gt;(TestLogicNodes+ComparisonTestCase`1[System.Boolean])" fullname="TestLogicNodes.TestComparisonNodes&lt;Boolean&gt;(TestLogicNodes+ComparisonTestCase`1[System.Boolean])" methodname="TestComparisonNodes" classname="TestLogicNodes" runstate="Runnable" seed="417981475" result="Passed" start-time="2025-07-31 01:10:45Z" end-time="2025-07-31 01:10:45Z" duration="0.010637" asserts="0">
            <properties>
              <property name="childIndex" value="2" />
              <property name="childIndex" value="2" />
            </properties>
            <output><![CDATA[{"version":"0.2.0","nodes":[{"id":"e","type":"Entry","inputs":[],"outputs":[{"id":"Exec","type":"exec","value":null}]},{"id":"Get_Value1","type":"Input","inputs":[{"id":"Input","type":"unknown","value":"Value1"}],"outputs":[{"id":"Value","type":"boolean","value":null}]},{"id":"Get_Value2","type":"Input","inputs":[{"id":"Input","type":"unknown","value":"Value2"}],"outputs":[{"id":"Value","type":"boolean","value":null}]},{"id":"Set_Result","type":"Set","inputs":[{"id":"Exec","type":"exec","value":null},{"id":"Input","type":"unknown","value":"Result"},{"id":"Value","type":"unknown","value":null}],"outputs":[{"id":"Exec","type":"exec","value":null}]},{"id":"Equals","type":"Equals","inputs":[{"id":"A","type":"boolean","value":false},{"id":"B","type":"boolean","value":false}],"outputs":[{"id":"Result","type":"boolean","value":null}]}],"connections":[{"source":"e","sourceKey":"Exec","target":"Set_Result","targetKey":"Exec"},{"source":"Get_Value1","sourceKey":"Value","target":"Equals","targetKey":"A"},{"source":"Get_Value2","sourceKey":"Value","target":"Equals","targetKey":"B"},{"source":"Equals","sourceKey":"Result","target":"Set_Result","targetKey":"Value"}],"bindings":[{"id":"Value1","scope":"input","type":"boolean","value":true},{"id":"Value2","scope":"input","type":"boolean","value":true},{"id":"Result","scope":"output","type":"boolean","value":null}],"fns":{}}
]]></output>
          </test-case>
          <test-case id="1027" name="TestComparisonNodes&lt;String&gt;(TestLogicNodes+ComparisonTestCase`1[System.String])" fullname="TestLogicNodes.TestComparisonNodes&lt;String&gt;(TestLogicNodes+ComparisonTestCase`1[System.String])" methodname="TestComparisonNodes" classname="TestLogicNodes" runstate="Runnable" seed="260845125" result="Passed" start-time="2025-07-31 01:10:45Z" end-time="2025-07-31 01:10:45Z" duration="0.011542" asserts="0">
            <properties />
            <output><![CDATA[{"version":"0.2.0","nodes":[{"id":"e","type":"Entry","inputs":[],"outputs":[{"id":"Exec","type":"exec","value":null}]},{"id":"Get_Value1","type":"Input","inputs":[{"id":"Input","type":"unknown","value":"Value1"}],"outputs":[{"id":"Value","type":"string","value":null}]},{"id":"Get_Value2","type":"Input","inputs":[{"id":"Input","type":"unknown","value":"Value2"}],"outputs":[{"id":"Value","type":"string","value":null}]},{"id":"Set_Result","type":"Set","inputs":[{"id":"Exec","type":"exec","value":null},{"id":"Input","type":"unknown","value":"Result"},{"id":"Value","type":"unknown","value":null}],"outputs":[{"id":"Exec","type":"exec","value":null}]},{"id":"Equals","type":"Equals","inputs":[{"id":"A","type":"string","value":null},{"id":"B","type":"string","value":null}],"outputs":[{"id":"Result","type":"boolean","value":null}]}],"connections":[{"source":"e","sourceKey":"Exec","target":"Set_Result","targetKey":"Exec"},{"source":"Get_Value1","sourceKey":"Value","target":"Equals","targetKey":"A"},{"source":"Get_Value2","sourceKey":"Value","target":"Equals","targetKey":"B"},{"source":"Equals","sourceKey":"Result","target":"Set_Result","targetKey":"Value"}],"bindings":[{"id":"Value1","scope":"input","type":"string","value":"Hello"},{"id":"Value2","scope":"input","type":"string","value":"hello"},{"id":"Result","scope":"output","type":"boolean","value":null}],"fns":{}}
]]></output>
          </test-case>
          <test-case id="1028" name="TestComparisonNodes&lt;String&gt;(TestLogicNodes+ComparisonTestCase`1[System.String])" fullname="TestLogicNodes.TestComparisonNodes&lt;String&gt;(TestLogicNodes+ComparisonTestCase`1[System.String])" methodname="TestComparisonNodes" classname="TestLogicNodes" runstate="Runnable" seed="733308056" result="Passed" start-time="2025-07-31 01:10:45Z" end-time="2025-07-31 01:10:45Z" duration="0.010501" asserts="0">
            <properties>
              <property name="childIndex" value="2" />
              <property name="childIndex" value="2" />
            </properties>
            <output><![CDATA[{"version":"0.2.0","nodes":[{"id":"e","type":"Entry","inputs":[],"outputs":[{"id":"Exec","type":"exec","value":null}]},{"id":"Get_Value1","type":"Input","inputs":[{"id":"Input","type":"unknown","value":"Value1"}],"outputs":[{"id":"Value","type":"string","value":null}]},{"id":"Get_Value2","type":"Input","inputs":[{"id":"Input","type":"unknown","value":"Value2"}],"outputs":[{"id":"Value","type":"string","value":null}]},{"id":"Set_Result","type":"Set","inputs":[{"id":"Exec","type":"exec","value":null},{"id":"Input","type":"unknown","value":"Result"},{"id":"Value","type":"unknown","value":null}],"outputs":[{"id":"Exec","type":"exec","value":null}]},{"id":"Equals","type":"Equals","inputs":[{"id":"A","type":"string","value":null},{"id":"B","type":"string","value":null}],"outputs":[{"id":"Result","type":"boolean","value":null}]}],"connections":[{"source":"e","sourceKey":"Exec","target":"Set_Result","targetKey":"Exec"},{"source":"Get_Value1","sourceKey":"Value","target":"Equals","targetKey":"A"},{"source":"Get_Value2","sourceKey":"Value","target":"Equals","targetKey":"B"},{"source":"Equals","sourceKey":"Result","target":"Set_Result","targetKey":"Value"}],"bindings":[{"id":"Value1","scope":"input","type":"string","value":"World"},{"id":"Value2","scope":"input","type":"string","value":"World"},{"id":"Result","scope":"output","type":"boolean","value":null}],"fns":{}}
]]></output>
          </test-case>
          <test-case id="1029" name="TestComparisonNodes&lt;Int32&gt;(TestLogicNodes+ComparisonTestCase`1[System.Int32])" fullname="TestLogicNodes.TestComparisonNodes&lt;Int32&gt;(TestLogicNodes+ComparisonTestCase`1[System.Int32])" methodname="TestComparisonNodes" classname="TestLogicNodes" runstate="Runnable" seed="1151646862" result="Passed" start-time="2025-07-31 01:10:45Z" end-time="2025-07-31 01:10:45Z" duration="0.010549" asserts="0">
            <properties>
              <property name="childIndex" value="5" />
              <property name="childIndex" value="5" />
            </properties>
            <output><![CDATA[{"version":"0.2.0","nodes":[{"id":"e","type":"Entry","inputs":[],"outputs":[{"id":"Exec","type":"exec","value":null}]},{"id":"Get_Value1","type":"Input","inputs":[{"id":"Input","type":"unknown","value":"Value1"}],"outputs":[{"id":"Value","type":"int","value":null}]},{"id":"Get_Value2","type":"Input","inputs":[{"id":"Input","type":"unknown","value":"Value2"}],"outputs":[{"id":"Value","type":"int","value":null}]},{"id":"Set_Result","type":"Set","inputs":[{"id":"Exec","type":"exec","value":null},{"id":"Input","type":"unknown","value":"Result"},{"id":"Value","type":"unknown","value":null}],"outputs":[{"id":"Exec","type":"exec","value":null}]},{"id":"Equals","type":"Equals","inputs":[{"id":"A","type":"int","value":0},{"id":"B","type":"int","value":0}],"outputs":[{"id":"Result","type":"boolean","value":null}]}],"connections":[{"source":"e","sourceKey":"Exec","target":"Set_Result","targetKey":"Exec"},{"source":"Get_Value1","sourceKey":"Value","target":"Equals","targetKey":"A"},{"source":"Get_Value2","sourceKey":"Value","target":"Equals","targetKey":"B"},{"source":"Equals","sourceKey":"Result","target":"Set_Result","targetKey":"Value"}],"bindings":[{"id":"Value1","scope":"input","type":"int","value":10},{"id":"Value2","scope":"input","type":"int","value":10},{"id":"Result","scope":"output","type":"boolean","value":null}],"fns":{}}
]]></output>
          </test-case>
          <test-case id="1030" name="TestComparisonNodes&lt;Int32&gt;(TestLogicNodes+ComparisonTestCase`1[System.Int32])" fullname="TestLogicNodes.TestComparisonNodes&lt;Int32&gt;(TestLogicNodes+ComparisonTestCase`1[System.Int32])" methodname="TestComparisonNodes" classname="TestLogicNodes" runstate="Runnable" seed="1642427417" result="Passed" start-time="2025-07-31 01:10:45Z" end-time="2025-07-31 01:10:45Z" duration="0.010434" asserts="0">
            <properties>
              <property name="childIndex" value="6" />
              <property name="childIndex" value="6" />
            </properties>
            <output><![CDATA[{"version":"0.2.0","nodes":[{"id":"e","type":"Entry","inputs":[],"outputs":[{"id":"Exec","type":"exec","value":null}]},{"id":"Get_Value1","type":"Input","inputs":[{"id":"Input","type":"unknown","value":"Value1"}],"outputs":[{"id":"Value","type":"int","value":null}]},{"id":"Get_Value2","type":"Input","inputs":[{"id":"Input","type":"unknown","value":"Value2"}],"outputs":[{"id":"Value","type":"int","value":null}]},{"id":"Set_Result","type":"Set","inputs":[{"id":"Exec","type":"exec","value":null},{"id":"Input","type":"unknown","value":"Result"},{"id":"Value","type":"unknown","value":null}],"outputs":[{"id":"Exec","type":"exec","value":null}]},{"id":"Equals","type":"Equals","inputs":[{"id":"A","type":"int","value":0},{"id":"B","type":"int","value":0}],"outputs":[{"id":"Result","type":"boolean","value":null}]}],"connections":[{"source":"e","sourceKey":"Exec","target":"Set_Result","targetKey":"Exec"},{"source":"Get_Value1","sourceKey":"Value","target":"Equals","targetKey":"A"},{"source":"Get_Value2","sourceKey":"Value","target":"Equals","targetKey":"B"},{"source":"Equals","sourceKey":"Result","target":"Set_Result","targetKey":"Value"}],"bindings":[{"id":"Value1","scope":"input","type":"int","value":1},{"id":"Value2","scope":"input","type":"int","value":11},{"id":"Result","scope":"output","type":"boolean","value":null}],"fns":{}}
]]></output>
          </test-case>
          <test-case id="1031" name="TestComparisonNodes&lt;Single&gt;(TestLogicNodes+ComparisonTestCase`1[System.Single])" fullname="TestLogicNodes.TestComparisonNodes&lt;Single&gt;(TestLogicNodes+ComparisonTestCase`1[System.Single])" methodname="TestComparisonNodes" classname="TestLogicNodes" runstate="Runnable" seed="1532620620" result="Passed" start-time="2025-07-31 01:10:45Z" end-time="2025-07-31 01:10:45Z" duration="0.010601" asserts="0">
            <properties>
              <property name="childIndex" value="4" />
              <property name="childIndex" value="4" />
            </properties>
            <output><![CDATA[{"version":"0.2.0","nodes":[{"id":"e","type":"Entry","inputs":[],"outputs":[{"id":"Exec","type":"exec","value":null}]},{"id":"Get_Value1","type":"Input","inputs":[{"id":"Input","type":"unknown","value":"Value1"}],"outputs":[{"id":"Value","type":"float","value":null}]},{"id":"Get_Value2","type":"Input","inputs":[{"id":"Input","type":"unknown","value":"Value2"}],"outputs":[{"id":"Value","type":"float","value":null}]},{"id":"Set_Result","type":"Set","inputs":[{"id":"Exec","type":"exec","value":null},{"id":"Input","type":"unknown","value":"Result"},{"id":"Value","type":"unknown","value":null}],"outputs":[{"id":"Exec","type":"exec","value":null}]},{"id":"Equals","type":"Equals","inputs":[{"id":"A","type":"float","value":0.0},{"id":"B","type":"float","value":0.0}],"outputs":[{"id":"Result","type":"boolean","value":null}]}],"connections":[{"source":"e","sourceKey":"Exec","target":"Set_Result","targetKey":"Exec"},{"source":"Get_Value1","sourceKey":"Value","target":"Equals","targetKey":"A"},{"source":"Get_Value2","sourceKey":"Value","target":"Equals","targetKey":"B"},{"source":"Equals","sourceKey":"Result","target":"Set_Result","targetKey":"Value"}],"bindings":[{"id":"Value1","scope":"input","type":"float","value":1.0},{"id":"Value2","scope":"input","type":"float","value":1.0},{"id":"Result","scope":"output","type":"boolean","value":null}],"fns":{}}
]]></output>
          </test-case>
          <test-case id="1032" name="TestComparisonNodes&lt;Single&gt;(TestLogicNodes+ComparisonTestCase`1[System.Single])" fullname="TestLogicNodes.TestComparisonNodes&lt;Single&gt;(TestLogicNodes+ComparisonTestCase`1[System.Single])" methodname="TestComparisonNodes" classname="TestLogicNodes" runstate="Runnable" seed="1801088498" result="Passed" start-time="2025-07-31 01:10:45Z" end-time="2025-07-31 01:10:45Z" duration="0.010513" asserts="0">
            <properties>
              <property name="childIndex" value="5" />
              <property name="childIndex" value="5" />
            </properties>
            <output><![CDATA[{"version":"0.2.0","nodes":[{"id":"e","type":"Entry","inputs":[],"outputs":[{"id":"Exec","type":"exec","value":null}]},{"id":"Get_Value1","type":"Input","inputs":[{"id":"Input","type":"unknown","value":"Value1"}],"outputs":[{"id":"Value","type":"float","value":null}]},{"id":"Get_Value2","type":"Input","inputs":[{"id":"Input","type":"unknown","value":"Value2"}],"outputs":[{"id":"Value","type":"float","value":null}]},{"id":"Set_Result","type":"Set","inputs":[{"id":"Exec","type":"exec","value":null},{"id":"Input","type":"unknown","value":"Result"},{"id":"Value","type":"unknown","value":null}],"outputs":[{"id":"Exec","type":"exec","value":null}]},{"id":"Equals","type":"Equals","inputs":[{"id":"A","type":"float","value":0.0},{"id":"B","type":"float","value":0.0}],"outputs":[{"id":"Result","type":"boolean","value":null}]}],"connections":[{"source":"e","sourceKey":"Exec","target":"Set_Result","targetKey":"Exec"},{"source":"Get_Value1","sourceKey":"Value","target":"Equals","targetKey":"A"},{"source":"Get_Value2","sourceKey":"Value","target":"Equals","targetKey":"B"},{"source":"Equals","sourceKey":"Result","target":"Set_Result","targetKey":"Value"}],"bindings":[{"id":"Value1","scope":"input","type":"float","value":5.5},{"id":"Value2","scope":"input","type":"float","value":5.05},{"id":"Result","scope":"output","type":"boolean","value":null}],"fns":{}}
]]></output>
          </test-case>
          <test-case id="1033" name="TestComparisonNodes&lt;String&gt;(TestLogicNodes+ComparisonTestCase`1[System.String])" fullname="TestLogicNodes.TestComparisonNodes&lt;String&gt;(TestLogicNodes+ComparisonTestCase`1[System.String])" methodname="TestComparisonNodes" classname="TestLogicNodes" runstate="Runnable" seed="47910545" result="Passed" start-time="2025-07-31 01:10:45Z" end-time="2025-07-31 01:10:45Z" duration="0.010745" asserts="0">
            <properties>
              <property name="childIndex" value="3" />
              <property name="childIndex" value="3" />
            </properties>
            <output><![CDATA[{"version":"0.2.0","nodes":[{"id":"e","type":"Entry","inputs":[],"outputs":[{"id":"Exec","type":"exec","value":null}]},{"id":"Get_Value1","type":"Input","inputs":[{"id":"Input","type":"unknown","value":"Value1"}],"outputs":[{"id":"Value","type":"string","value":null}]},{"id":"Get_Value2","type":"Input","inputs":[{"id":"Input","type":"unknown","value":"Value2"}],"outputs":[{"id":"Value","type":"string","value":null}]},{"id":"Set_Result","type":"Set","inputs":[{"id":"Exec","type":"exec","value":null},{"id":"Input","type":"unknown","value":"Result"},{"id":"Value","type":"unknown","value":null}],"outputs":[{"id":"Exec","type":"exec","value":null}]},{"id":"NotEquals","type":"NotEquals","inputs":[{"id":"A","type":"string","value":null},{"id":"B","type":"string","value":null}],"outputs":[{"id":"Result","type":"boolean","value":null}]}],"connections":[{"source":"e","sourceKey":"Exec","target":"Set_Result","targetKey":"Exec"},{"source":"Get_Value1","sourceKey":"Value","target":"NotEquals","targetKey":"A"},{"source":"Get_Value2","sourceKey":"Value","target":"NotEquals","targetKey":"B"},{"source":"NotEquals","sourceKey":"Result","target":"Set_Result","targetKey":"Value"}],"bindings":[{"id":"Value1","scope":"input","type":"string","value":"Hello"},{"id":"Value2","scope":"input","type":"string","value":"hello"},{"id":"Result","scope":"output","type":"boolean","value":null}],"fns":{}}
]]></output>
          </test-case>
          <test-case id="1034" name="TestComparisonNodes&lt;String&gt;(TestLogicNodes+ComparisonTestCase`1[System.String])" fullname="TestLogicNodes.TestComparisonNodes&lt;String&gt;(TestLogicNodes+ComparisonTestCase`1[System.String])" methodname="TestComparisonNodes" classname="TestLogicNodes" runstate="Runnable" seed="1263576269" result="Passed" start-time="2025-07-31 01:10:45Z" end-time="2025-07-31 01:10:45Z" duration="0.011103" asserts="0">
            <properties>
              <property name="childIndex" value="4" />
              <property name="childIndex" value="4" />
            </properties>
            <output><![CDATA[{"version":"0.2.0","nodes":[{"id":"e","type":"Entry","inputs":[],"outputs":[{"id":"Exec","type":"exec","value":null}]},{"id":"Get_Value1","type":"Input","inputs":[{"id":"Input","type":"unknown","value":"Value1"}],"outputs":[{"id":"Value","type":"string","value":null}]},{"id":"Get_Value2","type":"Input","inputs":[{"id":"Input","type":"unknown","value":"Value2"}],"outputs":[{"id":"Value","type":"string","value":null}]},{"id":"Set_Result","type":"Set","inputs":[{"id":"Exec","type":"exec","value":null},{"id":"Input","type":"unknown","value":"Result"},{"id":"Value","type":"unknown","value":null}],"outputs":[{"id":"Exec","type":"exec","value":null}]},{"id":"NotEquals","type":"NotEquals","inputs":[{"id":"A","type":"string","value":null},{"id":"B","type":"string","value":null}],"outputs":[{"id":"Result","type":"boolean","value":null}]}],"connections":[{"source":"e","sourceKey":"Exec","target":"Set_Result","targetKey":"Exec"},{"source":"Get_Value1","sourceKey":"Value","target":"NotEquals","targetKey":"A"},{"source":"Get_Value2","sourceKey":"Value","target":"NotEquals","targetKey":"B"},{"source":"NotEquals","sourceKey":"Result","target":"Set_Result","targetKey":"Value"}],"bindings":[{"id":"Value1","scope":"input","type":"string","value":"World"},{"id":"Value2","scope":"input","type":"string","value":"World"},{"id":"Result","scope":"output","type":"boolean","value":null}],"fns":{}}
]]></output>
          </test-case>
          <test-case id="1035" name="TestComparisonNodes&lt;Int32&gt;(TestLogicNodes+ComparisonTestCase`1[System.Int32])" fullname="TestLogicNodes.TestComparisonNodes&lt;Int32&gt;(TestLogicNodes+ComparisonTestCase`1[System.Int32])" methodname="TestComparisonNodes" classname="TestLogicNodes" runstate="Runnable" seed="1596570958" result="Passed" start-time="2025-07-31 01:10:45Z" end-time="2025-07-31 01:10:45Z" duration="0.011184" asserts="0">
            <properties>
              <property name="childIndex" value="7" />
              <property name="childIndex" value="7" />
            </properties>
            <output><![CDATA[{"version":"0.2.0","nodes":[{"id":"e","type":"Entry","inputs":[],"outputs":[{"id":"Exec","type":"exec","value":null}]},{"id":"Get_Value1","type":"Input","inputs":[{"id":"Input","type":"unknown","value":"Value1"}],"outputs":[{"id":"Value","type":"int","value":null}]},{"id":"Get_Value2","type":"Input","inputs":[{"id":"Input","type":"unknown","value":"Value2"}],"outputs":[{"id":"Value","type":"int","value":null}]},{"id":"Set_Result","type":"Set","inputs":[{"id":"Exec","type":"exec","value":null},{"id":"Input","type":"unknown","value":"Result"},{"id":"Value","type":"unknown","value":null}],"outputs":[{"id":"Exec","type":"exec","value":null}]},{"id":"NotEquals","type":"NotEquals","inputs":[{"id":"A","type":"int","value":0},{"id":"B","type":"int","value":0}],"outputs":[{"id":"Result","type":"boolean","value":null}]}],"connections":[{"source":"e","sourceKey":"Exec","target":"Set_Result","targetKey":"Exec"},{"source":"Get_Value1","sourceKey":"Value","target":"NotEquals","targetKey":"A"},{"source":"Get_Value2","sourceKey":"Value","target":"NotEquals","targetKey":"B"},{"source":"NotEquals","sourceKey":"Result","target":"Set_Result","targetKey":"Value"}],"bindings":[{"id":"Value1","scope":"input","type":"int","value":10},{"id":"Value2","scope":"input","type":"int","value":10},{"id":"Result","scope":"output","type":"boolean","value":null}],"fns":{}}
]]></output>
          </test-case>
          <test-case id="1036" name="TestComparisonNodes&lt;Int32&gt;(TestLogicNodes+ComparisonTestCase`1[System.Int32])" fullname="TestLogicNodes.TestComparisonNodes&lt;Int32&gt;(TestLogicNodes+ComparisonTestCase`1[System.Int32])" methodname="TestComparisonNodes" classname="TestLogicNodes" runstate="Runnable" seed="1822844572" result="Passed" start-time="2025-07-31 01:10:45Z" end-time="2025-07-31 01:10:45Z" duration="0.010941" asserts="0">
            <properties>
              <property name="childIndex" value="8" />
              <property name="childIndex" value="8" />
            </properties>
            <output><![CDATA[{"version":"0.2.0","nodes":[{"id":"e","type":"Entry","inputs":[],"outputs":[{"id":"Exec","type":"exec","value":null}]},{"id":"Get_Value1","type":"Input","inputs":[{"id":"Input","type":"unknown","value":"Value1"}],"outputs":[{"id":"Value","type":"int","value":null}]},{"id":"Get_Value2","type":"Input","inputs":[{"id":"Input","type":"unknown","value":"Value2"}],"outputs":[{"id":"Value","type":"int","value":null}]},{"id":"Set_Result","type":"Set","inputs":[{"id":"Exec","type":"exec","value":null},{"id":"Input","type":"unknown","value":"Result"},{"id":"Value","type":"unknown","value":null}],"outputs":[{"id":"Exec","type":"exec","value":null}]},{"id":"NotEquals","type":"NotEquals","inputs":[{"id":"A","type":"int","value":0},{"id":"B","type":"int","value":0}],"outputs":[{"id":"Result","type":"boolean","value":null}]}],"connections":[{"source":"e","sourceKey":"Exec","target":"Set_Result","targetKey":"Exec"},{"source":"Get_Value1","sourceKey":"Value","target":"NotEquals","targetKey":"A"},{"source":"Get_Value2","sourceKey":"Value","target":"NotEquals","targetKey":"B"},{"source":"NotEquals","sourceKey":"Result","target":"Set_Result","targetKey":"Value"}],"bindings":[{"id":"Value1","scope":"input","type":"int","value":1},{"id":"Value2","scope":"input","type":"int","value":11},{"id":"Result","scope":"output","type":"boolean","value":null}],"fns":{}}
]]></output>
          </test-case>
          <test-case id="1037" name="TestComparisonNodes&lt;Single&gt;(TestLogicNodes+ComparisonTestCase`1[System.Single])" fullname="TestLogicNodes.TestComparisonNodes&lt;Single&gt;(TestLogicNodes+ComparisonTestCase`1[System.Single])" methodname="TestComparisonNodes" classname="TestLogicNodes" runstate="Runnable" seed="565364114" result="Passed" start-time="2025-07-31 01:10:45Z" end-time="2025-07-31 01:10:45Z" duration="0.011193" asserts="0">
            <properties>
              <property name="childIndex" value="6" />
              <property name="childIndex" value="6" />
            </properties>
            <output><![CDATA[{"version":"0.2.0","nodes":[{"id":"e","type":"Entry","inputs":[],"outputs":[{"id":"Exec","type":"exec","value":null}]},{"id":"Get_Value1","type":"Input","inputs":[{"id":"Input","type":"unknown","value":"Value1"}],"outputs":[{"id":"Value","type":"float","value":null}]},{"id":"Get_Value2","type":"Input","inputs":[{"id":"Input","type":"unknown","value":"Value2"}],"outputs":[{"id":"Value","type":"float","value":null}]},{"id":"Set_Result","type":"Set","inputs":[{"id":"Exec","type":"exec","value":null},{"id":"Input","type":"unknown","value":"Result"},{"id":"Value","type":"unknown","value":null}],"outputs":[{"id":"Exec","type":"exec","value":null}]},{"id":"NotEquals","type":"NotEquals","inputs":[{"id":"A","type":"float","value":0.0},{"id":"B","type":"float","value":0.0}],"outputs":[{"id":"Result","type":"boolean","value":null}]}],"connections":[{"source":"e","sourceKey":"Exec","target":"Set_Result","targetKey":"Exec"},{"source":"Get_Value1","sourceKey":"Value","target":"NotEquals","targetKey":"A"},{"source":"Get_Value2","sourceKey":"Value","target":"NotEquals","targetKey":"B"},{"source":"NotEquals","sourceKey":"Result","target":"Set_Result","targetKey":"Value"}],"bindings":[{"id":"Value1","scope":"input","type":"float","value":1.0},{"id":"Value2","scope":"input","type":"float","value":1.0},{"id":"Result","scope":"output","type":"boolean","value":null}],"fns":{}}
]]></output>
          </test-case>
          <test-case id="1038" name="TestComparisonNodes&lt;Single&gt;(TestLogicNodes+ComparisonTestCase`1[System.Single])" fullname="TestLogicNodes.TestComparisonNodes&lt;Single&gt;(TestLogicNodes+ComparisonTestCase`1[System.Single])" methodname="TestComparisonNodes" classname="TestLogicNodes" runstate="Runnable" seed="313151018" result="Passed" start-time="2025-07-31 01:10:45Z" end-time="2025-07-31 01:10:45Z" duration="0.011014" asserts="0">
            <properties>
              <property name="childIndex" value="7" />
              <property name="childIndex" value="7" />
            </properties>
            <output><![CDATA[{"version":"0.2.0","nodes":[{"id":"e","type":"Entry","inputs":[],"outputs":[{"id":"Exec","type":"exec","value":null}]},{"id":"Get_Value1","type":"Input","inputs":[{"id":"Input","type":"unknown","value":"Value1"}],"outputs":[{"id":"Value","type":"float","value":null}]},{"id":"Get_Value2","type":"Input","inputs":[{"id":"Input","type":"unknown","value":"Value2"}],"outputs":[{"id":"Value","type":"float","value":null}]},{"id":"Set_Result","type":"Set","inputs":[{"id":"Exec","type":"exec","value":null},{"id":"Input","type":"unknown","value":"Result"},{"id":"Value","type":"unknown","value":null}],"outputs":[{"id":"Exec","type":"exec","value":null}]},{"id":"NotEquals","type":"NotEquals","inputs":[{"id":"A","type":"float","value":0.0},{"id":"B","type":"float","value":0.0}],"outputs":[{"id":"Result","type":"boolean","value":null}]}],"connections":[{"source":"e","sourceKey":"Exec","target":"Set_Result","targetKey":"Exec"},{"source":"Get_Value1","sourceKey":"Value","target":"NotEquals","targetKey":"A"},{"source":"Get_Value2","sourceKey":"Value","target":"NotEquals","targetKey":"B"},{"source":"NotEquals","sourceKey":"Result","target":"Set_Result","targetKey":"Value"}],"bindings":[{"id":"Value1","scope":"input","type":"float","value":5.5},{"id":"Value2","scope":"input","type":"float","value":5.05},{"id":"Result","scope":"output","type":"boolean","value":null}],"fns":{}}
]]></output>
          </test-case>
          <test-case id="1039" name="TestComparisonNodes&lt;Int32&gt;(TestLogicNodes+ComparisonTestCase`1[System.Int32])" fullname="TestLogicNodes.TestComparisonNodes&lt;Int32&gt;(TestLogicNodes+ComparisonTestCase`1[System.Int32])" methodname="TestComparisonNodes" classname="TestLogicNodes" runstate="Runnable" seed="109641969" result="Passed" start-time="2025-07-31 01:10:45Z" end-time="2025-07-31 01:10:45Z" duration="0.011036" asserts="0">
            <properties>
              <property name="childIndex" value="9" />
              <property name="childIndex" value="9" />
            </properties>
            <output><![CDATA[{"version":"0.2.0","nodes":[{"id":"e","type":"Entry","inputs":[],"outputs":[{"id":"Exec","type":"exec","value":null}]},{"id":"Get_Value1","type":"Input","inputs":[{"id":"Input","type":"unknown","value":"Value1"}],"outputs":[{"id":"Value","type":"int","value":null}]},{"id":"Get_Value2","type":"Input","inputs":[{"id":"Input","type":"unknown","value":"Value2"}],"outputs":[{"id":"Value","type":"int","value":null}]},{"id":"Set_Result","type":"Set","inputs":[{"id":"Exec","type":"exec","value":null},{"id":"Input","type":"unknown","value":"Result"},{"id":"Value","type":"unknown","value":null}],"outputs":[{"id":"Exec","type":"exec","value":null}]},{"id":"LessThan","type":"LessThan","inputs":[{"id":"A","type":"int","value":0},{"id":"B","type":"int","value":0}],"outputs":[{"id":"Result","type":"boolean","value":null}]}],"connections":[{"source":"e","sourceKey":"Exec","target":"Set_Result","targetKey":"Exec"},{"source":"Get_Value1","sourceKey":"Value","target":"LessThan","targetKey":"A"},{"source":"Get_Value2","sourceKey":"Value","target":"LessThan","targetKey":"B"},{"source":"LessThan","sourceKey":"Result","target":"Set_Result","targetKey":"Value"}],"bindings":[{"id":"Value1","scope":"input","type":"int","value":10},{"id":"Value2","scope":"input","type":"int","value":5},{"id":"Result","scope":"output","type":"boolean","value":null}],"fns":{}}
]]></output>
          </test-case>
          <test-case id="1040" name="TestComparisonNodes&lt;Int32&gt;(TestLogicNodes+ComparisonTestCase`1[System.Int32])" fullname="TestLogicNodes.TestComparisonNodes&lt;Int32&gt;(TestLogicNodes+ComparisonTestCase`1[System.Int32])" methodname="TestComparisonNodes" classname="TestLogicNodes" runstate="Runnable" seed="939222754" result="Passed" start-time="2025-07-31 01:10:45Z" end-time="2025-07-31 01:10:45Z" duration="0.010912" asserts="0">
            <properties>
              <property name="childIndex" value="10" />
              <property name="childIndex" value="10" />
            </properties>
            <output><![CDATA[{"version":"0.2.0","nodes":[{"id":"e","type":"Entry","inputs":[],"outputs":[{"id":"Exec","type":"exec","value":null}]},{"id":"Get_Value1","type":"Input","inputs":[{"id":"Input","type":"unknown","value":"Value1"}],"outputs":[{"id":"Value","type":"int","value":null}]},{"id":"Get_Value2","type":"Input","inputs":[{"id":"Input","type":"unknown","value":"Value2"}],"outputs":[{"id":"Value","type":"int","value":null}]},{"id":"Set_Result","type":"Set","inputs":[{"id":"Exec","type":"exec","value":null},{"id":"Input","type":"unknown","value":"Result"},{"id":"Value","type":"unknown","value":null}],"outputs":[{"id":"Exec","type":"exec","value":null}]},{"id":"LessThan","type":"LessThan","inputs":[{"id":"A","type":"int","value":0},{"id":"B","type":"int","value":0}],"outputs":[{"id":"Result","type":"boolean","value":null}]}],"connections":[{"source":"e","sourceKey":"Exec","target":"Set_Result","targetKey":"Exec"},{"source":"Get_Value1","sourceKey":"Value","target":"LessThan","targetKey":"A"},{"source":"Get_Value2","sourceKey":"Value","target":"LessThan","targetKey":"B"},{"source":"LessThan","sourceKey":"Result","target":"Set_Result","targetKey":"Value"}],"bindings":[{"id":"Value1","scope":"input","type":"int","value":5},{"id":"Value2","scope":"input","type":"int","value":10},{"id":"Result","scope":"output","type":"boolean","value":null}],"fns":{}}
]]></output>
          </test-case>
          <test-case id="1041" name="TestComparisonNodes&lt;Single&gt;(TestLogicNodes+ComparisonTestCase`1[System.Single])" fullname="TestLogicNodes.TestComparisonNodes&lt;Single&gt;(TestLogicNodes+ComparisonTestCase`1[System.Single])" methodname="TestComparisonNodes" classname="TestLogicNodes" runstate="Runnable" seed="498621747" result="Passed" start-time="2025-07-31 01:10:45Z" end-time="2025-07-31 01:10:45Z" duration="0.010024" asserts="0">
            <properties>
              <property name="childIndex" value="8" />
              <property name="childIndex" value="8" />
            </properties>
            <output><![CDATA[{"version":"0.2.0","nodes":[{"id":"e","type":"Entry","inputs":[],"outputs":[{"id":"Exec","type":"exec","value":null}]},{"id":"Get_Value1","type":"Input","inputs":[{"id":"Input","type":"unknown","value":"Value1"}],"outputs":[{"id":"Value","type":"float","value":null}]},{"id":"Get_Value2","type":"Input","inputs":[{"id":"Input","type":"unknown","value":"Value2"}],"outputs":[{"id":"Value","type":"float","value":null}]},{"id":"Set_Result","type":"Set","inputs":[{"id":"Exec","type":"exec","value":null},{"id":"Input","type":"unknown","value":"Result"},{"id":"Value","type":"unknown","value":null}],"outputs":[{"id":"Exec","type":"exec","value":null}]},{"id":"LessThan","type":"LessThan","inputs":[{"id":"A","type":"float","value":0.0},{"id":"B","type":"float","value":0.0}],"outputs":[{"id":"Result","type":"boolean","value":null}]}],"connections":[{"source":"e","sourceKey":"Exec","target":"Set_Result","targetKey":"Exec"},{"source":"Get_Value1","sourceKey":"Value","target":"LessThan","targetKey":"A"},{"source":"Get_Value2","sourceKey":"Value","target":"LessThan","targetKey":"B"},{"source":"LessThan","sourceKey":"Result","target":"Set_Result","targetKey":"Value"}],"bindings":[{"id":"Value1","scope":"input","type":"float","value":1.75},{"id":"Value2","scope":"input","type":"float","value":1.25},{"id":"Result","scope":"output","type":"boolean","value":null}],"fns":{}}
]]></output>
          </test-case>
          <test-case id="1042" name="TestComparisonNodes&lt;Single&gt;(TestLogicNodes+ComparisonTestCase`1[System.Single])" fullname="TestLogicNodes.TestComparisonNodes&lt;Single&gt;(TestLogicNodes+ComparisonTestCase`1[System.Single])" methodname="TestComparisonNodes" classname="TestLogicNodes" runstate="Runnable" seed="247380955" result="Passed" start-time="2025-07-31 01:10:45Z" end-time="2025-07-31 01:10:45Z" duration="0.009874" asserts="0">
            <properties>
              <property name="childIndex" value="9" />
              <property name="childIndex" value="9" />
            </properties>
            <output><![CDATA[{"version":"0.2.0","nodes":[{"id":"e","type":"Entry","inputs":[],"outputs":[{"id":"Exec","type":"exec","value":null}]},{"id":"Get_Value1","type":"Input","inputs":[{"id":"Input","type":"unknown","value":"Value1"}],"outputs":[{"id":"Value","type":"float","value":null}]},{"id":"Get_Value2","type":"Input","inputs":[{"id":"Input","type":"unknown","value":"Value2"}],"outputs":[{"id":"Value","type":"float","value":null}]},{"id":"Set_Result","type":"Set","inputs":[{"id":"Exec","type":"exec","value":null},{"id":"Input","type":"unknown","value":"Result"},{"id":"Value","type":"unknown","value":null}],"outputs":[{"id":"Exec","type":"exec","value":null}]},{"id":"LessThan","type":"LessThan","inputs":[{"id":"A","type":"float","value":0.0},{"id":"B","type":"float","value":0.0}],"outputs":[{"id":"Result","type":"boolean","value":null}]}],"connections":[{"source":"e","sourceKey":"Exec","target":"Set_Result","targetKey":"Exec"},{"source":"Get_Value1","sourceKey":"Value","target":"LessThan","targetKey":"A"},{"source":"Get_Value2","sourceKey":"Value","target":"LessThan","targetKey":"B"},{"source":"LessThan","sourceKey":"Result","target":"Set_Result","targetKey":"Value"}],"bindings":[{"id":"Value1","scope":"input","type":"float","value":1.5},{"id":"Value2","scope":"input","type":"float","value":1.5},{"id":"Result","scope":"output","type":"boolean","value":null}],"fns":{}}
]]></output>
          </test-case>
          <test-case id="1043" name="TestComparisonNodes&lt;Int32&gt;(TestLogicNodes+ComparisonTestCase`1[System.Int32])" fullname="TestLogicNodes.TestComparisonNodes&lt;Int32&gt;(TestLogicNodes+ComparisonTestCase`1[System.Int32])" methodname="TestComparisonNodes" classname="TestLogicNodes" runstate="Runnable" seed="1688374004" result="Passed" start-time="2025-07-31 01:10:45Z" end-time="2025-07-31 01:10:45Z" duration="0.010026" asserts="0">
            <properties>
              <property name="childIndex" value="11" />
              <property name="childIndex" value="11" />
            </properties>
            <output><![CDATA[{"version":"0.2.0","nodes":[{"id":"e","type":"Entry","inputs":[],"outputs":[{"id":"Exec","type":"exec","value":null}]},{"id":"Get_Value1","type":"Input","inputs":[{"id":"Input","type":"unknown","value":"Value1"}],"outputs":[{"id":"Value","type":"int","value":null}]},{"id":"Get_Value2","type":"Input","inputs":[{"id":"Input","type":"unknown","value":"Value2"}],"outputs":[{"id":"Value","type":"int","value":null}]},{"id":"Set_Result","type":"Set","inputs":[{"id":"Exec","type":"exec","value":null},{"id":"Input","type":"unknown","value":"Result"},{"id":"Value","type":"unknown","value":null}],"outputs":[{"id":"Exec","type":"exec","value":null}]},{"id":"LessThanOrEquals","type":"LessThanOrEquals","inputs":[{"id":"A","type":"int","value":0},{"id":"B","type":"int","value":0}],"outputs":[{"id":"Result","type":"boolean","value":null}]}],"connections":[{"source":"e","sourceKey":"Exec","target":"Set_Result","targetKey":"Exec"},{"source":"Get_Value1","sourceKey":"Value","target":"LessThanOrEquals","targetKey":"A"},{"source":"Get_Value2","sourceKey":"Value","target":"LessThanOrEquals","targetKey":"B"},{"source":"LessThanOrEquals","sourceKey":"Result","target":"Set_Result","targetKey":"Value"}],"bindings":[{"id":"Value1","scope":"input","type":"int","value":10},{"id":"Value2","scope":"input","type":"int","value":10},{"id":"Result","scope":"output","type":"boolean","value":null}],"fns":{}}
]]></output>
          </test-case>
          <test-case id="1044" name="TestComparisonNodes&lt;Int32&gt;(TestLogicNodes+ComparisonTestCase`1[System.Int32])" fullname="TestLogicNodes.TestComparisonNodes&lt;Int32&gt;(TestLogicNodes+ComparisonTestCase`1[System.Int32])" methodname="TestComparisonNodes" classname="TestLogicNodes" runstate="Runnable" seed="1632856898" result="Passed" start-time="2025-07-31 01:10:45Z" end-time="2025-07-31 01:10:45Z" duration="0.009871" asserts="0">
            <properties>
              <property name="childIndex" value="12" />
              <property name="childIndex" value="12" />
            </properties>
            <output><![CDATA[{"version":"0.2.0","nodes":[{"id":"e","type":"Entry","inputs":[],"outputs":[{"id":"Exec","type":"exec","value":null}]},{"id":"Get_Value1","type":"Input","inputs":[{"id":"Input","type":"unknown","value":"Value1"}],"outputs":[{"id":"Value","type":"int","value":null}]},{"id":"Get_Value2","type":"Input","inputs":[{"id":"Input","type":"unknown","value":"Value2"}],"outputs":[{"id":"Value","type":"int","value":null}]},{"id":"Set_Result","type":"Set","inputs":[{"id":"Exec","type":"exec","value":null},{"id":"Input","type":"unknown","value":"Result"},{"id":"Value","type":"unknown","value":null}],"outputs":[{"id":"Exec","type":"exec","value":null}]},{"id":"LessThanOrEquals","type":"LessThanOrEquals","inputs":[{"id":"A","type":"int","value":0},{"id":"B","type":"int","value":0}],"outputs":[{"id":"Result","type":"boolean","value":null}]}],"connections":[{"source":"e","sourceKey":"Exec","target":"Set_Result","targetKey":"Exec"},{"source":"Get_Value1","sourceKey":"Value","target":"LessThanOrEquals","targetKey":"A"},{"source":"Get_Value2","sourceKey":"Value","target":"LessThanOrEquals","targetKey":"B"},{"source":"LessThanOrEquals","sourceKey":"Result","target":"Set_Result","targetKey":"Value"}],"bindings":[{"id":"Value1","scope":"input","type":"int","value":20},{"id":"Value2","scope":"input","type":"int","value":10},{"id":"Result","scope":"output","type":"boolean","value":null}],"fns":{}}
]]></output>
          </test-case>
          <test-case id="1045" name="TestComparisonNodes&lt;Double&gt;(TestLogicNodes+ComparisonTestCase`1[System.Double])" fullname="TestLogicNodes.TestComparisonNodes&lt;Double&gt;(TestLogicNodes+ComparisonTestCase`1[System.Double])" methodname="TestComparisonNodes" classname="TestLogicNodes" runstate="Runnable" seed="1037181515" result="Passed" start-time="2025-07-31 01:10:45Z" end-time="2025-07-31 01:10:45Z" duration="0.010120" asserts="0">
            <properties>
              <property name="childIndex" value="2" />
              <property name="childIndex" value="2" />
            </properties>
[...]
          <properties>
            <property name="_JOINTYPE" value="UnityCombinatorial" />
          </properties>
          <output><![CDATA[{"version":"0.2.0","nodes":[{"id":"e","type":"Entry","inputs":[],"outputs":[{"id":"Exec","type":"exec","value":null}]},{"id":"Get_testString","type":"Input","inputs":[{"id":"Input","type":"unknown","value":"testString"}],"outputs":[{"id":"Value","type":"string","value":null}]},{"id":"Set_Result","type":"Set","inputs":[{"id":"Exec","type":"exec","value":null},{"id":"Input","type":"unknown","value":"Result"},{"id":"Value","type":"unknown","value":null}],"outputs":[{"id":"Exec","type":"exec","value":null}]},{"id":"Split","type":"Split","inputs":[{"id":"String","type":"string","value":""},{"id":"Separator","type":"string","value":"."}],"outputs":[{"id":"Array","type":"Array<string>","value":null}]}],"connections":[{"source":"e","sourceKey":"Exec","target":"Set_Result","targetKey":"Exec"},{"source":"Get_testString","sourceKey":"Value","target":"Split","targetKey":"String"},{"source":"Split","sourceKey":"Array","target":"Set_Result","targetKey":"Value"}],"bindings":[{"id":"testString","scope":"input","type":"string","value":"One,Two,Three"},{"id":"Result","scope":"output","type":"Array<string>","value":null}],"fns":{}}
]]></output>
        </test-case>
        <test-case id="1085" name="TestToLower" fullname="TestStringNodes.TestToLower" methodname="TestToLower" classname="TestStringNodes" runstate="Runnable" seed="2034284650" result="Passed" start-time="2025-07-31 01:10:46Z" end-time="2025-07-31 01:10:46Z" duration="0.011248" asserts="0">
          <properties>
            <property name="_JOINTYPE" value="UnityCombinatorial" />
          </properties>
          <output><![CDATA[{"version":"0.2.0","nodes":[{"id":"e","type":"Entry","inputs":[],"outputs":[{"id":"Exec","type":"exec","value":null}]},{"id":"Get_testString","type":"Input","inputs":[{"id":"Input","type":"unknown","value":"testString"}],"outputs":[{"id":"Value","type":"string","value":null}]},{"id":"Set_Result","type":"Set","inputs":[{"id":"Exec","type":"exec","value":null},{"id":"Input","type":"unknown","value":"Result"},{"id":"Value","type":"unknown","value":null}],"outputs":[{"id":"Exec","type":"exec","value":null}]},{"id":"ToLower","type":"ToLower","inputs":[{"id":"Input","type":"string","value":""}],"outputs":[{"id":"Output","type":"string","value":null}]}],"connections":[{"source":"e","sourceKey":"Exec","target":"Set_Result","targetKey":"Exec"},{"source":"Get_testString","sourceKey":"Value","target":"ToLower","targetKey":"Input"},{"source":"ToLower","sourceKey":"Output","target":"Set_Result","targetKey":"Value"}],"bindings":[{"id":"testString","scope":"input","type":"string","value":"HELLO, WORLD!"},{"id":"Result","scope":"output","type":"string","value":null}],"fns":{}}
]]></output>
        </test-case>
        <test-suite type="GenericMethod" id="1092" name="TestToString" fullname="TestStringNodes.TestToString" classname="TestStringNodes" runstate="Runnable" testcasecount="5" result="Passed" start-time="2025-07-31 01:10:46Z" end-time="2025-07-31 01:10:46Z" duration="0.059994" total="5" passed="5" failed="0" inconclusive="0" skipped="0" asserts="0">
          <properties>
            <property name="_JOINTYPE" value="UnityCombinatorial" />
          </properties>
          <test-case id="1087" name="TestToString&lt;Int32&gt;(TestStringNodes+ToStringTestCase`1[[System.Int32, mscorlib, Version=4.0.0.0, Culture=neutral, PublicKeyToken=b77a5c561934e089]])" fullname="TestStringNodes.TestToString&lt;Int32&gt;(TestStringNodes+ToStringTestCase`1[[System.Int32, mscorlib, Version=4.0.0.0, Culture=neutral, PublicKeyToken=b77a5c561934e089]])" methodname="TestToString" classname="TestStringNodes" runstate="Runnable" seed="447001492" result="Passed" start-time="2025-07-31 01:10:46Z" end-time="2025-07-31 01:10:46Z" duration="0.011302" asserts="0">
            <properties />
            <output><![CDATA[{"version":"0.2.0","nodes":[{"id":"e","type":"Entry","inputs":[],"outputs":[{"id":"Exec","type":"exec","value":null}]},{"id":"Get_value","type":"Input","inputs":[{"id":"Input","type":"unknown","value":"value"}],"outputs":[{"id":"Value","type":"int","value":null}]},{"id":"Set_Result","type":"Set","inputs":[{"id":"Exec","type":"exec","value":null},{"id":"Input","type":"unknown","value":"Result"},{"id":"Value","type":"unknown","value":null}],"outputs":[{"id":"Exec","type":"exec","value":null}]},{"id":"ToString","type":"ToString","inputs":[{"id":"Value","type":"int","value":0}],"outputs":[{"id":"String","type":"string","value":null}]}],"connections":[{"source":"e","sourceKey":"Exec","target":"Set_Result","targetKey":"Exec"},{"source":"Get_value","sourceKey":"Value","target":"ToString","targetKey":"Value"},{"source":"ToString","sourceKey":"String","target":"Set_Result","targetKey":"Value"}],"bindings":[{"id":"value","scope":"input","type":"int","value":3},{"id":"Result","scope":"output","type":"string","value":null}],"fns":{}}
]]></output>
          </test-case>
          <test-case id="1088" name="TestToString&lt;Single&gt;(TestStringNodes+ToStringTestCase`1[[System.Single, mscorlib, Version=4.0.0.0, Culture=neutral, PublicKeyToken=b77a5c561934e089]])" fullname="TestStringNodes.TestToString&lt;Single&gt;(TestStringNodes+ToStringTestCase`1[[System.Single, mscorlib, Version=4.0.0.0, Culture=neutral, PublicKeyToken=b77a5c561934e089]])" methodname="TestToString" classname="TestStringNodes" runstate="Runnable" seed="305371852" result="Passed" start-time="2025-07-31 01:10:46Z" end-time="2025-07-31 01:10:46Z" duration="0.010960" asserts="0">
            <properties />
            <output><![CDATA[{"version":"0.2.0","nodes":[{"id":"e","type":"Entry","inputs":[],"outputs":[{"id":"Exec","type":"exec","value":null}]},{"id":"Get_value","type":"Input","inputs":[{"id":"Input","type":"unknown","value":"value"}],"outputs":[{"id":"Value","type":"float","value":null}]},{"id":"Set_Result","type":"Set","inputs":[{"id":"Exec","type":"exec","value":null},{"id":"Input","type":"unknown","value":"Result"},{"id":"Value","type":"unknown","value":null}],"outputs":[{"id":"Exec","type":"exec","value":null}]},{"id":"ToString","type":"ToString","inputs":[{"id":"Value","type":"float","value":0.0}],"outputs":[{"id":"String","type":"string","value":null}]}],"connections":[{"source":"e","sourceKey":"Exec","target":"Set_Result","targetKey":"Exec"},{"source":"Get_value","sourceKey":"Value","target":"ToString","targetKey":"Value"},{"source":"ToString","sourceKey":"String","target":"Set_Result","targetKey":"Value"}],"bindings":[{"id":"value","scope":"input","type":"float","value":3.3},{"id":"Result","scope":"output","type":"string","value":null}],"fns":{}}
]]></output>
          </test-case>
          <test-case id="1089" name="TestToString&lt;Boolean&gt;(TestStringNodes+ToStringTestCase`1[[System.Boolean, mscorlib, Version=4.0.0.0, Culture=neutral, PublicKeyToken=b77a5c561934e089]])" fullname="TestStringNodes.TestToString&lt;Boolean&gt;(TestStringNodes+ToStringTestCase`1[[System.Boolean, mscorlib, Version=4.0.0.0, Culture=neutral, PublicKeyToken=b77a5c561934e089]])" methodname="TestToString" classname="TestStringNodes" runstate="Runnable" seed="1557644345" result="Passed" start-time="2025-07-31 01:10:46Z" end-time="2025-07-31 01:10:46Z" duration="0.012184" asserts="0">
            <properties />
            <output><![CDATA[{"version":"0.2.0","nodes":[{"id":"e","type":"Entry","inputs":[],"outputs":[{"id":"Exec","type":"exec","value":null}]},{"id":"Get_value","type":"Input","inputs":[{"id":"Input","type":"unknown","value":"value"}],"outputs":[{"id":"Value","type":"boolean","value":null}]},{"id":"Set_Result","type":"Set","inputs":[{"id":"Exec","type":"exec","value":null},{"id":"Input","type":"unknown","value":"Result"},{"id":"Value","type":"unknown","value":null}],"outputs":[{"id":"Exec","type":"exec","value":null}]},{"id":"ToString","type":"ToString","inputs":[{"id":"Value","type":"boolean","value":false}],"outputs":[{"id":"String","type":"string","value":null}]}],"connections":[{"source":"e","sourceKey":"Exec","target":"Set_Result","targetKey":"Exec"},{"source":"Get_value","sourceKey":"Value","target":"ToString","targetKey":"Value"},{"source":"ToString","sourceKey":"String","target":"Set_Result","targetKey":"Value"}],"bindings":[{"id":"value","scope":"input","type":"boolean","value":false},{"id":"Result","scope":"output","type":"string","value":null}],"fns":{}}
]]></output>
          </test-case>
          <test-case id="1090" name="TestToString&lt;List`1&gt;(TestStringNodes+ToStringTestCase`1[[System.Collections.Generic.List`1[[System.Int32, mscorlib, Version=4.0.0.0, Culture=neutral, PublicKeyToken=b77a5c561934e089]], mscorlib, Version=4.0.0.0, Culture=neutral, PublicKeyToken=b77a5c561934e089]])" fullname="TestStringNodes.TestToString&lt;List`1&gt;(TestStringNodes+ToStringTestCase`1[[System.Collections.Generic.List`1[[System.Int32, mscorlib, Version=4.0.0.0, Culture=neutral, PublicKeyToken=b77a5c561934e089]], mscorlib, Version=4.0.0.0, Culture=neutral, PublicKeyToken=b77a5c561934e089]])" methodname="TestToString" classname="TestStringNodes" runstate="Runnable" seed="2132220704" result="Passed" start-time="2025-07-31 01:10:46Z" end-time="2025-07-31 01:10:46Z" duration="0.012356" asserts="0">
            <properties />
            <output><![CDATA[{"version":"0.2.0","nodes":[{"id":"e","type":"Entry","inputs":[],"outputs":[{"id":"Exec","type":"exec","value":null}]},{"id":"Get_value","type":"Input","inputs":[{"id":"Input","type":"unknown","value":"value"}],"outputs":[{"id":"Value","type":"Array<int>","value":null}]},{"id":"Set_Result","type":"Set","inputs":[{"id":"Exec","type":"exec","value":null},{"id":"Input","type":"unknown","value":"Result"},{"id":"Value","type":"unknown","value":null}],"outputs":[{"id":"Exec","type":"exec","value":null}]},{"id":"ToString","type":"ToString","inputs":[{"id":"Value","type":"Array<int>","value":null}],"outputs":[{"id":"String","type":"string","value":null}]}],"connections":[{"source":"e","sourceKey":"Exec","target":"Set_Result","targetKey":"Exec"},{"source":"Get_value","sourceKey":"Value","target":"ToString","targetKey":"Value"},{"source":"ToString","sourceKey":"String","target":"Set_Result","targetKey":"Value"}],"bindings":[{"id":"value","scope":"input","type":"Array<int>","value":[1,2,3]},{"id":"Result","scope":"output","type":"string","value":null}],"fns":{}}
]]></output>
          </test-case>
          <test-case id="1091" name="TestToString&lt;Material&gt;(TestStringNodes+ToStringTestCase`1[[UnityEngine.Material, UnityEngine.CoreModule, Version=0.0.0.0, Culture=neutral, PublicKeyToken=null]])" fullname="TestStringNodes.TestToString&lt;Material&gt;(TestStringNodes+ToStringTestCase`1[[UnityEngine.Material, UnityEngine.CoreModule, Version=0.0.0.0, Culture=neutral, PublicKeyToken=null]])" methodname="TestToString" classname="TestStringNodes" runstate="Runnable" seed="1346910256" result="Passed" start-time="2025-07-31 01:10:46Z" end-time="2025-07-31 01:10:46Z" duration="0.011220" asserts="0">
            <properties />
            <output><![CDATA[{"version":"0.2.0","nodes":[{"id":"e","type":"Entry","inputs":[],"outputs":[{"id":"Exec","type":"exec","value":null}]},{"id":"Get_value","type":"Input","inputs":[{"id":"Input","type":"unknown","value":"value"}],"outputs":[{"id":"Value","type":"Material","value":null}]},{"id":"Set_Result","type":"Set","inputs":[{"id":"Exec","type":"exec","value":null},{"id":"Input","type":"unknown","value":"Result"},{"id":"Value","type":"unknown","value":null}],"outputs":[{"id":"Exec","type":"exec","value":null}]},{"id":"ToString","type":"ToString","inputs":[{"id":"Value","type":"Material","value":null}],"outputs":[{"id":"String","type":"string","value":null}]}],"connections":[{"source":"e","sourceKey":"Exec","target":"Set_Result","targetKey":"Exec"},{"source":"Get_value","sourceKey":"Value","target":"ToString","targetKey":"Value"},{"source":"ToString","sourceKey":"String","target":"Set_Result","targetKey":"Value"}],"bindings":[{"id":"value","scope":"input","type":"Material","value":null},{"id":"Result","scope":"output","type":"string","value":null}],"fns":{}}
]]></output>
          </test-case>
        </test-suite>
        <test-case id="1093" name="TestToStringForeign" fullname="TestStringNodes.TestToStringForeign" methodname="TestToStringForeign" classname="TestStringNodes" runstate="Runnable" seed="1588809980" result="Passed" start-time="2025-07-31 01:10:46Z" end-time="2025-07-31 01:10:46Z" duration="0.012785" asserts="0">
          <properties>
            <property name="_JOINTYPE" value="UnityCombinatorial" />
          </properties>
          <output><![CDATA[{"version":"0.2.0","nodes":[{"id":"e","type":"Entry","inputs":[],"outputs":[{"id":"Exec","type":"exec","value":null}]},{"id":"Set_Result","type":"Set","inputs":[{"id":"Exec","type":"exec","value":null},{"id":"Input","type":"unknown","value":"Result"},{"id":"Value","type":"unknown","value":null}],"outputs":[{"id":"Exec","type":"exec","value":null}]},{"id":"CreateSceneNode","type":"CreateSceneNode","inputs":[{"id":"Exec","type":"exec","value":null},{"id":"Name","type":"string","value":"Parent"},{"id":"Parent","type":"SceneNode","value":null}],"outputs":[{"id":"Exec","type":"exec","value":null},{"id":"Node","type":"SceneNode","value":null}]},{"id":"ToString","type":"ToString","inputs":[{"id":"Value","type":"SceneNode","value":null}],"outputs":[{"id":"String","type":"string","value":null}]}],"connections":[{"source":"e","sourceKey":"Exec","target":"CreateSceneNode","targetKey":"Exec"},{"source":"CreateSceneNode","sourceKey":"Exec","target":"Set_Result","targetKey":"Exec"},{"source":"CreateSceneNode","sourceKey":"Node","target":"ToString","targetKey":"Value"},{"source":"ToString","sourceKey":"String","target":"Set_Result","targetKey":"Value"},{"source":"ToString","sourceKey":"String","target":"Set_Result","targetKey":"Value"}],"bindings":[{"id":"Result","scope":"output","type":"string","value":null}],"fns":{}}
]]></output>
        </test-case>
        <test-case id="1086" name="TestToUpper" fullname="TestStringNodes.TestToUpper" methodname="TestToUpper" classname="TestStringNodes" runstate="Runnable" seed="975737744" result="Passed" start-time="2025-07-31 01:10:46Z" end-time="2025-07-31 01:10:46Z" duration="0.011811" asserts="0">
          <properties>
            <property name="_JOINTYPE" value="UnityCombinatorial" />
          </properties>
          <output><![CDATA[{"version":"0.2.0","nodes":[{"id":"e","type":"Entry","inputs":[],"outputs":[{"id":"Exec","type":"exec","value":null}]},{"id":"Get_testString","type":"Input","inputs":[{"id":"Input","type":"unknown","value":"testString"}],"outputs":[{"id":"Value","type":"string","value":null}]},{"id":"Set_Result","type":"Set","inputs":[{"id":"Exec","type":"exec","value":null},{"id":"Input","type":"unknown","value":"Result"},{"id":"Value","type":"unknown","value":null}],"outputs":[{"id":"Exec","type":"exec","value":null}]},{"id":"ToUpper","type":"ToUpper","inputs":[{"id":"Input","type":"string","value":""}],"outputs":[{"id":"Output","type":"string","value":null}]}],"connections":[{"source":"e","sourceKey":"Exec","target":"Set_Result","targetKey":"Exec"},{"source":"Get_testString","sourceKey":"Value","target":"ToUpper","targetKey":"Input"},{"source":"ToUpper","sourceKey":"Output","target":"Set_Result","targetKey":"Value"}],"bindings":[{"id":"testString","scope":"input","type":"string","value":"Hello, World!"},{"id":"Result","scope":"output","type":"string","value":null}],"fns":{}}
]]></output>
        </test-case>
      </test-suite>
    </test-suite>
    <test-suite type="Assembly" id="1105" name="com.futureverse.ubf.tests.general.dll" fullname="/github/workspace/Library/ScriptAssemblies/com.futureverse.ubf.tests.general.dll" runstate="Runnable" testcasecount="8" result="Passed" start-time="2025-07-31 01:10:46Z" end-time="2025-07-31 01:10:46Z" duration="0.077290" total="8" passed="8" failed="0" inconclusive="0" skipped="0" asserts="0">
      <properties>
        <property name="_PID" value="1260" />
        <property name="_APPDOMAIN" value="Unity Child Domain" />
        <property name="platform" value="PlayMode" />
      </properties>
      <test-suite type="TestFixture" id="1095" name="TestDynamics" fullname="TestDynamics" classname="TestDynamics" runstate="Runnable" testcasecount="6" result="Passed" start-time="2025-07-31 01:10:46Z" end-time="2025-07-31 01:10:46Z" duration="0.056869" total="6" passed="6" failed="0" inconclusive="0" skipped="0" asserts="0">
        <properties />
        <test-case id="1100" name="DynamicArray" fullname="TestDynamics.DynamicArray" methodname="DynamicArray" classname="TestDynamics" runstate="Runnable" seed="904937902" result="Passed" start-time="2025-07-31 01:10:46Z" end-time="2025-07-31 01:10:46Z" duration="0.011235" asserts="0">
          <properties />
        </test-case>
        <test-case id="1099" name="DynamicBool" fullname="TestDynamics.DynamicBool" methodname="DynamicBool" classname="TestDynamics" runstate="Runnable" seed="610752083" result="Passed" start-time="2025-07-31 01:10:46Z" end-time="2025-07-31 01:10:46Z" duration="0.009833" asserts="0">
          <properties />
        </test-case>
        <test-case id="1101" name="DynamicDictionary" fullname="TestDynamics.DynamicDictionary" methodname="DynamicDictionary" classname="TestDynamics" runstate="Runnable" seed="512271687" result="Passed" start-time="2025-07-31 01:10:46Z" end-time="2025-07-31 01:10:46Z" duration="0.008698" asserts="0">
          <properties />
        </test-case>
        <test-case id="1097" name="DynamicFloat" fullname="TestDynamics.DynamicFloat" methodname="DynamicFloat" classname="TestDynamics" runstate="Runnable" seed="9758021" result="Passed" start-time="2025-07-31 01:10:46Z" end-time="2025-07-31 01:10:46Z" duration="0.008225" asserts="0">
          <properties />
        </test-case>
        <test-case id="1098" name="DynamicInt" fullname="TestDynamics.DynamicInt" methodname="DynamicInt" classname="TestDynamics" runstate="Runnable" seed="386065211" result="Passed" start-time="2025-07-31 01:10:46Z" end-time="2025-07-31 01:10:46Z" duration="0.008199" asserts="0">
          <properties />
        </test-case>
        <test-case id="1096" name="DynamicString" fullname="TestDynamics.DynamicString" methodname="DynamicString" classname="TestDynamics" runstate="Runnable" seed="1090271040" result="Passed" start-time="2025-07-31 01:10:46Z" end-time="2025-07-31 01:10:46Z" duration="0.008182" asserts="0">
          <properties />
        </test-case>
      </test-suite>
      <test-suite type="TestFixture" id="1102" name="TestGraphs" fullname="TestGraphs" classname="TestGraphs" runstate="Runnable" testcasecount="2" result="Passed" start-time="2025-07-31 01:10:46Z" end-time="2025-07-31 01:10:46Z" duration="0.019588" total="2" passed="2" failed="0" inconclusive="0" skipped="0" asserts="0">
        <properties />
        <test-case id="1103" name="LoadEmptyGraph" fullname="TestGraphs.LoadEmptyGraph" methodname="LoadEmptyGraph" classname="TestGraphs" runstate="Runnable" seed="1972403750" result="Passed" start-time="2025-07-31 01:10:46Z" end-time="2025-07-31 01:10:46Z" duration="0.008986" asserts="0">
          <properties />
          <output><![CDATA[[UBF][DLL] Failed to load graph: EOF while parsing a value at line 1 column 0
]]></output>
        </test-case>
        <test-case id="1104" name="LoadUnsupportedGraph" fullname="TestGraphs.LoadUnsupportedGraph" methodname="LoadUnsupportedGraph" classname="TestGraphs" runstate="Runnable" seed="665675038" result="Passed" start-time="2025-07-31 01:10:46Z" end-time="2025-07-31 01:10:46Z" duration="0.009309" asserts="0">
          <properties />
          <output><![CDATA[[UBF] Cannot load blueprint with unsupported standard version (0.0.0)
]]></output>
        </test-case>
      </test-suite>
    </test-suite>
  </test-suite>
</test-run>