<?xml version="1.0" encoding="utf-8"?>
<test-run id="2" testcasecount="91" result="Passed" total="91" passed="91" failed="0" inconclusive="0" skipped="0" asserts="0" engine-version="3.5.0.0" clr-version="4.0.30319.42000" start-time="2025-07-10 22:34:28Z" end-time="2025-07-10 22:34:30Z" duration="1.7067774">
  <test-suite type="TestSuite" id="1000" name="UBF Playground" fullname="UBF Playground" runstate="Runnable" testcasecount="91" result="Passed" start-time="2025-07-10 22:34:28Z" end-time="2025-07-10 22:34:30Z" duration="1.706777" total="91" passed="91" failed="0" inconclusive="0" skipped="0" asserts="0">
    <properties />
    <test-suite type="Assembly" id="1094" name="com.futureverse.ubf.tests.0.2.0.dll" fullname="/github/workspace/Library/ScriptAssemblies/com.futureverse.ubf.tests.0.2.0.dll" runstate="Runnable" testcasecount="83" result="Passed" start-time="2025-07-10 22:34:28Z" end-time="2025-07-10 22:34:29Z" duration="1.625887" total="83" passed="83" failed="0" inconclusive="0" skipped="0" asserts="0">
      <properties>
        <property name="_PID" value="1225" />
        <property name="_APPDOMAIN" value="Unity Child Domain" />
        <property name="platform" value="PlayMode" />
      </properties>
      <test-suite type="TestFixture" id="1001" name="TestArrayNodes" fullname="TestArrayNodes" classname="TestArrayNodes" runstate="Runnable" testcasecount="7" result="Passed" start-time="2025-07-10 22:34:28Z" end-time="2025-07-10 22:34:28Z" duration="0.275274" total="7" passed="7" failed="0" inconclusive="0" skipped="0" asserts="0">
        <properties />
        <test-case id="1004" name="TestAtIndex" fullname="TestArrayNodes.TestAtIndex" methodname="TestAtIndex" classname="TestArrayNodes" runstate="Runnable" seed="15868858" result="Passed" start-time="2025-07-10 22:34:28Z" end-time="2025-07-10 22:34:28Z" duration="0.159635" asserts="0">
          <properties>
            <property name="_JOINTYPE" value="UnityCombinatorial" />
          </properties>
          <output><![CDATA[{"version":"0.2.0","nodes":[{"id":"e","type":"Entry","inputs":[],"outputs":[{"id":"Exec","type":"exec","value":null}]},{"id":"Get_Array","type":"Input","inputs":[{"id":"Input","type":"unknown","value":"Array"}],"outputs":[{"id":"Value","type":"Array<int>","value":null}]},{"id":"Set_Result","type":"Set","inputs":[{"id":"Exec","type":"exec","value":null},{"id":"Input","type":"unknown","value":"Result"},{"id":"Value","type":"unknown","value":null}],"outputs":[{"id":"Exec","type":"exec","value":null}]},{"id":"AtIndex","type":"AtIndex","inputs":[{"id":"Array","type":"Array<int>","value":null},{"id":"Index","type":"int","value":1}],"outputs":[{"id":"Element","type":"int","value":null}]}],"connections":[{"source":"e","sourceKey":"Exec","target":"Set_Result","targetKey":"Exec"},{"source":"Get_Array","sourceKey":"Value","target":"AtIndex","targetKey":"Array"},{"source":"AtIndex","sourceKey":"Element","target":"Set_Result","targetKey":"Value"}],"bindings":[{"id":"Array","scope":"input","type":"Array<int>","value":[1,2,3,4]},{"id":"Result","scope":"output","type":"int","value":null}],"fns":{}}
]]></output>
        </test-case>
        <test-case id="1005" name="TestAtIndexOutOfBounds" fullname="TestArrayNodes.TestAtIndexOutOfBounds" methodname="TestAtIndexOutOfBounds" classname="TestArrayNodes" runstate="Runnable" seed="1477966837" result="Passed" start-time="2025-07-10 22:34:28Z" end-time="2025-07-10 22:34:28Z" duration="0.013083" asserts="0">
          <properties>
            <property name="_JOINTYPE" value="UnityCombinatorial" />
          </properties>
          <output><![CDATA[{"version":"0.2.0","nodes":[{"id":"e","type":"Entry","inputs":[],"outputs":[{"id":"Exec","type":"exec","value":null}]},{"id":"Get_Array","type":"Input","inputs":[{"id":"Input","type":"unknown","value":"Array"}],"outputs":[{"id":"Value","type":"Array<int>","value":null}]},{"id":"Set_Result","type":"Set","inputs":[{"id":"Exec","type":"exec","value":null},{"id":"Input","type":"unknown","value":"Result"},{"id":"Value","type":"unknown","value":null}],"outputs":[{"id":"Exec","type":"exec","value":null}]},{"id":"AtIndex","type":"AtIndex","inputs":[{"id":"Array","type":"Array<int>","value":null},{"id":"Index","type":"int","value":5}],"outputs":[{"id":"Element","type":"int","value":null}]}],"connections":[{"source":"e","sourceKey":"Exec","target":"Set_Result","targetKey":"Exec"},{"source":"Get_Array","sourceKey":"Value","target":"AtIndex","targetKey":"Array"},{"source":"AtIndex","sourceKey":"Element","target":"Set_Result","targetKey":"Value"}],"bindings":[{"id":"Array","scope":"input","type":"Array<int>","value":[1,2,3]},{"id":"Result","scope":"output","type":"int","value":null}],"fns":{}}
[UBF][DLL][AtIndex] Index out of bounds!
]]></output>
        </test-case>
        <test-case id="1002" name="TestFirst" fullname="TestArrayNodes.TestFirst" methodname="TestFirst" classname="TestArrayNodes" runstate="Runnable" seed="1209985286" result="Passed" start-time="2025-07-10 22:34:28Z" end-time="2025-07-10 22:34:28Z" duration="0.009933" asserts="0">
          <properties>
            <property name="_JOINTYPE" value="UnityCombinatorial" />
          </properties>
          <output><![CDATA[{"version":"0.2.0","nodes":[{"id":"e","type":"Entry","inputs":[],"outputs":[{"id":"Exec","type":"exec","value":null}]},{"id":"Get_Array","type":"Input","inputs":[{"id":"Input","type":"unknown","value":"Array"}],"outputs":[{"id":"Value","type":"Array<int>","value":null}]},{"id":"Set_Result","type":"Set","inputs":[{"id":"Exec","type":"exec","value":null},{"id":"Input","type":"unknown","value":"Result"},{"id":"Value","type":"unknown","value":null}],"outputs":[{"id":"Exec","type":"exec","value":null}]},{"id":"First","type":"First","inputs":[{"id":"Array","type":"Array<int>","value":null}],"outputs":[{"id":"Element","type":"int","value":null}]}],"connections":[{"source":"e","sourceKey":"Exec","target":"Set_Result","targetKey":"Exec"},{"source":"Get_Array","sourceKey":"Value","target":"First","targetKey":"Array"},{"source":"First","sourceKey":"Element","target":"Set_Result","targetKey":"Value"}],"bindings":[{"id":"Array","scope":"input","type":"Array<int>","value":[1,2,3,4]},{"id":"Result","scope":"output","type":"int","value":null}],"fns":{}}
]]></output>
        </test-case>
        <test-case id="1003" name="TestFirstWithEmptyArray" fullname="TestArrayNodes.TestFirstWithEmptyArray" methodname="TestFirstWithEmptyArray" classname="TestArrayNodes" runstate="Runnable" seed="452906651" result="Passed" start-time="2025-07-10 22:34:28Z" end-time="2025-07-10 22:34:28Z" duration="0.010095" asserts="0">
          <properties>
            <property name="_JOINTYPE" value="UnityCombinatorial" />
          </properties>
          <output><![CDATA[{"version":"0.2.0","nodes":[{"id":"e","type":"Entry","inputs":[],"outputs":[{"id":"Exec","type":"exec","value":null}]},{"id":"Get_Array","type":"Input","inputs":[{"id":"Input","type":"unknown","value":"Array"}],"outputs":[{"id":"Value","type":"Array<int>","value":null}]},{"id":"Set_Result","type":"Set","inputs":[{"id":"Exec","type":"exec","value":null},{"id":"Input","type":"unknown","value":"Result"},{"id":"Value","type":"unknown","value":null}],"outputs":[{"id":"Exec","type":"exec","value":null}]},{"id":"First","type":"First","inputs":[{"id":"Array","type":"Array<int>","value":null}],"outputs":[{"id":"Element","type":"int","value":null}]}],"connections":[{"source":"e","sourceKey":"Exec","target":"Set_Result","targetKey":"Exec"},{"source":"Get_Array","sourceKey":"Value","target":"First","targetKey":"Array"},{"source":"First","sourceKey":"Element","target":"Set_Result","targetKey":"Value"}],"bindings":[{"id":"Array","scope":"input","type":"Array<int>","value":[]},{"id":"Result","scope":"output","type":"int","value":null}],"fns":{}}
[UBF][DLL][First] Array is empty
]]></output>
        </test-case>
        <test-case id="1007" name="TestForeach" fullname="TestArrayNodes.TestForeach" methodname="TestForeach" classname="TestArrayNodes" runstate="Runnable" seed="236124104" result="Passed" start-time="2025-07-10 22:34:28Z" end-time="2025-07-10 22:34:28Z" duration="0.018568" asserts="0">
          <properties>
            <property name="_JOINTYPE" value="UnityCombinatorial" />
          </properties>
          <output><![CDATA[{"version":"0.2.0","nodes":[{"id":"e","type":"Entry","inputs":[],"outputs":[{"id":"Exec","type":"exec","value":null}]},{"id":"Get_Array","type":"Input","inputs":[{"id":"Input","type":"unknown","value":"Array"}],"outputs":[{"id":"Value","type":"Array<string>","value":null}]},{"id":"ForEach","type":"ForEach","inputs":[{"id":"Exec","type":"exec","value":null},{"id":"Array","type":"Array<string>","value":null}],"outputs":[{"id":"Exec","type":"exec","value":null},{"id":"Loop Body","type":"exec","value":null},{"id":"Array Element","type":"string","value":null},{"id":"Array Index","type":"int","value":null}]},{"id":"DebugLog1","type":"DebugLog","inputs":[{"id":"Exec","type":"exec","value":null},{"id":"Message","type":"string","value":""}],"outputs":[{"id":"Exec","type":"exec","value":null}]},{"id":"DebugLog2","type":"DebugLog","inputs":[{"id":"Exec","type":"exec","value":null},{"id":"Message","type":"string","value":""}],"outputs":[{"id":"Exec","type":"exec","value":null}]},{"id":"ToString","type":"ToString","inputs":[{"id":"Value","type":"int","value":0}],"outputs":[{"id":"String","type":"string","value":null}]}],"connections":[{"source":"e","sourceKey":"Exec","target":"ForEach","targetKey":"Exec"},{"source":"Get_Array","sourceKey":"Value","target":"ForEach","targetKey":"Array"},{"source":"ForEach","sourceKey":"Loop Body","target":"DebugLog1","targetKey":"Exec"},{"source":"ForEach","sourceKey":"Array Element","target":"DebugLog1","targetKey":"Message"},{"source":"DebugLog1","sourceKey":"Exec","target":"DebugLog2","targetKey":"Exec"},{"source":"ForEach","sourceKey":"Array Index","target":"ToString","targetKey":"Value"},{"source":"ToString","sourceKey":"String","target":"DebugLog2","targetKey":"Message"}],"bindings":[{"id":"Array","scope":"input","type":"Array<string>","value":["Hello","World"]}],"fns":{}}
[UBF] Hello
[UBF] 0
[UBF] World
[UBF] 1
]]></output>
        </test-case>
        <test-case id="1008" name="TestForeachAsync" fullname="TestArrayNodes.TestForeachAsync" methodname="TestForeachAsync" classname="TestArrayNodes" runstate="Runnable" seed="906759389" result="Passed" start-time="2025-07-10 22:34:28Z" end-time="2025-07-10 22:34:28Z" duration="0.019603" asserts="0">
          <properties>
            <property name="_JOINTYPE" value="UnityCombinatorial" />
          </properties>
          <output><![CDATA[{"version":"0.2.0","nodes":[{"id":"e","type":"Entry","inputs":[],"outputs":[{"id":"Exec","type":"exec","value":null}]},{"id":"Get_Array","type":"Input","inputs":[{"id":"Input","type":"unknown","value":"Array"}],"outputs":[{"id":"Value","type":"Array<string>","value":null}]},{"id":"ForEach","type":"ForEach","inputs":[{"id":"Exec","type":"exec","value":null},{"id":"Array","type":"Array<string>","value":null}],"outputs":[{"id":"Exec","type":"exec","value":null},{"id":"Loop Body","type":"exec","value":null},{"id":"Array Element","type":"string","value":null},{"id":"Array Index","type":"int","value":null}]},{"id":"DebugLog1","type":"DebugLog","inputs":[{"id":"Exec","type":"exec","value":null},{"id":"Message","type":"string","value":""}],"outputs":[{"id":"Exec","type":"exec","value":null}]},{"id":"DebugLog2","type":"DebugLog","inputs":[{"id":"Exec","type":"exec","value":null},{"id":"Message","type":"string","value":"Finished"}],"outputs":[{"id":"Exec","type":"exec","value":null}]},{"id":"WaitForFrames","type":"TestWaitForFrames","inputs":[{"id":"Exec","type":"exec","value":null}],"outputs":[{"id":"Exec","type":"exec","value":null}]}],"connections":[{"source":"e","sourceKey":"Exec","target":"ForEach","targetKey":"Exec"},{"source":"Get_Array","sourceKey":"Value","target":"ForEach","targetKey":"Array"},{"source":"ForEach","sourceKey":"Loop Body","target":"WaitForFrames","targetKey":"Exec"},{"source":"WaitForFrames","sourceKey":"Exec","target":"DebugLog1","targetKey":"Exec"},{"source":"ForEach","sourceKey":"Array Element","target":"DebugLog1","targetKey":"Message"},{"source":"ForEach","sourceKey":"Exec","target":"DebugLog2","targetKey":"Exec"}],"bindings":[{"id":"Array","scope":"input","type":"Array<string>","value":["Hello","World"]}],"fns":{}}
[UBF] Hello
[UBF] World
[UBF] Finished
]]></output>
        </test-case>
        <test-case id="1006" name="TestMakeArray" fullname="TestArrayNodes.TestMakeArray" methodname="TestMakeArray" classname="TestArrayNodes" runstate="Runnable" seed="1061818132" result="Passed" start-time="2025-07-10 22:34:28Z" end-time="2025-07-10 22:34:28Z" duration="0.020376" asserts="0">
          <properties>
            <property name="_JOINTYPE" value="UnityCombinatorial" />
          </properties>
          <output><![CDATA[{"version":"0.2.0","nodes":[{"id":"e","type":"Entry","inputs":[],"outputs":[{"id":"Exec","type":"exec","value":null}]},{"id":"Get_Item1","type":"Input","inputs":[{"id":"Input","type":"unknown","value":"Item1"}],"outputs":[{"id":"Value","type":"string","value":null}]},{"id":"Get_Item2","type":"Input","inputs":[{"id":"Input","type":"unknown","value":"Item2"}],"outputs":[{"id":"Value","type":"string","value":null}]},{"id":"Set_Result","type":"Set","inputs":[{"id":"Exec","type":"exec","value":null},{"id":"Input","type":"unknown","value":"Result"},{"id":"Value","type":"unknown","value":null}],"outputs":[{"id":"Exec","type":"exec","value":null}]},{"id":"MakeArray","type":"MakeArray","inputs":[{"id":"Item.1","type":"string","value":null},{"id":"Item.2","type":"string","value":null}],"outputs":[{"id":"Array","type":"Array<string>","value":null}]}],"connections":[{"source":"e","sourceKey":"Exec","target":"Set_Result","targetKey":"Exec"},{"source":"Get_Item1","sourceKey":"Value","target":"MakeArray","targetKey":"Item.1"},{"source":"Get_Item2","sourceKey":"Value","target":"MakeArray","targetKey":"Item.2"},{"source":"MakeArray","sourceKey":"Array","target":"Set_Result","targetKey":"Value"}],"bindings":[{"id":"Item1","scope":"input","type":"string","value":"Hello"},{"id":"Item2","scope":"input","type":"string","value":"World"},{"id":"Result","scope":"output","type":"Array<string>","value":null}],"fns":{}}
]]></output>
        </test-case>
      </test-suite>
      <test-suite type="TestFixture" id="1009" name="TestGraph" fullname="TestGraph" classname="TestGraph" runstate="Runnable" testcasecount="2" result="Passed" start-time="2025-07-10 22:34:28Z" end-time="2025-07-10 22:34:28Z" duration="0.021604" total="2" passed="2" failed="0" inconclusive="0" skipped="0" asserts="0">
        <properties />
        <test-case id="1011" name="LoadBasicGraph" fullname="TestGraph.LoadBasicGraph" methodname="LoadBasicGraph" classname="TestGraph" runstate="Runnable" seed="1980858413" result="Passed" start-time="2025-07-10 22:34:28Z" end-time="2025-07-10 22:34:28Z" duration="0.010862" asserts="0">
          <properties />
          <output><![CDATA[{"version":"0.2.0","nodes":[{"id":"e","type":"Entry","inputs":[],"outputs":[{"id":"Exec","type":"exec","value":null}]},{"id":"dbl","type":"DebugLog","inputs":[{"id":"Exec","type":"exec","value":null},{"id":"Message","type":"string","value":"Hello, World!"}],"outputs":[{"id":"Exec","type":"exec","value":null}]}],"connections":[{"source":"e","sourceKey":"Exec","target":"dbl","targetKey":"Exec"}],"bindings":[],"fns":{}}
]]></output>
        </test-case>
        <test-case id="1010" name="LoadGraphNoEntryNode" fullname="TestGraph.LoadGraphNoEntryNode" methodname="LoadGraphNoEntryNode" classname="TestGraph" runstate="Runnable" seed="1866844169" result="Passed" start-time="2025-07-10 22:34:28Z" end-time="2025-07-10 22:34:28Z" duration="0.009070" asserts="0">
          <properties />
          <output><![CDATA[{"version":"0.2.0","nodes":[],"connections":[],"bindings":[],"fns":{}}
[UBF][DLL] Could not execute graph - no Entry node found
]]></output>
        </test-case>
      </test-suite>
      <test-suite type="TestFixture" id="1012" name="TestLogicNodes" fullname="TestLogicNodes" classname="TestLogicNodes" runstate="Runnable" testcasecount="39" result="Passed" start-time="2025-07-10 22:34:28Z" end-time="2025-07-10 22:34:29Z" duration="0.398139" total="39" passed="39" failed="0" inconclusive="0" skipped="0" asserts="0">
        <properties />
        <test-case id="1013" name="TestAnd" fullname="TestLogicNodes.TestAnd" methodname="TestAnd" classname="TestLogicNodes" runstate="Runnable" seed="1459843311" result="Passed" start-time="2025-07-10 22:34:28Z" end-time="2025-07-10 22:34:28Z" duration="0.011778" asserts="0">
          <properties>
            <property name="_JOINTYPE" value="UnityCombinatorial" />
          </properties>
          <output><![CDATA[{"version":"0.2.0","nodes":[{"id":"e","type":"Entry","inputs":[],"outputs":[{"id":"Exec","type":"exec","value":null}]},{"id":"Set_Result1","type":"Set","inputs":[{"id":"Exec","type":"exec","value":null},{"id":"Input","type":"unknown","value":"Result1"},{"id":"Value","type":"unknown","value":null}],"outputs":[{"id":"Exec","type":"exec","value":null}]},{"id":"Set_Result2","type":"Set","inputs":[{"id":"Exec","type":"exec","value":null},{"id":"Input","type":"unknown","value":"Result2"},{"id":"Value","type":"unknown","value":null}],"outputs":[{"id":"Exec","type":"exec","value":null}]},{"id":"Set_Result3","type":"Set","inputs":[{"id":"Exec","type":"exec","value":null},{"id":"Input","type":"unknown","value":"Result3"},{"id":"Value","type":"unknown","value":null}],"outputs":[{"id":"Exec","type":"exec","value":null}]},{"id":"And1","type":"And","inputs":[{"id":"A","type":"boolean","value":true},{"id":"B","type":"boolean","value":true}],"outputs":[{"id":"Result","type":"boolean","value":null}]},{"id":"And2","type":"And","inputs":[{"id":"A","type":"boolean","value":true},{"id":"B","type":"boolean","value":false}],"outputs":[{"id":"Result","type":"boolean","value":null}]},{"id":"And3","type":"And","inputs":[{"id":"A","type":"boolean","value":false},{"id":"B","type":"boolean","value":false}],"outputs":[{"id":"Result","type":"boolean","value":null}]}],"connections":[{"source":"e","sourceKey":"Exec","target":"Set_Result1","targetKey":"Exec"},{"source":"Set_Result1","sourceKey":"Exec","target":"Set_Result2","targetKey":"Exec"},{"source":"Set_Result2","sourceKey":"Exec","target":"Set_Result3","targetKey":"Exec"},{"source":"And1","sourceKey":"Result","target":"Set_Result1","targetKey":"Value"},{"source":"And2","sourceKey":"Result","target":"Set_Result2","targetKey":"Value"},{"source":"And3","sourceKey":"Result","target":"Set_Result3","targetKey":"Value"}],"bindings":[{"id":"Result1","scope":"output","type":"boolean","value":null},{"id":"Result2","scope":"output","type":"boolean","value":null},{"id":"Result3","scope":"output","type":"boolean","value":null}],"fns":{}}
]]></output>
        </test-case>
        <test-case id="1048" name="TestBranch" fullname="TestLogicNodes.TestBranch" methodname="TestBranch" classname="TestLogicNodes" runstate="Runnable" seed="1011784750" result="Passed" start-time="2025-07-10 22:34:28Z" end-time="2025-07-10 22:34:28Z" duration="0.012148" asserts="0">
          <properties>
            <property name="_JOINTYPE" value="UnityCombinatorial" />
          </properties>
          <output><![CDATA[{"version":"0.2.0","nodes":[{"id":"e","type":"Entry","inputs":[],"outputs":[{"id":"Exec","type":"exec","value":null}]},{"id":"Set_Result","type":"Set","inputs":[{"id":"Exec","type":"exec","value":null},{"id":"Input","type":"unknown","value":"Result"},{"id":"Value","type":"unknown","value":"Hello"}],"outputs":[{"id":"Exec","type":"exec","value":null}]},{"id":"Branch1","type":"Branch","inputs":[{"id":"Exec","type":"exec","value":null},{"id":"Condition","type":"boolean","value":true}],"outputs":[{"id":"True","type":"exec","value":null},{"id":"False","type":"exec","value":null}]},{"id":"Branch2","type":"Branch","inputs":[{"id":"Exec","type":"exec","value":null},{"id":"Condition","type":"boolean","value":false}],"outputs":[{"id":"True","type":"exec","value":null},{"id":"False","type":"exec","value":null}]}],"connections":[{"source":"e","sourceKey":"Exec","target":"Branch1","targetKey":"Exec"},{"source":"Branch1","sourceKey":"True","target":"Branch2","targetKey":"Exec"},{"source":"Branch2","sourceKey":"False","target":"Set_Result","targetKey":"Exec"}],"bindings":[{"id":"Result","scope":"output","type":"string","value":null}],"fns":{}}
]]></output>
        </test-case>
        <test-suite type="GenericMethod" id="1047" name="TestComparisonNodes" fullname="TestLogicNodes.TestComparisonNodes" classname="TestLogicNodes" runstate="Runnable" testcasecount="30" result="Passed" start-time="2025-07-10 22:34:28Z" end-time="2025-07-10 22:34:28Z" duration="0.292517" total="30" passed="30" failed="0" inconclusive="0" skipped="0" asserts="0">
          <properties>
            <property name="_JOINTYPE" value="UnityCombinatorial" />
          </properties>
          <test-case id="1017" name="TestComparisonNodes&lt;Int32&gt;(TestLogicNodes+ComparisonTestCase`1[System.Int32])" fullname="TestLogicNodes.TestComparisonNodes&lt;Int32&gt;(TestLogicNodes+ComparisonTestCase`1[System.Int32])" methodname="TestComparisonNodes" classname="TestLogicNodes" runstate="Runnable" seed="17656537" result="Passed" start-time="2025-07-10 22:34:28Z" end-time="2025-07-10 22:34:28Z" duration="0.013210" asserts="0">
            <properties />
            <output><![CDATA[{"version":"0.2.0","nodes":[{"id":"e","type":"Entry","inputs":[],"outputs":[{"id":"Exec","type":"exec","value":null}]},{"id":"Get_Value1","type":"Input","inputs":[{"id":"Input","type":"unknown","value":"Value1"}],"outputs":[{"id":"Value","type":"int","value":null}]},{"id":"Get_Value2","type":"Input","inputs":[{"id":"Input","type":"unknown","value":"Value2"}],"outputs":[{"id":"Value","type":"int","value":null}]},{"id":"Set_Result","type":"Set","inputs":[{"id":"Exec","type":"exec","value":null},{"id":"Input","type":"unknown","value":"Result"},{"id":"Value","type":"unknown","value":null}],"outputs":[{"id":"Exec","type":"exec","value":null}]},{"id":"GreaterThan","type":"GreaterThan","inputs":[{"id":"A","type":"int","value":0},{"id":"B","type":"int","value":0}],"outputs":[{"id":"Result","type":"boolean","value":null}]}],"connections":[{"source":"e","sourceKey":"Exec","target":"Set_Result","targetKey":"Exec"},{"source":"Get_Value1","sourceKey":"Value","target":"GreaterThan","targetKey":"A"},{"source":"Get_Value2","sourceKey":"Value","target":"GreaterThan","targetKey":"B"},{"source":"GreaterThan","sourceKey":"Result","target":"Set_Result","targetKey":"Value"}],"bindings":[{"id":"Value1","scope":"input","type":"int","value":10},{"id":"Value2","scope":"input","type":"int","value":5},{"id":"Result","scope":"output","type":"boolean","value":null}],"fns":{}}
]]></output>
          </test-case>
          <test-case id="1018" name="TestComparisonNodes&lt;Int32&gt;(TestLogicNodes+ComparisonTestCase`1[System.Int32])" fullname="TestLogicNodes.TestComparisonNodes&lt;Int32&gt;(TestLogicNodes+ComparisonTestCase`1[System.Int32])" methodname="TestComparisonNodes" classname="TestLogicNodes" runstate="Runnable" seed="1279187387" result="Passed" start-time="2025-07-10 22:34:28Z" end-time="2025-07-10 22:34:28Z" duration="0.009427" asserts="0">
            <properties>
              <property name="childIndex" value="2" />
              <property name="childIndex" value="2" />
            </properties>
            <output><![CDATA[{"version":"0.2.0","nodes":[{"id":"e","type":"Entry","inputs":[],"outputs":[{"id":"Exec","type":"exec","value":null}]},{"id":"Get_Value1","type":"Input","inputs":[{"id":"Input","type":"unknown","value":"Value1"}],"outputs":[{"id":"Value","type":"int","value":null}]},{"id":"Get_Value2","type":"Input","inputs":[{"id":"Input","type":"unknown","value":"Value2"}],"outputs":[{"id":"Value","type":"int","value":null}]},{"id":"Set_Result","type":"Set","inputs":[{"id":"Exec","type":"exec","value":null},{"id":"Input","type":"unknown","value":"Result"},{"id":"Value","type":"unknown","value":null}],"outputs":[{"id":"Exec","type":"exec","value":null}]},{"id":"GreaterThan","type":"GreaterThan","inputs":[{"id":"A","type":"int","value":0},{"id":"B","type":"int","value":0}],"outputs":[{"id":"Result","type":"boolean","value":null}]}],"connections":[{"source":"e","sourceKey":"Exec","target":"Set_Result","targetKey":"Exec"},{"source":"Get_Value1","sourceKey":"Value","target":"GreaterThan","targetKey":"A"},{"source":"Get_Value2","sourceKey":"Value","target":"GreaterThan","targetKey":"B"},{"source":"GreaterThan","sourceKey":"Result","target":"Set_Result","targetKey":"Value"}],"bindings":[{"id":"Value1","scope":"input","type":"int","value":5},{"id":"Value2","scope":"input","type":"int","value":10},{"id":"Result","scope":"output","type":"boolean","value":null}],"fns":{}}
]]></output>
          </test-case>
          <test-case id="1019" name="TestComparisonNodes&lt;Single&gt;(TestLogicNodes+ComparisonTestCase`1[System.Single])" fullname="TestLogicNodes.TestComparisonNodes&lt;Single&gt;(TestLogicNodes+ComparisonTestCase`1[System.Single])" methodname="TestComparisonNodes" classname="TestLogicNodes" runstate="Runnable" seed="275285263" result="Passed" start-time="2025-07-10 22:34:28Z" end-time="2025-07-10 22:34:28Z" duration="0.011524" asserts="0">
            <properties />
            <output><![CDATA[{"version":"0.2.0","nodes":[{"id":"e","type":"Entry","inputs":[],"outputs":[{"id":"Exec","type":"exec","value":null}]},{"id":"Get_Value1","type":"Input","inputs":[{"id":"Input","type":"unknown","value":"Value1"}],"outputs":[{"id":"Value","type":"float","value":null}]},{"id":"Get_Value2","type":"Input","inputs":[{"id":"Input","type":"unknown","value":"Value2"}],"outputs":[{"id":"Value","type":"float","value":null}]},{"id":"Set_Result","type":"Set","inputs":[{"id":"Exec","type":"exec","value":null},{"id":"Input","type":"unknown","value":"Result"},{"id":"Value","type":"unknown","value":null}],"outputs":[{"id":"Exec","type":"exec","value":null}]},{"id":"GreaterThan","type":"GreaterThan","inputs":[{"id":"A","type":"float","value":0.0},{"id":"B","type":"float","value":0.0}],"outputs":[{"id":"Result","type":"boolean","value":null}]}],"connections":[{"source":"e","sourceKey":"Exec","target":"Set_Result","targetKey":"Exec"},{"source":"Get_Value1","sourceKey":"Value","target":"GreaterThan","targetKey":"A"},{"source":"Get_Value2","sourceKey":"Value","target":"GreaterThan","targetKey":"B"},{"source":"GreaterThan","sourceKey":"Result","target":"Set_Result","targetKey":"Value"}],"bindings":[{"id":"Value1","scope":"input","type":"float","value":1.75},{"id":"Value2","scope":"input","type":"float","value":1.25},{"id":"Result","scope":"output","type":"boolean","value":null}],"fns":{}}
]]></output>
          </test-case>
          <test-case id="1020" name="TestComparisonNodes&lt;Single&gt;(TestLogicNodes+ComparisonTestCase`1[System.Single])" fullname="TestLogicNodes.TestComparisonNodes&lt;Single&gt;(TestLogicNodes+ComparisonTestCase`1[System.Single])" methodname="TestComparisonNodes" classname="TestLogicNodes" runstate="Runnable" seed="975908190" result="Passed" start-time="2025-07-10 22:34:28Z" end-time="2025-07-10 22:34:28Z" duration="0.009026" asserts="0">
            <properties>
              <property name="childIndex" value="2" />
              <property name="childIndex" value="2" />
            </properties>
            <output><![CDATA[{"version":"0.2.0","nodes":[{"id":"e","type":"Entry","inputs":[],"outputs":[{"id":"Exec","type":"exec","value":null}]},{"id":"Get_Value1","type":"Input","inputs":[{"id":"Input","type":"unknown","value":"Value1"}],"outputs":[{"id":"Value","type":"float","value":null}]},{"id":"Get_Value2","type":"Input","inputs":[{"id":"Input","type":"unknown","value":"Value2"}],"outputs":[{"id":"Value","type":"float","value":null}]},{"id":"Set_Result","type":"Set","inputs":[{"id":"Exec","type":"exec","value":null},{"id":"Input","type":"unknown","value":"Result"},{"id":"Value","type":"unknown","value":null}],"outputs":[{"id":"Exec","type":"exec","value":null}]},{"id":"GreaterThan","type":"GreaterThan","inputs":[{"id":"A","type":"float","value":0.0},{"id":"B","type":"float","value":0.0}],"outputs":[{"id":"Result","type":"boolean","value":null}]}],"connections":[{"source":"e","sourceKey":"Exec","target":"Set_Result","targetKey":"Exec"},{"source":"Get_Value1","sourceKey":"Value","target":"GreaterThan","targetKey":"A"},{"source":"Get_Value2","sourceKey":"Value","target":"GreaterThan","targetKey":"B"},{"source":"GreaterThan","sourceKey":"Result","target":"Set_Result","targetKey":"Value"}],"bindings":[{"id":"Value1","scope":"input","type":"float","value":1.5},{"id":"Value2","scope":"input","type":"float","value":1.5},{"id":"Result","scope":"output","type":"boolean","value":null}],"fns":{}}
]]></output>
          </test-case>
          <test-case id="1021" name="TestComparisonNodes&lt;Int32&gt;(TestLogicNodes+ComparisonTestCase`1[System.Int32])" fullname="TestLogicNodes.TestComparisonNodes&lt;Int32&gt;(TestLogicNodes+ComparisonTestCase`1[System.Int32])" methodname="TestComparisonNodes" classname="TestLogicNodes" runstate="Runnable" seed="1308348249" result="Passed" start-time="2025-07-10 22:34:28Z" end-time="2025-07-10 22:34:28Z" duration="0.009273" asserts="0">
            <properties>
              <property name="childIndex" value="3" />
              <property name="childIndex" value="3" />
            </properties>
            <output><![CDATA[{"version":"0.2.0","nodes":[{"id":"e","type":"Entry","inputs":[],"outputs":[{"id":"Exec","type":"exec","value":null}]},{"id":"Get_Value1","type":"Input","inputs":[{"id":"Input","type":"unknown","value":"Value1"}],"outputs":[{"id":"Value","type":"int","value":null}]},{"id":"Get_Value2","type":"Input","inputs":[{"id":"Input","type":"unknown","value":"Value2"}],"outputs":[{"id":"Value","type":"int","value":null}]},{"id":"Set_Result","type":"Set","inputs":[{"id":"Exec","type":"exec","value":null},{"id":"Input","type":"unknown","value":"Result"},{"id":"Value","type":"unknown","value":null}],"outputs":[{"id":"Exec","type":"exec","value":null}]},{"id":"GreaterThanOrEqual","type":"GreaterThanOrEquals","inputs":[{"id":"A","type":"int","value":0},{"id":"B","type":"int","value":0}],"outputs":[{"id":"Result","type":"boolean","value":null}]}],"connections":[{"source":"e","sourceKey":"Exec","target":"Set_Result","targetKey":"Exec"},{"source":"Get_Value1","sourceKey":"Value","target":"GreaterThanOrEqual","targetKey":"A"},{"source":"Get_Value2","sourceKey":"Value","target":"GreaterThanOrEqual","targetKey":"B"},{"source":"GreaterThanOrEqual","sourceKey":"Result","target":"Set_Result","targetKey":"Value"}],"bindings":[{"id":"Value1","scope":"input","type":"int","value":10},{"id":"Value2","scope":"input","type":"int","value":10},{"id":"Result","scope":"output","type":"boolean","value":null}],"fns":{}}
]]></output>
          </test-case>
          <test-case id="1022" name="TestComparisonNodes&lt;Int32&gt;(TestLogicNodes+ComparisonTestCase`1[System.Int32])" fullname="TestLogicNodes.TestComparisonNodes&lt;Int32&gt;(TestLogicNodes+ComparisonTestCase`1[System.Int32])" methodname="TestComparisonNodes" classname="TestLogicNodes" runstate="Runnable" seed="1525179250" result="Passed" start-time="2025-07-10 22:34:28Z" end-time="2025-07-10 22:34:28Z" duration="0.009066" asserts="0">
            <properties>
              <property name="childIndex" value="4" />
              <property name="childIndex" value="4" />
            </properties>
            <output><![CDATA[{"version":"0.2.0","nodes":[{"id":"e","type":"Entry","inputs":[],"outputs":[{"id":"Exec","type":"exec","value":null}]},{"id":"Get_Value1","type":"Input","inputs":[{"id":"Input","type":"unknown","value":"Value1"}],"outputs":[{"id":"Value","type":"int","value":null}]},{"id":"Get_Value2","type":"Input","inputs":[{"id":"Input","type":"unknown","value":"Value2"}],"outputs":[{"id":"Value","type":"int","value":null}]},{"id":"Set_Result","type":"Set","inputs":[{"id":"Exec","type":"exec","value":null},{"id":"Input","type":"unknown","value":"Result"},{"id":"Value","type":"unknown","value":null}],"outputs":[{"id":"Exec","type":"exec","value":null}]},{"id":"GreaterThanOrEqual","type":"GreaterThanOrEquals","inputs":[{"id":"A","type":"int","value":0},{"id":"B","type":"int","value":0}],"outputs":[{"id":"Result","type":"boolean","value":null}]}],"connections":[{"source":"e","sourceKey":"Exec","target":"Set_Result","targetKey":"Exec"},{"source":"Get_Value1","sourceKey":"Value","target":"GreaterThanOrEqual","targetKey":"A"},{"source":"Get_Value2","sourceKey":"Value","target":"GreaterThanOrEqual","targetKey":"B"},{"source":"GreaterThanOrEqual","sourceKey":"Result","target":"Set_Result","targetKey":"Value"}],"bindings":[{"id":"Value1","scope":"input","type":"int","value":20},{"id":"Value2","scope":"input","type":"int","value":10},{"id":"Result","scope":"output","type":"boolean","value":null}],"fns":{}}
]]></output>
          </test-case>
          <test-case id="1023" name="TestComparisonNodes&lt;Double&gt;(TestLogicNodes+ComparisonTestCase`1[System.Double])" fullname="TestLogicNodes.TestComparisonNodes&lt;Double&gt;(TestLogicNodes+ComparisonTestCase`1[System.Double])" methodname="TestComparisonNodes" classname="TestLogicNodes" runstate="Runnable" seed="1180596842" result="Passed" start-time="2025-07-10 22:34:28Z" end-time="2025-07-10 22:34:28Z" duration="0.011553" asserts="0">
            <properties />
            <output><![CDATA[{"version":"0.2.0","nodes":[{"id":"e","type":"Entry","inputs":[],"outputs":[{"id":"Exec","type":"exec","value":null}]},{"id":"Get_Value1","type":"Input","inputs":[{"id":"Input","type":"unknown","value":"Value1"}],"outputs":[{"id":"Value","type":"float","value":null}]},{"id":"Get_Value2","type":"Input","inputs":[{"id":"Input","type":"unknown","value":"Value2"}],"outputs":[{"id":"Value","type":"float","value":null}]},{"id":"Set_Result","type":"Set","inputs":[{"id":"Exec","type":"exec","value":null},{"id":"Input","type":"unknown","value":"Result"},{"id":"Value","type":"unknown","value":null}],"outputs":[{"id":"Exec","type":"exec","value":null}]},{"id":"GreaterThanOrEqual","type":"GreaterThanOrEquals","inputs":[{"id":"A","type":"float","value":0.0},{"id":"B","type":"float","value":0.0}],"outputs":[{"id":"Result","type":"boolean","value":null}]}],"connections":[{"source":"e","sourceKey":"Exec","target":"Set_Result","targetKey":"Exec"},{"source":"Get_Value1","sourceKey":"Value","target":"GreaterThanOrEqual","targetKey":"A"},{"source":"Get_Value2","sourceKey":"Value","target":"GreaterThanOrEqual","targetKey":"B"},{"source":"GreaterThanOrEqual","sourceKey":"Result","target":"Set_Result","targetKey":"Value"}],"bindings":[{"id":"Value1","scope":"input","type":"float","value":1.1000000238418579},{"id":"Value2","scope":"input","type":"float","value":1.15},{"id":"Result","scope":"output","type":"boolean","value":null}],"fns":{}}
]]></output>
          </test-case>
          <test-case id="1024" name="TestComparisonNodes&lt;Single&gt;(TestLogicNodes+ComparisonTestCase`1[System.Single])" fullname="TestLogicNodes.TestComparisonNodes&lt;Single&gt;(TestLogicNodes+ComparisonTestCase`1[System.Single])" methodname="TestComparisonNodes" classname="TestLogicNodes" runstate="Runnable" seed="881276354" result="Passed" start-time="2025-07-10 22:34:28Z" end-time="2025-07-10 22:34:28Z" duration="0.009272" asserts="0">
            <properties>
              <property name="childIndex" value="3" />
              <property name="childIndex" value="3" />
            </properties>
            <output><![CDATA[{"version":"0.2.0","nodes":[{"id":"e","type":"Entry","inputs":[],"outputs":[{"id":"Exec","type":"exec","value":null}]},{"id":"Get_Value1","type":"Input","inputs":[{"id":"Input","type":"unknown","value":"Value1"}],"outputs":[{"id":"Value","type":"float","value":null}]},{"id":"Get_Value2","type":"Input","inputs":[{"id":"Input","type":"unknown","value":"Value2"}],"outputs":[{"id":"Value","type":"float","value":null}]},{"id":"Set_Result","type":"Set","inputs":[{"id":"Exec","type":"exec","value":null},{"id":"Input","type":"unknown","value":"Result"},{"id":"Value","type":"unknown","value":null}],"outputs":[{"id":"Exec","type":"exec","value":null}]},{"id":"GreaterThanOrEqual","type":"GreaterThanOrEquals","inputs":[{"id":"A","type":"float","value":0.0},{"id":"B","type":"float","value":0.0}],"outputs":[{"id":"Result","type":"boolean","value":null}]}],"connections":[{"source":"e","sourceKey":"Exec","target":"Set_Result","targetKey":"Exec"},{"source":"Get_Value1","sourceKey":"Value","target":"GreaterThanOrEqual","targetKey":"A"},{"source":"Get_Value2","sourceKey":"Value","target":"GreaterThanOrEqual","targetKey":"B"},{"source":"GreaterThanOrEqual","sourceKey":"Result","target":"Set_Result","targetKey":"Value"}],"bindings":[{"id":"Value1","scope":"input","type":"float","value":100.2},{"id":"Value2","scope":"input","type":"float","value":1.002},{"id":"Result","scope":"output","type":"boolean","value":null}],"fns":{}}
]]></output>
          </test-case>
          <test-case id="1025" name="TestComparisonNodes&lt;Boolean&gt;(TestLogicNodes+ComparisonTestCase`1[System.Boolean])" fullname="TestLogicNodes.TestComparisonNodes&lt;Boolean&gt;(TestLogicNodes+ComparisonTestCase`1[System.Boolean])" methodname="TestComparisonNodes" classname="TestLogicNodes" runstate="Runnable" seed="1735664096" result="Passed" start-time="2025-07-10 22:34:28Z" end-time="2025-07-10 22:34:28Z" duration="0.009858" asserts="0">
            <properties />
            <output><![CDATA[{"version":"0.2.0","nodes":[{"id":"e","type":"Entry","inputs":[],"outputs":[{"id":"Exec","type":"exec","value":null}]},{"id":"Get_Value1","type":"Input","inputs":[{"id":"Input","type":"unknown","value":"Value1"}],"outputs":[{"id":"Value","type":"boolean","value":null}]},{"id":"Get_Value2","type":"Input","inputs":[{"id":"Input","type":"unknown","value":"Value2"}],"outputs":[{"id":"Value","type":"boolean","value":null}]},{"id":"Set_Result","type":"Set","inputs":[{"id":"Exec","type":"exec","value":null},{"id":"Input","type":"unknown","value":"Result"},{"id":"Value","type":"unknown","value":null}],"outputs":[{"id":"Exec","type":"exec","value":null}]},{"id":"Equals","type":"Equals","inputs":[{"id":"A","type":"boolean","value":false},{"id":"B","type":"boolean","value":false}],"outputs":[{"id":"Result","type":"boolean","value":null}]}],"connections":[{"source":"e","sourceKey":"Exec","target":"Set_Result","targetKey":"Exec"},{"source":"Get_Value1","sourceKey":"Value","target":"Equals","targetKey":"A"},{"source":"Get_Value2","sourceKey":"Value","target":"Equals","targetKey":"B"},{"source":"Equals","sourceKey":"Result","target":"Set_Result","targetKey":"Value"}],"bindings":[{"id":"Value1","scope":"input","type":"boolean","value":true},{"id":"Value2","scope":"input","type":"boolean","value":false},{"id":"Result","scope":"output","type":"boolean","value":null}],"fns":{}}
]]></output>
          </test-case>
          <test-case id="1026" name="TestComparisonNodes&lt;Boolean&gt;(TestLogicNodes+ComparisonTestCase`1[System.Boolean])" fullname="TestLogicNodes.TestComparisonNodes&lt;Boolean&gt;(TestLogicNodes+ComparisonTestCase`1[System.Boolean])" methodname="TestComparisonNodes" classname="TestLogicNodes" runstate="Runnable" seed="1086939407" result="Passed" start-time="2025-07-10 22:34:28Z" end-time="2025-07-10 22:34:28Z" duration="0.009064" asserts="0">
            <properties>
              <property name="childIndex" value="2" />
              <property name="childIndex" value="2" />
            </properties>
            <output><![CDATA[{"version":"0.2.0","nodes":[{"id":"e","type":"Entry","inputs":[],"outputs":[{"id":"Exec","type":"exec","value":null}]},{"id":"Get_Value1","type":"Input","inputs":[{"id":"Input","type":"unknown","value":"Value1"}],"outputs":[{"id":"Value","type":"boolean","value":null}]},{"id":"Get_Value2","type":"Input","inputs":[{"id":"Input","type":"unknown","value":"Value2"}],"outputs":[{"id":"Value","type":"boolean","value":null}]},{"id":"Set_Result","type":"Set","inputs":[{"id":"Exec","type":"exec","value":null},{"id":"Input","type":"unknown","value":"Result"},{"id":"Value","type":"unknown","value":null}],"outputs":[{"id":"Exec","type":"exec","value":null}]},{"id":"Equals","type":"Equals","inputs":[{"id":"A","type":"boolean","value":false},{"id":"B","type":"boolean","value":false}],"outputs":[{"id":"Result","type":"boolean","value":null}]}],"connections":[{"source":"e","sourceKey":"Exec","target":"Set_Result","targetKey":"Exec"},{"source":"Get_Value1","sourceKey":"Value","target":"Equals","targetKey":"A"},{"source":"Get_Value2","sourceKey":"Value","target":"Equals","targetKey":"B"},{"source":"Equals","sourceKey":"Result","target":"Set_Result","targetKey":"Value"}],"bindings":[{"id":"Value1","scope":"input","type":"boolean","value":true},{"id":"Value2","scope":"input","type":"boolean","value":true},{"id":"Result","scope":"output","type":"boolean","value":null}],"fns":{}}
]]></output>
          </test-case>
          <test-case id="1027" name="TestComparisonNodes&lt;String&gt;(TestLogicNodes+ComparisonTestCase`1[System.String])" fullname="TestLogicNodes.TestComparisonNodes&lt;String&gt;(TestLogicNodes+ComparisonTestCase`1[System.String])" methodname="TestComparisonNodes" classname="TestLogicNodes" runstate="Runnable" seed="11799005" result="Passed" start-time="2025-07-10 22:34:28Z" end-time="2025-07-10 22:34:28Z" duration="0.010036" asserts="0">
            <properties />
            <output><![CDATA[{"version":"0.2.0","nodes":[{"id":"e","type":"Entry","inputs":[],"outputs":[{"id":"Exec","type":"exec","value":null}]},{"id":"Get_Value1","type":"Input","inputs":[{"id":"Input","type":"unknown","value":"Value1"}],"outputs":[{"id":"Value","type":"string","value":null}]},{"id":"Get_Value2","type":"Input","inputs":[{"id":"Input","type":"unknown","value":"Value2"}],"outputs":[{"id":"Value","type":"string","value":null}]},{"id":"Set_Result","type":"Set","inputs":[{"id":"Exec","type":"exec","value":null},{"id":"Input","type":"unknown","value":"Result"},{"id":"Value","type":"unknown","value":null}],"outputs":[{"id":"Exec","type":"exec","value":null}]},{"id":"Equals","type":"Equals","inputs":[{"id":"A","type":"string","value":null},{"id":"B","type":"string","value":null}],"outputs":[{"id":"Result","type":"boolean","value":null}]}],"connections":[{"source":"e","sourceKey":"Exec","target":"Set_Result","targetKey":"Exec"},{"source":"Get_Value1","sourceKey":"Value","target":"Equals","targetKey":"A"},{"source":"Get_Value2","sourceKey":"Value","target":"Equals","targetKey":"B"},{"source":"Equals","sourceKey":"Result","target":"Set_Result","targetKey":"Value"}],"bindings":[{"id":"Value1","scope":"input","type":"string","value":"Hello"},{"id":"Value2","scope":"input","type":"string","value":"hello"},{"id":"Result","scope":"output","type":"boolean","value":null}],"fns":{}}
]]></output>
          </test-case>
          <test-case id="1028" name="TestComparisonNodes&lt;String&gt;(TestLogicNodes+ComparisonTestCase`1[System.String])" fullname="TestLogicNodes.TestComparisonNodes&lt;String&gt;(TestLogicNodes+ComparisonTestCase`1[System.String])" methodname="TestComparisonNodes" classname="TestLogicNodes" runstate="Runnable" seed="458438296" result="Passed" start-time="2025-07-10 22:34:28Z" end-time="2025-07-10 22:34:28Z" duration="0.009016" asserts="0">
            <properties>
              <property name="childIndex" value="2" />
              <property name="childIndex" value="2" />
            </properties>
            <output><![CDATA[{"version":"0.2.0","nodes":[{"id":"e","type":"Entry","inputs":[],"outputs":[{"id":"Exec","type":"exec","value":null}]},{"id":"Get_Value1","type":"Input","inputs":[{"id":"Input","type":"unknown","value":"Value1"}],"outputs":[{"id":"Value","type":"string","value":null}]},{"id":"Get_Value2","type":"Input","inputs":[{"id":"Input","type":"unknown","value":"Value2"}],"outputs":[{"id":"Value","type":"string","value":null}]},{"id":"Set_Result","type":"Set","inputs":[{"id":"Exec","type":"exec","value":null},{"id":"Input","type":"unknown","value":"Result"},{"id":"Value","type":"unknown","value":null}],"outputs":[{"id":"Exec","type":"exec","value":null}]},{"id":"Equals","type":"Equals","inputs":[{"id":"A","type":"string","value":null},{"id":"B","type":"string","value":null}],"outputs":[{"id":"Result","type":"boolean","value":null}]}],"connections":[{"source":"e","sourceKey":"Exec","target":"Set_Result","targetKey":"Exec"},{"source":"Get_Value1","sourceKey":"Value","target":"Equals","targetKey":"A"},{"source":"Get_Value2","sourceKey":"Value","target":"Equals","targetKey":"B"},{"source":"Equals","sourceKey":"Result","target":"Set_Result","targetKey":"Value"}],"bindings":[{"id":"Value1","scope":"input","type":"string","value":"World"},{"id":"Value2","scope":"input","type":"string","value":"World"},{"id":"Result","scope":"output","type":"boolean","value":null}],"fns":{}}
]]></output>
          </test-case>
          <test-case id="1029" name="TestComparisonNodes&lt;Int32&gt;(TestLogicNodes+ComparisonTestCase`1[System.Int32])" fullname="TestLogicNodes.TestComparisonNodes&lt;Int32&gt;(TestLogicNodes+ComparisonTestCase`1[System.Int32])" methodname="TestComparisonNodes" classname="TestLogicNodes" runstate="Runnable" seed="1886722687" result="Passed" start-time="2025-07-10 22:34:28Z" end-time="2025-07-10 22:34:28Z" duration="0.009174" asserts="0">
            <properties>
              <property name="childIndex" value="5" />
              <property name="childIndex" value="5" />
            </properties>
            <output><![CDATA[{"version":"0.2.0","nodes":[{"id":"e","type":"Entry","inputs":[],"outputs":[{"id":"Exec","type":"exec","value":null}]},{"id":"Get_Value1","type":"Input","inputs":[{"id":"Input","type":"unknown","value":"Value1"}],"outputs":[{"id":"Value","type":"int","value":null}]},{"id":"Get_Value2","type":"Input","inputs":[{"id":"Input","type":"unknown","value":"Value2"}],"outputs":[{"id":"Value","type":"int","value":null}]},{"id":"Set_Result","type":"Set","inputs":[{"id":"Exec","type":"exec","value":null},{"id":"Input","type":"unknown","value":"Result"},{"id":"Value","type":"unknown","value":null}],"outputs":[{"id":"Exec","type":"exec","value":null}]},{"id":"Equals","type":"Equals","inputs":[{"id":"A","type":"int","value":0},{"id":"B","type":"int","value":0}],"outputs":[{"id":"Result","type":"boolean","value":null}]}],"connections":[{"source":"e","sourceKey":"Exec","target":"Set_Result","targetKey":"Exec"},{"source":"Get_Value1","sourceKey":"Value","target":"Equals","targetKey":"A"},{"source":"Get_Value2","sourceKey":"Value","target":"Equals","targetKey":"B"},{"source":"Equals","sourceKey":"Result","target":"Set_Result","targetKey":"Value"}],"bindings":[{"id":"Value1","scope":"input","type":"int","value":10},{"id":"Value2","scope":"input","type":"int","value":10},{"id":"Result","scope":"output","type":"boolean","value":null}],"fns":{}}
]]></output>
          </test-case>
          <test-case id="1030" name="TestComparisonNodes&lt;Int32&gt;(TestLogicNodes+ComparisonTestCase`1[System.Int32])" fullname="TestLogicNodes.TestComparisonNodes&lt;Int32&gt;(TestLogicNodes+ComparisonTestCase`1[System.Int32])" methodname="TestComparisonNodes" classname="TestLogicNodes" runstate="Runnable" seed="1897435450" result="Passed" start-time="2025-07-10 22:34:28Z" end-time="2025-07-10 22:34:28Z" duration="0.009054" asserts="0">
            <properties>
              <property name="childIndex" value="6" />
              <property name="childIndex" value="6" />
            </properties>
            <output><![CDATA[{"version":"0.2.0","nodes":[{"id":"e","type":"Entry","inputs":[],"outputs":[{"id":"Exec","type":"exec","value":null}]},{"id":"Get_Value1","type":"Input","inputs":[{"id":"Input","type":"unknown","value":"Value1"}],"outputs":[{"id":"Value","type":"int","value":null}]},{"id":"Get_Value2","type":"Input","inputs":[{"id":"Input","type":"unknown","value":"Value2"}],"outputs":[{"id":"Value","type":"int","value":null}]},{"id":"Set_Result","type":"Set","inputs":[{"id":"Exec","type":"exec","value":null},{"id":"Input","type":"unknown","value":"Result"},{"id":"Value","type":"unknown","value":null}],"outputs":[{"id":"Exec","type":"exec","value":null}]},{"id":"Equals","type":"Equals","inputs":[{"id":"A","type":"int","value":0},{"id":"B","type":"int","value":0}],"outputs":[{"id":"Result","type":"boolean","value":null}]}],"connections":[{"source":"e","sourceKey":"Exec","target":"Set_Result","targetKey":"Exec"},{"source":"Get_Value1","sourceKey":"Value","target":"Equals","targetKey":"A"},{"source":"Get_Value2","sourceKey":"Value","target":"Equals","targetKey":"B"},{"source":"Equals","sourceKey":"Result","target":"Set_Result","targetKey":"Value"}],"bindings":[{"id":"Value1","scope":"input","type":"int","value":1},{"id":"Value2","scope":"input","type":"int","value":11},{"id":"Result","scope":"output","type":"boolean","value":null}],"fns":{}}
]]></output>
          </test-case>
          <test-case id="1031" name="TestComparisonNodes&lt;Single&gt;(TestLogicNodes+ComparisonTestCase`1[System.Single])" fullname="TestLogicNodes.TestComparisonNodes&lt;Single&gt;(TestLogicNodes+ComparisonTestCase`1[System.Single])" methodname="TestComparisonNodes" classname="TestLogicNodes" runstate="Runnable" seed="1918825342" result="Passed" start-time="2025-07-10 22:34:28Z" end-time="2025-07-10 22:34:28Z" duration="0.009201" asserts="0">
            <properties>
              <property name="childIndex" value="4" />
              <property name="childIndex" value="4" />
            </properties>
            <output><![CDATA[{"version":"0.2.0","nodes":[{"id":"e","type":"Entry","inputs":[],"outputs":[{"id":"Exec","type":"exec","value":null}]},{"id":"Get_Value1","type":"Input","inputs":[{"id":"Input","type":"unknown","value":"Value1"}],"outputs":[{"id":"Value","type":"float","value":null}]},{"id":"Get_Value2","type":"Input","inputs":[{"id":"Input","type":"unknown","value":"Value2"}],"outputs":[{"id":"Value","type":"float","value":null}]},{"id":"Set_Result","type":"Set","inputs":[{"id":"Exec","type":"exec","value":null},{"id":"Input","type":"unknown","value":"Result"},{"id":"Value","type":"unknown","value":null}],"outputs":[{"id":"Exec","type":"exec","value":null}]},{"id":"Equals","type":"Equals","inputs":[{"id":"A","type":"float","value":0.0},{"id":"B","type":"float","value":0.0}],"outputs":[{"id":"Result","type":"boolean","value":null}]}],"connections":[{"source":"e","sourceKey":"Exec","target":"Set_Result","targetKey":"Exec"},{"source":"Get_Value1","sourceKey":"Value","target":"Equals","targetKey":"A"},{"source":"Get_Value2","sourceKey":"Value","target":"Equals","targetKey":"B"},{"source":"Equals","sourceKey":"Result","target":"Set_Result","targetKey":"Value"}],"bindings":[{"id":"Value1","scope":"input","type":"float","value":1.0},{"id":"Value2","scope":"input","type":"float","value":1.0},{"id":"Result","scope":"output","type":"boolean","value":null}],"fns":{}}
]]></output>
          </test-case>
          <test-case id="1032" name="TestComparisonNodes&lt;Single&gt;(TestLogicNodes+ComparisonTestCase`1[System.Single])" fullname="TestLogicNodes.TestComparisonNodes&lt;Single&gt;(TestLogicNodes+ComparisonTestCase`1[System.Single])" methodname="TestComparisonNodes" classname="TestLogicNodes" runstate="Runnable" seed="2048276786" result="Passed" start-time="2025-07-10 22:34:28Z" end-time="2025-07-10 22:34:28Z" duration="0.009188" asserts="0">
            <properties>
              <property name="childIndex" value="5" />
              <property name="childIndex" value="5" />
            </properties>
            <output><![CDATA[{"version":"0.2.0","nodes":[{"id":"e","type":"Entry","inputs":[],"outputs":[{"id":"Exec","type":"exec","value":null}]},{"id":"Get_Value1","type":"Input","inputs":[{"id":"Input","type":"unknown","value":"Value1"}],"outputs":[{"id":"Value","type":"float","value":null}]},{"id":"Get_Value2","type":"Input","inputs":[{"id":"Input","type":"unknown","value":"Value2"}],"outputs":[{"id":"Value","type":"float","value":null}]},{"id":"Set_Result","type":"Set","inputs":[{"id":"Exec","type":"exec","value":null},{"id":"Input","type":"unknown","value":"Result"},{"id":"Value","type":"unknown","value":null}],"outputs":[{"id":"Exec","type":"exec","value":null}]},{"id":"Equals","type":"Equals","inputs":[{"id":"A","type":"float","value":0.0},{"id":"B","type":"float","value":0.0}],"outputs":[{"id":"Result","type":"boolean","value":null}]}],"connections":[{"source":"e","sourceKey":"Exec","target":"Set_Result","targetKey":"Exec"},{"source":"Get_Value1","sourceKey":"Value","target":"Equals","targetKey":"A"},{"source":"Get_Value2","sourceKey":"Value","target":"Equals","targetKey":"B"},{"source":"Equals","sourceKey":"Result","target":"Set_Result","targetKey":"Value"}],"bindings":[{"id":"Value1","scope":"input","type":"float","value":5.5},{"id":"Value2","scope":"input","type":"float","value":5.05},{"id":"Result","scope":"output","type":"boolean","value":null}],"fns":{}}
]]></output>
          </test-case>
          <test-case id="1033" name="TestComparisonNodes&lt;String&gt;(TestLogicNodes+ComparisonTestCase`1[System.String])" fullname="TestLogicNodes.TestComparisonNodes&lt;String&gt;(TestLogicNodes+ComparisonTestCase`1[System.String])" methodname="TestComparisonNodes" classname="TestLogicNodes" runstate="Runnable" seed="798890390" result="Passed" start-time="2025-07-10 22:34:28Z" end-time="2025-07-10 22:34:28Z" duration="0.009261" asserts="0">
            <properties>
              <property name="childIndex" value="3" />
              <property name="childIndex" value="3" />
            </properties>
            <output><![CDATA[{"version":"0.2.0","nodes":[{"id":"e","type":"Entry","inputs":[],"outputs":[{"id":"Exec","type":"exec","value":null}]},{"id":"Get_Value1","type":"Input","inputs":[{"id":"Input","type":"unknown","value":"Value1"}],"outputs":[{"id":"Value","type":"string","value":null}]},{"id":"Get_Value2","type":"Input","inputs":[{"id":"Input","type":"unknown","value":"Value2"}],"outputs":[{"id":"Value","type":"string","value":null}]},{"id":"Set_Result","type":"Set","inputs":[{"id":"Exec","type":"exec","value":null},{"id":"Input","type":"unknown","value":"Result"},{"id":"Value","type":"unknown","value":null}],"outputs":[{"id":"Exec","type":"exec","value":null}]},{"id":"NotEquals","type":"NotEquals","inputs":[{"id":"A","type":"string","value":null},{"id":"B","type":"string","value":null}],"outputs":[{"id":"Result","type":"boolean","value":null}]}],"connections":[{"source":"e","sourceKey":"Exec","target":"Set_Result","targetKey":"Exec"},{"source":"Get_Value1","sourceKey":"Value","target":"NotEquals","targetKey":"A"},{"source":"Get_Value2","sourceKey":"Value","target":"NotEquals","targetKey":"B"},{"source":"NotEquals","sourceKey":"Result","target":"Set_Result","targetKey":"Value"}],"bindings":[{"id":"Value1","scope":"input","type":"string","value":"Hello"},{"id":"Value2","scope":"input","type":"string","value":"hello"},{"id":"Result","scope":"output","type":"boolean","value":null}],"fns":{}}
]]></output>
          </test-case>
          <test-case id="1034" name="TestComparisonNodes&lt;String&gt;(TestLogicNodes+ComparisonTestCase`1[System.String])" fullname="TestLogicNodes.TestComparisonNodes&lt;String&gt;(TestLogicNodes+ComparisonTestCase`1[System.String])" methodname="TestComparisonNodes" classname="TestLogicNodes" runstate="Runnable" seed="1219699358" result="Passed" start-time="2025-07-10 22:34:28Z" end-time="2025-07-10 22:34:28Z" duration="0.009027" asserts="0">
            <properties>
              <property name="childIndex" value="4" />
              <property name="childIndex" value="4" />
            </properties>
            <output><![CDATA[{"version":"0.2.0","nodes":[{"id":"e","type":"Entry","inputs":[],"outputs":[{"id":"Exec","type":"exec","value":null}]},{"id":"Get_Value1","type":"Input","inputs":[{"id":"Input","type":"unknown","value":"Value1"}],"outputs":[{"id":"Value","type":"string","value":null}]},{"id":"Get_Value2","type":"Input","inputs":[{"id":"Input","type":"unknown","value":"Value2"}],"outputs":[{"id":"Value","type":"string","value":null}]},{"id":"Set_Result","type":"Set","inputs":[{"id":"Exec","type":"exec","value":null},{"id":"Input","type":"unknown","value":"Result"},{"id":"Value","type":"unknown","value":null}],"outputs":[{"id":"Exec","type":"exec","value":null}]},{"id":"NotEquals","type":"NotEquals","inputs":[{"id":"A","type":"string","value":null},{"id":"B","type":"string","value":null}],"outputs":[{"id":"Result","type":"boolean","value":null}]}],"connections":[{"source":"e","sourceKey":"Exec","target":"Set_Result","targetKey":"Exec"},{"source":"Get_Value1","sourceKey":"Value","target":"NotEquals","targetKey":"A"},{"source":"Get_Value2","sourceKey":"Value","target":"NotEquals","targetKey":"B"},{"source":"NotEquals","sourceKey":"Result","target":"Set_Result","targetKey":"Value"}],"bindings":[{"id":"Value1","scope":"input","type":"string","value":"World"},{"id":"Value2","scope":"input","type":"string","value":"World"},{"id":"Result","scope":"output","type":"boolean","value":null}],"fns":{}}
]]></output>
          </test-case>
          <test-case id="1035" name="TestComparisonNodes&lt;Int32&gt;(TestLogicNodes+ComparisonTestCase`1[System.Int32])" fullname="TestLogicNodes.TestComparisonNodes&lt;Int32&gt;(TestLogicNodes+ComparisonTestCase`1[System.Int32])" methodname="TestComparisonNodes" classname="TestLogicNodes" runstate="Runnable" seed="741840132" result="Passed" start-time="2025-07-10 22:34:28Z" end-time="2025-07-10 22:34:28Z" duration="0.009132" asserts="0">
            <properties>
              <property name="childIndex" value="7" />
              <property name="childIndex" value="7" />
            </properties>
            <output><![CDATA[{"version":"0.2.0","nodes":[{"id":"e","type":"Entry","inputs":[],"outputs":[{"id":"Exec","type":"exec","value":null}]},{"id":"Get_Value1","type":"Input","inputs":[{"id":"Input","type":"unknown","value":"Value1"}],"outputs":[{"id":"Value","type":"int","value":null}]},{"id":"Get_Value2","type":"Input","inputs":[{"id":"Input","type":"unknown","value":"Value2"}],"outputs":[{"id":"Value","type":"int","value":null}]},{"id":"Set_Result","type":"Set","inputs":[{"id":"Exec","type":"exec","value":null},{"id":"Input","type":"unknown","value":"Result"},{"id":"Value","type":"unknown","value":null}],"outputs":[{"id":"Exec","type":"exec","value":null}]},{"id":"NotEquals","type":"NotEquals","inputs":[{"id":"A","type":"int","value":0},{"id":"B","type":"int","value":0}],"outputs":[{"id":"Result","type":"boolean","value":null}]}],"connections":[{"source":"e","sourceKey":"Exec","target":"Set_Result","targetKey":"Exec"},{"source":"Get_Value1","sourceKey":"Value","target":"NotEquals","targetKey":"A"},{"source":"Get_Value2","sourceKey":"Value","target":"NotEquals","targetKey":"B"},{"source":"NotEquals","sourceKey":"Result","target":"Set_Result","targetKey":"Value"}],"bindings":[{"id":"Value1","scope":"input","type":"int","value":10},{"id":"Value2","scope":"input","type":"int","value":10},{"id":"Result","scope":"output","type":"boolean","value":null}],"fns":{}}
]]></output>
          </test-case>
          <test-case id="1036" name="TestComparisonNodes&lt;Int32&gt;(TestLogicNodes+ComparisonTestCase`1[System.Int32])" fullname="TestLogicNodes.TestComparisonNodes&lt;Int32&gt;(TestLogicNodes+ComparisonTestCase`1[System.Int32])" methodname="TestComparisonNodes" classname="TestLogicNodes" runstate="Runnable" seed="201709407" result="Passed" start-time="2025-07-10 22:34:28Z" end-time="2025-07-10 22:34:28Z" duration="0.009430" asserts="0">
            <properties>
              <property name="childIndex" value="8" />
              <property name="childIndex" value="8" />
            </properties>
            <output><![CDATA[{"version":"0.2.0","nodes":[{"id":"e","type":"Entry","inputs":[],"outputs":[{"id":"Exec","type":"exec","value":null}]},{"id":"Get_Value1","type":"Input","inputs":[{"id":"Input","type":"unknown","value":"Value1"}],"outputs":[{"id":"Value","type":"int","value":null}]},{"id":"Get_Value2","type":"Input","inputs":[{"id":"Input","type":"unknown","value":"Value2"}],"outputs":[{"id":"Value","type":"int","value":null}]},{"id":"Set_Result","type":"Set","inputs":[{"id":"Exec","type":"exec","value":null},{"id":"Input","type":"unknown","value":"Result"},{"id":"Value","type":"unknown","value":null}],"outputs":[{"id":"Exec","type":"exec","value":null}]},{"id":"NotEquals","type":"NotEquals","inputs":[{"id":"A","type":"int","value":0},{"id":"B","type":"int","value":0}],"outputs":[{"id":"Result","type":"boolean","value":null}]}],"connections":[{"source":"e","sourceKey":"Exec","target":"Set_Result","targetKey":"Exec"},{"source":"Get_Value1","sourceKey":"Value","target":"NotEquals","targetKey":"A"},{"source":"Get_Value2","sourceKey":"Value","target":"NotEquals","targetKey":"B"},{"source":"NotEquals","sourceKey":"Result","target":"Set_Result","targetKey":"Value"}],"bindings":[{"id":"Value1","scope":"input","type":"int","value":1},{"id":"Value2","scope":"input","type":"int","value":11},{"id":"Result","scope":"output","type":"boolean","value":null}],"fns":{}}
]]></output>
          </test-case>
          <test-case id="1037" name="TestComparisonNodes&lt;Single&gt;(TestLogicNodes+ComparisonTestCase`1[System.Single])" fullname="TestLogicNodes.TestComparisonNodes&lt;Single&gt;(TestLogicNodes+ComparisonTestCase`1[System.Single])" methodname="TestComparisonNodes" classname="TestLogicNodes" runstate="Runnable" seed="538170380" result="Passed" start-time="2025-07-10 22:34:28Z" end-time="2025-07-10 22:34:28Z" duration="0.009149" asserts="0">
            <properties>
              <property name="childIndex" value="6" />
              <property name="childIndex" value="6" />
            </properties>
            <output><![CDATA[{"version":"0.2.0","nodes":[{"id":"e","type":"Entry","inputs":[],"outputs":[{"id":"Exec","type":"exec","value":null}]},{"id":"Get_Value1","type":"Input","inputs":[{"id":"Input","type":"unknown","value":"Value1"}],"outputs":[{"id":"Value","type":"float","value":null}]},{"id":"Get_Value2","type":"Input","inputs":[{"id":"Input","type":"unknown","value":"Value2"}],"outputs":[{"id":"Value","type":"float","value":null}]},{"id":"Set_Result","type":"Set","inputs":[{"id":"Exec","type":"exec","value":null},{"id":"Input","type":"unknown","value":"Result"},{"id":"Value","type":"unknown","value":null}],"outputs":[{"id":"Exec","type":"exec","value":null}]},{"id":"NotEquals","type":"NotEquals","inputs":[{"id":"A","type":"float","value":0.0},{"id":"B","type":"float","value":0.0}],"outputs":[{"id":"Result","type":"boolean","value":null}]}],"connections":[{"source":"e","sourceKey":"Exec","target":"Set_Result","targetKey":"Exec"},{"source":"Get_Value1","sourceKey":"Value","target":"NotEquals","targetKey":"A"},{"source":"Get_Value2","sourceKey":"Value","target":"NotEquals","targetKey":"B"},{"source":"NotEquals","sourceKey":"Result","target":"Set_Result","targetKey":"Value"}],"bindings":[{"id":"Value1","scope":"input","type":"float","value":1.0},{"id":"Value2","scope":"input","type":"float","value":1.0},{"id":"Result","scope":"output","type":"boolean","value":null}],"fns":{}}
]]></output>
          </test-case>
          <test-case id="1038" name="TestComparisonNodes&lt;Single&gt;(TestLogicNodes+ComparisonTestCase`1[System.Single])" fullname="TestLogicNodes.TestComparisonNodes&lt;Single&gt;(TestLogicNodes+ComparisonTestCase`1[System.Single])" methodname="TestComparisonNodes" classname="TestLogicNodes" runstate="Runnable" seed="1464690322" result="Passed" start-time="2025-07-10 22:34:28Z" end-time="2025-07-10 22:34:28Z" duration="0.009067" asserts="0">
            <properties>
              <property name="childIndex" value="7" />
              <property name="childIndex" value="7" />
            </properties>
            <output><![CDATA[{"version":"0.2.0","nodes":[{"id":"e","type":"Entry","inputs":[],"outputs":[{"id":"Exec","type":"exec","value":null}]},{"id":"Get_Value1","type":"Input","inputs":[{"id":"Input","type":"unknown","value":"Value1"}],"outputs":[{"id":"Value","type":"float","value":null}]},{"id":"Get_Value2","type":"Input","inputs":[{"id":"Input","type":"unknown","value":"Value2"}],"outputs":[{"id":"Value","type":"float","value":null}]},{"id":"Set_Result","type":"Set","inputs":[{"id":"Exec","type":"exec","value":null},{"id":"Input","type":"unknown","value":"Result"},{"id":"Value","type":"unknown","value":null}],"outputs":[{"id":"Exec","type":"exec","value":null}]},{"id":"NotEquals","type":"NotEquals","inputs":[{"id":"A","type":"float","value":0.0},{"id":"B","type":"float","value":0.0}],"outputs":[{"id":"Result","type":"boolean","value":null}]}],"connections":[{"source":"e","sourceKey":"Exec","target":"Set_Result","targetKey":"Exec"},{"source":"Get_Value1","sourceKey":"Value","target":"NotEquals","targetKey":"A"},{"source":"Get_Value2","sourceKey":"Value","target":"NotEquals","targetKey":"B"},{"source":"NotEquals","sourceKey":"Result","target":"Set_Result","targetKey":"Value"}],"bindings":[{"id":"Value1","scope":"input","type":"float","value":5.5},{"id":"Value2","scope":"input","type":"float","value":5.05},{"id":"Result","scope":"output","type":"boolean","value":null}],"fns":{}}
]]></output>
          </test-case>
          <test-case id="1039" name="TestComparisonNodes&lt;Int32&gt;(TestLogicNodes+ComparisonTestCase`1[System.Int32])" fullname="TestLogicNodes.TestComparisonNodes&lt;Int32&gt;(TestLogicNodes+ComparisonTestCase`1[System.Int32])" methodname="TestComparisonNodes" classname="TestLogicNodes" runstate="Runnable" seed="616069019" result="Passed" start-time="2025-07-10 22:34:28Z" end-time="2025-07-10 22:34:28Z" duration="0.009138" asserts="0">
            <properties>
              <property name="childIndex" value="9" />
              <property name="childIndex" value="9" />
            </properties>
            <output><![CDATA[{"version":"0.2.0","nodes":[{"id":"e","type":"Entry","inputs":[],"outputs":[{"id":"Exec","type":"exec","value":null}]},{"id":"Get_Value1","type":"Input","inputs":[{"id":"Input","type":"unknown","value":"Value1"}],"outputs":[{"id":"Value","type":"int","value":null}]},{"id":"Get_Value2","type":"Input","inputs":[{"id":"Input","type":"unknown","value":"Value2"}],"outputs":[{"id":"Value","type":"int","value":null}]},{"id":"Set_Result","type":"Set","inputs":[{"id":"Exec","type":"exec","value":null},{"id":"Input","type":"unknown","value":"Result"},{"id":"Value","type":"unknown","value":null}],"outputs":[{"id":"Exec","type":"exec","value":null}]},{"id":"LessThan","type":"LessThan","inputs":[{"id":"A","type":"int","value":0},{"id":"B","type":"int","value":0}],"outputs":[{"id":"Result","type":"boolean","value":null}]}],"connections":[{"source":"e","sourceKey":"Exec","target":"Set_Result","targetKey":"Exec"},{"source":"Get_Value1","sourceKey":"Value","target":"LessThan","targetKey":"A"},{"source":"Get_Value2","sourceKey":"Value","target":"LessThan","targetKey":"B"},{"source":"LessThan","sourceKey":"Result","target":"Set_Result","targetKey":"Value"}],"bindings":[{"id":"Value1","scope":"input","type":"int","value":10},{"id":"Value2","scope":"input","type":"int","value":5},{"id":"Result","scope":"output","type":"boolean","value":null}],"fns":{}}
]]></output>
          </test-case>
          <test-case id="1040" name="TestComparisonNodes&lt;Int32&gt;(TestLogicNodes+ComparisonTestCase`1[System.Int32])" fullname="TestLogicNodes.TestComparisonNodes&lt;Int32&gt;(TestLogicNodes+ComparisonTestCase`1[System.Int32])" methodname="TestComparisonNodes" classname="TestLogicNodes" runstate="Runnable" seed="1904226855" result="Passed" start-time="2025-07-10 22:34:28Z" end-time="2025-07-10 22:34:28Z" duration="0.008991" asserts="0">
            <properties>
              <property name="childIndex" value="10" />
              <property name="childIndex" value="10" />
            </properties>
            <output><![CDATA[{"version":"0.2.0","nodes":[{"id":"e","type":"Entry","inputs":[],"outputs":[{"id":"Exec","type":"exec","value":null}]},{"id":"Get_Value1","type":"Input","inputs":[{"id":"Input","type":"unknown","value":"Value1"}],"outputs":[{"id":"Value","type":"int","value":null}]},{"id":"Get_Value2","type":"Input","inputs":[{"id":"Input","type":"unknown","value":"Value2"}],"outputs":[{"id":"Value","type":"int","value":null}]},{"id":"Set_Result","type":"Set","inputs":[{"id":"Exec","type":"exec","value":null},{"id":"Input","type":"unknown","value":"Result"},{"id":"Value","type":"unknown","value":null}],"outputs":[{"id":"Exec","type":"exec","value":null}]},{"id":"LessThan","type":"LessThan","inputs":[{"id":"A","type":"int","value":0},{"id":"B","type":"int","value":0}],"outputs":[{"id":"Result","type":"boolean","value":null}]}],"connections":[{"source":"e","sourceKey":"Exec","target":"Set_Result","targetKey":"Exec"},{"source":"Get_Value1","sourceKey":"Value","target":"LessThan","targetKey":"A"},{"source":"Get_Value2","sourceKey":"Value","target":"LessThan","targetKey":"B"},{"source":"LessThan","sourceKey":"Result","target":"Set_Result","targetKey":"Value"}],"bindings":[{"id":"Value1","scope":"input","type":"int","value":5},{"id":"Value2","scope":"input","type":"int","value":10},{"id":"Result","scope":"output","type":"boolean","value":null}],"fns":{}}
]]></output>
          </test-case>
          <test-case id="1041" name="TestComparisonNodes&lt;Single&gt;(TestLogicNodes+ComparisonTestCase`1[System.Single])" fullname="TestLogicNodes.TestComparisonNodes&lt;Single&gt;(TestLogicNodes+ComparisonTestCase`1[System.Single])" methodname="TestComparisonNodes" classname="TestLogicNodes" runstate="Runnable" seed="1629511760" result="Passed" start-time="2025-07-10 22:34:28Z" end-time="2025-07-10 22:34:28Z" duration="0.009147" asserts="0">
            <properties>
              <property name="childIndex" value="8" />
              <property name="childIndex" value="8" />
            </properties>
            <output><![CDATA[{"version":"0.2.0","nodes":[{"id":"e","type":"Entry","inputs":[],"outputs":[{"id":"Exec","type":"exec","value":null}]},{"id":"Get_Value1","type":"Input","inputs":[{"id":"Input","type":"unknown","value":"Value1"}],"outputs":[{"id":"Value","type":"float","value":null}]},{"id":"Get_Value2","type":"Input","inputs":[{"id":"Input","type":"unknown","value":"Value2"}],"outputs":[{"id":"Value","type":"float","value":null}]},{"id":"Set_Result","type":"Set","inputs":[{"id":"Exec","type":"exec","value":null},{"id":"Input","type":"unknown","value":"Result"},{"id":"Value","type":"unknown","value":null}],"outputs":[{"id":"Exec","type":"exec","value":null}]},{"id":"LessThan","type":"LessThan","inputs":[{"id":"A","type":"float","value":0.0},{"id":"B","type":"float","value":0.0}],"outputs":[{"id":"Result","type":"boolean","value":null}]}],"connections":[{"source":"e","sourceKey":"Exec","target":"Set_Result","targetKey":"Exec"},{"source":"Get_Value1","sourceKey":"Value","target":"LessThan","targetKey":"A"},{"source":"Get_Value2","sourceKey":"Value","target":"LessThan","targetKey":"B"},{"source":"LessThan","sourceKey":"Result","target":"Set_Result","targetKey":"Value"}],"bindings":[{"id":"Value1","scope":"input","type":"float","value":1.75},{"id":"Value2","scope":"input","type":"float","value":1.25},{"id":"Result","scope":"output","type":"boolean","value":null}],"fns":{}}
]]></output>
          </test-case>
          <test-case id="1042" name="TestComparisonNodes&lt;Single&gt;(TestLogicNodes+ComparisonTestCase`1[System.Single])" fullname="TestLogicNodes.TestComparisonNodes&lt;Single&gt;(TestLogicNodes+ComparisonTestCase`1[System.Single])" methodname="TestComparisonNodes" classname="TestLogicNodes" runstate="Runnable" seed="586051415" result="Passed" start-time="2025-07-10 22:34:28Z" end-time="2025-07-10 22:34:28Z" duration="0.009074" asserts="0">
            <properties>
              <property name="childIndex" value="9" />
              <property name="childIndex" value="9" />
            </properties>
            <output><![CDATA[{"version":"0.2.0","nodes":[{"id":"e","type":"Entry","inputs":[],"outputs":[{"id":"Exec","type":"exec","value":null}]},{"id":"Get_Value1","type":"Input","inputs":[{"id":"Input","type":"unknown","value":"Value1"}],"outputs":[{"id":"Value","type":"float","value":null}]},{"id":"Get_Value2","type":"Input","inputs":[{"id":"Input","type":"unknown","value":"Value2"}],"outputs":[{"id":"Value","type":"float","value":null}]},{"id":"Set_Result","type":"Set","inputs":[{"id":"Exec","type":"exec","value":null},{"id":"Input","type":"unknown","value":"Result"},{"id":"Value","type":"unknown","value":null}],"outputs":[{"id":"Exec","type":"exec","value":null}]},{"id":"LessThan","type":"LessThan","inputs":[{"id":"A","type":"float","value":0.0},{"id":"B","type":"float","value":0.0}],"outputs":[{"id":"Result","type":"boolean","value":null}]}],"connections":[{"source":"e","sourceKey":"Exec","target":"Set_Result","targetKey":"Exec"},{"source":"Get_Value1","sourceKey":"Value","target":"LessThan","targetKey":"A"},{"source":"Get_Value2","sourceKey":"Value","target":"LessThan","targetKey":"B"},{"source":"LessThan","sourceKey":"Result","target":"Set_Result","targetKey":"Value"}],"bindings":[{"id":"Value1","scope":"input","type":"float","value":1.5},{"id":"Value2","scope":"input","type":"float","value":1.5},{"id":"Result","scope":"output","type":"boolean","value":null}],"fns":{}}
]]></output>
          </test-case>
          <test-case id="1043" name="TestComparisonNodes&lt;Int32&gt;(TestLogicNodes+ComparisonTestCase`1[System.Int32])" fullname="TestLogicNodes.TestComparisonNodes&lt;Int32&gt;(TestLogicNodes+ComparisonTestCase`1[System.Int32])" methodname="TestComparisonNodes" classname="TestLogicNodes" runstate="Runnable" seed="1960635283" result="Passed" start-time="2025-07-10 22:34:28Z" end-time="2025-07-10 22:34:28Z" duration="0.009214" asserts="0">
            <properties>
              <property name="childIndex" value="11" />
              <property name="childIndex" value="11" />
            </properties>
            <output><![CDATA[{"version":"0.2.0","nodes":[{"id":"e","type":"Entry","inputs":[],"outputs":[{"id":"Exec","type":"exec","value":null}]},{"id":"Get_Value1","type":"Input","inputs":[{"id":"Input","type":"unknown","value":"Value1"}],"outputs":[{"id":"Value","type":"int","value":null}]},{"id":"Get_Value2","type":"Input","inputs":[{"id":"Input","type":"unknown","value":"Value2"}],"outputs":[{"id":"Value","type":"int","value":null}]},{"id":"Set_Result","type":"Set","inputs":[{"id":"Exec","type":"exec","value":null},{"id":"Input","type":"unknown","value":"Result"},{"id":"Value","type":"unknown","value":null}],"outputs":[{"id":"Exec","type":"exec","value":null}]},{"id":"LessThanOrEquals","type":"LessThanOrEquals","inputs":[{"id":"A","type":"int","value":0},{"id":"B","type":"int","value":0}],"outputs":[{"id":"Result","type":"boolean","value":null}]}],"connections":[{"source":"e","sourceKey":"Exec","target":"Set_Result","targetKey":"Exec"},{"source":"Get_Value1","sourceKey":"Value","target":"LessThanOrEquals","targetKey":"A"},{"source":"Get_Value2","sourceKey":"Value","target":"LessThanOrEquals","targetKey":"B"},{"source":"LessThanOrEquals","sourceKey":"Result","target":"Set_Result","targetKey":"Value"}],"bindings":[{"id":"Value1","scope":"input","type":"int","value":10},{"id":"Value2","scope":"input","type":"int","value":10},{"id":"Result","scope":"output","type":"boolean","value":null}],"fns":{}}
]]></output>
          </test-case>
          <test-case id="1044" name="TestComparisonNodes&lt;Int32&gt;(TestLogicNodes+ComparisonTestCase`1[System.Int32])" fullname="TestLogicNodes.TestComparisonNodes&lt;Int32&gt;(TestLogicNodes+ComparisonTestCase`1[System.Int32])" methodname="TestComparisonNodes" classname="TestLogicNodes" runstate="Runnable" seed="45838204" result="Passed" start-time="2025-07-10 22:34:28Z" end-time="2025-07-10 22:34:28Z" duration="0.008995" asserts="0">
            <properties>
              <property name="childIndex" value="12" />
              <property name="childIndex" value="12" />
            </properties>
            <output><![CDATA[{"version":"0.2.0","nodes":[{"id":"e","type":"Entry","inputs":[],"outputs":[{"id":"Exec","type":"exec","value":null}]},{"id":"Get_Value1","type":"Input","inputs":[{"id":"Input","type":"unknown","value":"Value1"}],"outputs":[{"id":"Value","type":"int","value":null}]},{"id":"Get_Value2","type":"Input","inputs":[{"id":"Input","type":"unknown","value":"Value2"}],"outputs":[{"id":"Value","type":"int","value":null}]},{"id":"Set_Result","type":"Set","inputs":[{"id":"Exec","type":"exec","value":null},{"id":"Input","type":"unknown","value":"Result"},{"id":"Value","type":"unknown","value":null}],"outputs":[{"id":"Exec","type":"exec","value":null}]},{"id":"LessThanOrEquals","type":"LessThanOrEquals","inputs":[{"id":"A","type":"int","value":0},{"id":"B","type":"int","value":0}],"outputs":[{"id":"Result","type":"boolean","value":null}]}],"connections":[{"source":"e","sourceKey":"Exec","target":"Set_Result","targetKey":"Exec"},{"source":"Get_Value1","sourceKey":"Value","target":"LessThanOrEquals","targetKey":"A"},{"source":"Get_Value2","sourceKey":"Value","target":"LessThanOrEquals","targetKey":"B"},{"source":"LessThanOrEquals","sourceKey":"Result","target":"Set_Result","targetKey":"Value"}],"bindings":[{"id":"Value1","scope":"input","type":"int","value":20},{"id":"Value2","scope":"input","type":"int","value":10},{"id":"Result","scope":"output","type":"boolean","value":null}],"fns":{}}
]]></output>
          </test-case>
          <test-case id="1045" name="TestComparisonNodes&lt;Double&gt;(TestLogicNodes+ComparisonTestCase`1[System.Double])" fullname="TestLogicNodes.TestComparisonNodes&lt;Double&gt;(TestLogicNodes+ComparisonTestCase`1[System.Double])" methodname="TestComparisonNodes" classname="TestLogicNodes" runstate="Runnable" seed="1668499205" result="Passed" start-time="2025-07-10 22:34:28Z" end-time="2025-07-10 22:34:28Z" duration="0.009199" asserts="0">
            <properties>
              <property name="childIndex" value="2" />
              <property name="childIndex" value="2" />
            </properties>
[...]
          <properties>
            <property name="_JOINTYPE" value="UnityCombinatorial" />
          </properties>
          <output><![CDATA[{"version":"0.2.0","nodes":[{"id":"e","type":"Entry","inputs":[],"outputs":[{"id":"Exec","type":"exec","value":null}]},{"id":"Get_testString","type":"Input","inputs":[{"id":"Input","type":"unknown","value":"testString"}],"outputs":[{"id":"Value","type":"string","value":null}]},{"id":"Set_Result","type":"Set","inputs":[{"id":"Exec","type":"exec","value":null},{"id":"Input","type":"unknown","value":"Result"},{"id":"Value","type":"unknown","value":null}],"outputs":[{"id":"Exec","type":"exec","value":null}]},{"id":"Split","type":"Split","inputs":[{"id":"String","type":"string","value":""},{"id":"Separator","type":"string","value":"."}],"outputs":[{"id":"Array","type":"Array<string>","value":null}]}],"connections":[{"source":"e","sourceKey":"Exec","target":"Set_Result","targetKey":"Exec"},{"source":"Get_testString","sourceKey":"Value","target":"Split","targetKey":"String"},{"source":"Split","sourceKey":"Array","target":"Set_Result","targetKey":"Value"}],"bindings":[{"id":"testString","scope":"input","type":"string","value":"One,Two,Three"},{"id":"Result","scope":"output","type":"Array<string>","value":null}],"fns":{}}
]]></output>
        </test-case>
        <test-case id="1085" name="TestToLower" fullname="TestStringNodes.TestToLower" methodname="TestToLower" classname="TestStringNodes" runstate="Runnable" seed="1064226498" result="Passed" start-time="2025-07-10 22:34:29Z" end-time="2025-07-10 22:34:29Z" duration="0.009986" asserts="0">
          <properties>
            <property name="_JOINTYPE" value="UnityCombinatorial" />
          </properties>
          <output><![CDATA[{"version":"0.2.0","nodes":[{"id":"e","type":"Entry","inputs":[],"outputs":[{"id":"Exec","type":"exec","value":null}]},{"id":"Get_testString","type":"Input","inputs":[{"id":"Input","type":"unknown","value":"testString"}],"outputs":[{"id":"Value","type":"string","value":null}]},{"id":"Set_Result","type":"Set","inputs":[{"id":"Exec","type":"exec","value":null},{"id":"Input","type":"unknown","value":"Result"},{"id":"Value","type":"unknown","value":null}],"outputs":[{"id":"Exec","type":"exec","value":null}]},{"id":"ToLower","type":"ToLower","inputs":[{"id":"Input","type":"string","value":""}],"outputs":[{"id":"Output","type":"string","value":null}]}],"connections":[{"source":"e","sourceKey":"Exec","target":"Set_Result","targetKey":"Exec"},{"source":"Get_testString","sourceKey":"Value","target":"ToLower","targetKey":"Input"},{"source":"ToLower","sourceKey":"Output","target":"Set_Result","targetKey":"Value"}],"bindings":[{"id":"testString","scope":"input","type":"string","value":"HELLO, WORLD!"},{"id":"Result","scope":"output","type":"string","value":null}],"fns":{}}
]]></output>
        </test-case>
        <test-suite type="GenericMethod" id="1092" name="TestToString" fullname="TestStringNodes.TestToString" classname="TestStringNodes" runstate="Runnable" testcasecount="5" result="Passed" start-time="2025-07-10 22:34:29Z" end-time="2025-07-10 22:34:29Z" duration="0.052676" total="5" passed="5" failed="0" inconclusive="0" skipped="0" asserts="0">
          <properties>
            <property name="_JOINTYPE" value="UnityCombinatorial" />
          </properties>
          <test-case id="1087" name="TestToString&lt;Int32&gt;(TestStringNodes+ToStringTestCase`1[[System.Int32, mscorlib, Version=4.0.0.0, Culture=neutral, PublicKeyToken=b77a5c561934e089]])" fullname="TestStringNodes.TestToString&lt;Int32&gt;(TestStringNodes+ToStringTestCase`1[[System.Int32, mscorlib, Version=4.0.0.0, Culture=neutral, PublicKeyToken=b77a5c561934e089]])" methodname="TestToString" classname="TestStringNodes" runstate="Runnable" seed="631305725" result="Passed" start-time="2025-07-10 22:34:29Z" end-time="2025-07-10 22:34:29Z" duration="0.010191" asserts="0">
            <properties />
            <output><![CDATA[{"version":"0.2.0","nodes":[{"id":"e","type":"Entry","inputs":[],"outputs":[{"id":"Exec","type":"exec","value":null}]},{"id":"Get_value","type":"Input","inputs":[{"id":"Input","type":"unknown","value":"value"}],"outputs":[{"id":"Value","type":"int","value":null}]},{"id":"Set_Result","type":"Set","inputs":[{"id":"Exec","type":"exec","value":null},{"id":"Input","type":"unknown","value":"Result"},{"id":"Value","type":"unknown","value":null}],"outputs":[{"id":"Exec","type":"exec","value":null}]},{"id":"ToString","type":"ToString","inputs":[{"id":"Value","type":"int","value":0}],"outputs":[{"id":"String","type":"string","value":null}]}],"connections":[{"source":"e","sourceKey":"Exec","target":"Set_Result","targetKey":"Exec"},{"source":"Get_value","sourceKey":"Value","target":"ToString","targetKey":"Value"},{"source":"ToString","sourceKey":"String","target":"Set_Result","targetKey":"Value"}],"bindings":[{"id":"value","scope":"input","type":"int","value":3},{"id":"Result","scope":"output","type":"string","value":null}],"fns":{}}
]]></output>
          </test-case>
          <test-case id="1088" name="TestToString&lt;Single&gt;(TestStringNodes+ToStringTestCase`1[[System.Single, mscorlib, Version=4.0.0.0, Culture=neutral, PublicKeyToken=b77a5c561934e089]])" fullname="TestStringNodes.TestToString&lt;Single&gt;(TestStringNodes+ToStringTestCase`1[[System.Single, mscorlib, Version=4.0.0.0, Culture=neutral, PublicKeyToken=b77a5c561934e089]])" methodname="TestToString" classname="TestStringNodes" runstate="Runnable" seed="1835427974" result="Passed" start-time="2025-07-10 22:34:29Z" end-time="2025-07-10 22:34:29Z" duration="0.010556" asserts="0">
            <properties />
            <output><![CDATA[{"version":"0.2.0","nodes":[{"id":"e","type":"Entry","inputs":[],"outputs":[{"id":"Exec","type":"exec","value":null}]},{"id":"Get_value","type":"Input","inputs":[{"id":"Input","type":"unknown","value":"value"}],"outputs":[{"id":"Value","type":"float","value":null}]},{"id":"Set_Result","type":"Set","inputs":[{"id":"Exec","type":"exec","value":null},{"id":"Input","type":"unknown","value":"Result"},{"id":"Value","type":"unknown","value":null}],"outputs":[{"id":"Exec","type":"exec","value":null}]},{"id":"ToString","type":"ToString","inputs":[{"id":"Value","type":"float","value":0.0}],"outputs":[{"id":"String","type":"string","value":null}]}],"connections":[{"source":"e","sourceKey":"Exec","target":"Set_Result","targetKey":"Exec"},{"source":"Get_value","sourceKey":"Value","target":"ToString","targetKey":"Value"},{"source":"ToString","sourceKey":"String","target":"Set_Result","targetKey":"Value"}],"bindings":[{"id":"value","scope":"input","type":"float","value":3.3},{"id":"Result","scope":"output","type":"string","value":null}],"fns":{}}
]]></output>
          </test-case>
          <test-case id="1089" name="TestToString&lt;Boolean&gt;(TestStringNodes+ToStringTestCase`1[[System.Boolean, mscorlib, Version=4.0.0.0, Culture=neutral, PublicKeyToken=b77a5c561934e089]])" fullname="TestStringNodes.TestToString&lt;Boolean&gt;(TestStringNodes+ToStringTestCase`1[[System.Boolean, mscorlib, Version=4.0.0.0, Culture=neutral, PublicKeyToken=b77a5c561934e089]])" methodname="TestToString" classname="TestStringNodes" runstate="Runnable" seed="1096593969" result="Passed" start-time="2025-07-10 22:34:29Z" end-time="2025-07-10 22:34:29Z" duration="0.010296" asserts="0">
            <properties />
            <output><![CDATA[{"version":"0.2.0","nodes":[{"id":"e","type":"Entry","inputs":[],"outputs":[{"id":"Exec","type":"exec","value":null}]},{"id":"Get_value","type":"Input","inputs":[{"id":"Input","type":"unknown","value":"value"}],"outputs":[{"id":"Value","type":"boolean","value":null}]},{"id":"Set_Result","type":"Set","inputs":[{"id":"Exec","type":"exec","value":null},{"id":"Input","type":"unknown","value":"Result"},{"id":"Value","type":"unknown","value":null}],"outputs":[{"id":"Exec","type":"exec","value":null}]},{"id":"ToString","type":"ToString","inputs":[{"id":"Value","type":"boolean","value":false}],"outputs":[{"id":"String","type":"string","value":null}]}],"connections":[{"source":"e","sourceKey":"Exec","target":"Set_Result","targetKey":"Exec"},{"source":"Get_value","sourceKey":"Value","target":"ToString","targetKey":"Value"},{"source":"ToString","sourceKey":"String","target":"Set_Result","targetKey":"Value"}],"bindings":[{"id":"value","scope":"input","type":"boolean","value":false},{"id":"Result","scope":"output","type":"string","value":null}],"fns":{}}
]]></output>
          </test-case>
          <test-case id="1090" name="TestToString&lt;List`1&gt;(TestStringNodes+ToStringTestCase`1[[System.Collections.Generic.List`1[[System.Int32, mscorlib, Version=4.0.0.0, Culture=neutral, PublicKeyToken=b77a5c561934e089]], mscorlib, Version=4.0.0.0, Culture=neutral, PublicKeyToken=b77a5c561934e089]])" fullname="TestStringNodes.TestToString&lt;List`1&gt;(TestStringNodes+ToStringTestCase`1[[System.Collections.Generic.List`1[[System.Int32, mscorlib, Version=4.0.0.0, Culture=neutral, PublicKeyToken=b77a5c561934e089]], mscorlib, Version=4.0.0.0, Culture=neutral, PublicKeyToken=b77a5c561934e089]])" methodname="TestToString" classname="TestStringNodes" runstate="Runnable" seed="62587610" result="Passed" start-time="2025-07-10 22:34:29Z" end-time="2025-07-10 22:34:29Z" duration="0.010469" asserts="0">
            <properties />
            <output><![CDATA[{"version":"0.2.0","nodes":[{"id":"e","type":"Entry","inputs":[],"outputs":[{"id":"Exec","type":"exec","value":null}]},{"id":"Get_value","type":"Input","inputs":[{"id":"Input","type":"unknown","value":"value"}],"outputs":[{"id":"Value","type":"Array<int>","value":null}]},{"id":"Set_Result","type":"Set","inputs":[{"id":"Exec","type":"exec","value":null},{"id":"Input","type":"unknown","value":"Result"},{"id":"Value","type":"unknown","value":null}],"outputs":[{"id":"Exec","type":"exec","value":null}]},{"id":"ToString","type":"ToString","inputs":[{"id":"Value","type":"Array<int>","value":null}],"outputs":[{"id":"String","type":"string","value":null}]}],"connections":[{"source":"e","sourceKey":"Exec","target":"Set_Result","targetKey":"Exec"},{"source":"Get_value","sourceKey":"Value","target":"ToString","targetKey":"Value"},{"source":"ToString","sourceKey":"String","target":"Set_Result","targetKey":"Value"}],"bindings":[{"id":"value","scope":"input","type":"Array<int>","value":[1,2,3]},{"id":"Result","scope":"output","type":"string","value":null}],"fns":{}}
]]></output>
          </test-case>
          <test-case id="1091" name="TestToString&lt;Material&gt;(TestStringNodes+ToStringTestCase`1[[UnityEngine.Material, UnityEngine.CoreModule, Version=0.0.0.0, Culture=neutral, PublicKeyToken=null]])" fullname="TestStringNodes.TestToString&lt;Material&gt;(TestStringNodes+ToStringTestCase`1[[UnityEngine.Material, UnityEngine.CoreModule, Version=0.0.0.0, Culture=neutral, PublicKeyToken=null]])" methodname="TestToString" classname="TestStringNodes" runstate="Runnable" seed="1938647650" result="Passed" start-time="2025-07-10 22:34:29Z" end-time="2025-07-10 22:34:29Z" duration="0.009407" asserts="0">
            <properties />
            <output><![CDATA[{"version":"0.2.0","nodes":[{"id":"e","type":"Entry","inputs":[],"outputs":[{"id":"Exec","type":"exec","value":null}]},{"id":"Get_value","type":"Input","inputs":[{"id":"Input","type":"unknown","value":"value"}],"outputs":[{"id":"Value","type":"Material","value":null}]},{"id":"Set_Result","type":"Set","inputs":[{"id":"Exec","type":"exec","value":null},{"id":"Input","type":"unknown","value":"Result"},{"id":"Value","type":"unknown","value":null}],"outputs":[{"id":"Exec","type":"exec","value":null}]},{"id":"ToString","type":"ToString","inputs":[{"id":"Value","type":"Material","value":null}],"outputs":[{"id":"String","type":"string","value":null}]}],"connections":[{"source":"e","sourceKey":"Exec","target":"Set_Result","targetKey":"Exec"},{"source":"Get_value","sourceKey":"Value","target":"ToString","targetKey":"Value"},{"source":"ToString","sourceKey":"String","target":"Set_Result","targetKey":"Value"}],"bindings":[{"id":"value","scope":"input","type":"Material","value":null},{"id":"Result","scope":"output","type":"string","value":null}],"fns":{}}
]]></output>
          </test-case>
        </test-suite>
        <test-case id="1093" name="TestToStringForeign" fullname="TestStringNodes.TestToStringForeign" methodname="TestToStringForeign" classname="TestStringNodes" runstate="Runnable" seed="1784563687" result="Passed" start-time="2025-07-10 22:34:29Z" end-time="2025-07-10 22:34:29Z" duration="0.010805" asserts="0">
          <properties>
            <property name="_JOINTYPE" value="UnityCombinatorial" />
          </properties>
          <output><![CDATA[{"version":"0.2.0","nodes":[{"id":"e","type":"Entry","inputs":[],"outputs":[{"id":"Exec","type":"exec","value":null}]},{"id":"Set_Result","type":"Set","inputs":[{"id":"Exec","type":"exec","value":null},{"id":"Input","type":"unknown","value":"Result"},{"id":"Value","type":"unknown","value":null}],"outputs":[{"id":"Exec","type":"exec","value":null}]},{"id":"CreateSceneNode","type":"CreateSceneNode","inputs":[{"id":"Exec","type":"exec","value":null},{"id":"Name","type":"string","value":"Parent"},{"id":"Parent","type":"SceneNode","value":null}],"outputs":[{"id":"Exec","type":"exec","value":null},{"id":"Node","type":"SceneNode","value":null}]},{"id":"ToString","type":"ToString","inputs":[{"id":"Value","type":"SceneNode","value":null}],"outputs":[{"id":"String","type":"string","value":null}]}],"connections":[{"source":"e","sourceKey":"Exec","target":"CreateSceneNode","targetKey":"Exec"},{"source":"CreateSceneNode","sourceKey":"Exec","target":"Set_Result","targetKey":"Exec"},{"source":"CreateSceneNode","sourceKey":"Node","target":"ToString","targetKey":"Value"},{"source":"ToString","sourceKey":"String","target":"Set_Result","targetKey":"Value"},{"source":"ToString","sourceKey":"String","target":"Set_Result","targetKey":"Value"}],"bindings":[{"id":"Result","scope":"output","type":"string","value":null}],"fns":{}}
]]></output>
        </test-case>
        <test-case id="1086" name="TestToUpper" fullname="TestStringNodes.TestToUpper" methodname="TestToUpper" classname="TestStringNodes" runstate="Runnable" seed="1647532718" result="Passed" start-time="2025-07-10 22:34:29Z" end-time="2025-07-10 22:34:29Z" duration="0.010136" asserts="0">
          <properties>
            <property name="_JOINTYPE" value="UnityCombinatorial" />
          </properties>
          <output><![CDATA[{"version":"0.2.0","nodes":[{"id":"e","type":"Entry","inputs":[],"outputs":[{"id":"Exec","type":"exec","value":null}]},{"id":"Get_testString","type":"Input","inputs":[{"id":"Input","type":"unknown","value":"testString"}],"outputs":[{"id":"Value","type":"string","value":null}]},{"id":"Set_Result","type":"Set","inputs":[{"id":"Exec","type":"exec","value":null},{"id":"Input","type":"unknown","value":"Result"},{"id":"Value","type":"unknown","value":null}],"outputs":[{"id":"Exec","type":"exec","value":null}]},{"id":"ToUpper","type":"ToUpper","inputs":[{"id":"Input","type":"string","value":""}],"outputs":[{"id":"Output","type":"string","value":null}]}],"connections":[{"source":"e","sourceKey":"Exec","target":"Set_Result","targetKey":"Exec"},{"source":"Get_testString","sourceKey":"Value","target":"ToUpper","targetKey":"Input"},{"source":"ToUpper","sourceKey":"Output","target":"Set_Result","targetKey":"Value"}],"bindings":[{"id":"testString","scope":"input","type":"string","value":"Hello, World!"},{"id":"Result","scope":"output","type":"string","value":null}],"fns":{}}
]]></output>
        </test-case>
      </test-suite>
    </test-suite>
    <test-suite type="Assembly" id="1105" name="com.futureverse.ubf.tests.general.dll" fullname="/github/workspace/Library/ScriptAssemblies/com.futureverse.ubf.tests.general.dll" runstate="Runnable" testcasecount="8" result="Passed" start-time="2025-07-10 22:34:29Z" end-time="2025-07-10 22:34:30Z" duration="0.068818" total="8" passed="8" failed="0" inconclusive="0" skipped="0" asserts="0">
      <properties>
        <property name="_PID" value="1225" />
        <property name="_APPDOMAIN" value="Unity Child Domain" />
        <property name="platform" value="PlayMode" />
      </properties>
      <test-suite type="TestFixture" id="1095" name="TestDynamics" fullname="TestDynamics" classname="TestDynamics" runstate="Runnable" testcasecount="6" result="Passed" start-time="2025-07-10 22:34:29Z" end-time="2025-07-10 22:34:29Z" duration="0.050012" total="6" passed="6" failed="0" inconclusive="0" skipped="0" asserts="0">
        <properties />
        <test-case id="1100" name="DynamicArray" fullname="TestDynamics.DynamicArray" methodname="DynamicArray" classname="TestDynamics" runstate="Runnable" seed="1613058775" result="Passed" start-time="2025-07-10 22:34:29Z" end-time="2025-07-10 22:34:29Z" duration="0.009148" asserts="0">
          <properties />
        </test-case>
        <test-case id="1099" name="DynamicBool" fullname="TestDynamics.DynamicBool" methodname="DynamicBool" classname="TestDynamics" runstate="Runnable" seed="1834767896" result="Passed" start-time="2025-07-10 22:34:29Z" end-time="2025-07-10 22:34:29Z" duration="0.008280" asserts="0">
          <properties />
        </test-case>
        <test-case id="1101" name="DynamicDictionary" fullname="TestDynamics.DynamicDictionary" methodname="DynamicDictionary" classname="TestDynamics" runstate="Runnable" seed="982972883" result="Passed" start-time="2025-07-10 22:34:29Z" end-time="2025-07-10 22:34:29Z" duration="0.007948" asserts="0">
          <properties />
        </test-case>
        <test-case id="1097" name="DynamicFloat" fullname="TestDynamics.DynamicFloat" methodname="DynamicFloat" classname="TestDynamics" runstate="Runnable" seed="2123862182" result="Passed" start-time="2025-07-10 22:34:29Z" end-time="2025-07-10 22:34:29Z" duration="0.007349" asserts="0">
          <properties />
        </test-case>
        <test-case id="1098" name="DynamicInt" fullname="TestDynamics.DynamicInt" methodname="DynamicInt" classname="TestDynamics" runstate="Runnable" seed="1881090202" result="Passed" start-time="2025-07-10 22:34:29Z" end-time="2025-07-10 22:34:29Z" duration="0.007424" asserts="0">
          <properties />
        </test-case>
        <test-case id="1096" name="DynamicString" fullname="TestDynamics.DynamicString" methodname="DynamicString" classname="TestDynamics" runstate="Runnable" seed="1226682652" result="Passed" start-time="2025-07-10 22:34:29Z" end-time="2025-07-10 22:34:29Z" duration="0.007497" asserts="0">
          <properties />
        </test-case>
      </test-suite>
      <test-suite type="TestFixture" id="1102" name="TestGraphs" fullname="TestGraphs" classname="TestGraphs" runstate="Runnable" testcasecount="2" result="Passed" start-time="2025-07-10 22:34:29Z" end-time="2025-07-10 22:34:30Z" duration="0.018002" total="2" passed="2" failed="0" inconclusive="0" skipped="0" asserts="0">
        <properties />
        <test-case id="1103" name="LoadEmptyGraph" fullname="TestGraphs.LoadEmptyGraph" methodname="LoadEmptyGraph" classname="TestGraphs" runstate="Runnable" seed="1498164876" result="Passed" start-time="2025-07-10 22:34:29Z" end-time="2025-07-10 22:34:29Z" duration="0.008260" asserts="0">
          <properties />
          <output><![CDATA[[UBF][DLL] Failed to load graph: EOF while parsing a value at line 1 column 0
]]></output>
        </test-case>
        <test-case id="1104" name="LoadUnsupportedGraph" fullname="TestGraphs.LoadUnsupportedGraph" methodname="LoadUnsupportedGraph" classname="TestGraphs" runstate="Runnable" seed="1189812013" result="Passed" start-time="2025-07-10 22:34:29Z" end-time="2025-07-10 22:34:30Z" duration="0.008482" asserts="0">
          <properties />
          <output><![CDATA[[UBF] Cannot load blueprint with unsupported standard version (0.0.0)
]]></output>
        </test-case>
      </test-suite>
    </test-suite>
  </test-suite>
</test-run>